# JRE version: Java(TM) SE Runtime Environment (8.0_65-b17) (build 1.8.0_65-b17)
# Java VM: Java HotSpot(TM) 64-Bit Server VM (25.65-b01 mixed mode windows-amd64 compressed oops)
Heap:
 PSYoungGen      total 545792K, used 4701K [0x00000000d5e00000, 0x00000000f8100000, 0x0000000100000000)
  eden space 532480K, 0% used [0x00000000d5e00000,0x00000000d6297678,0x00000000f6600000)
  from space 13312K, 0% used [0x00000000f7400000,0x00000000f7400000,0x00000000f8100000)
  to   space 13824K, 0% used [0x00000000f6600000,0x00000000f6600000,0x00000000f7380000)
 ParOldGen       total 99840K, used 51185K [0x0000000081a00000, 0x0000000087b80000, 0x00000000d5e00000)
  object space 99840K, 51% used [0x0000000081a00000,0x0000000084bfc498,0x0000000087b80000)
 Metaspace       used 68818K, capacity 74008K, committed 74072K, reserved 1114112K
  class space    used 8767K, capacity 9851K, committed 9856K, reserved 1048576K
GC Heap History (10 events):
Event: 925.237 GC heap before
{Heap before GC invocations=50 (full 18):
 PSYoungGen      total 546816K, used 8063K [0x00000000d5e00000, 0x00000000f8300000, 0x0000000100000000)
  eden space 532480K, 0% used [0x00000000d5e00000,0x00000000d5e00000,0x00000000f6600000)
  from space 14336K, 56% used [0x00000000f7500000,0x00000000f7cdfdc0,0x00000000f8300000)
  to   space 14848K, 0% used [0x00000000f6600000,0x00000000f6600000,0x00000000f7480000)
 ParOldGen       total 99840K, used 48589K [0x0000000081a00000, 0x0000000087b80000, 0x00000000d5e00000)
  object space 99840K, 48% used [0x0000000081a00000,0x0000000084973760,0x0000000087b80000)
 Metaspace       used 67307K, capacity 72286K, committed 72408K, reserved 1112064K
  class space    used 8614K, capacity 9642K, committed 9728K, reserved 1048576K
Event: 926.806 GC heap after
Heap after GC invocations=50 (full 18):
 PSYoungGen      total 546816K, used 0K [0x00000000d5e00000, 0x00000000f8300000, 0x0000000100000000)
  eden space 532480K, 0% used [0x00000000d5e00000,0x00000000d5e00000,0x00000000f6600000)
  from space 14336K, 0% used [0x00000000f7500000,0x00000000f7500000,0x00000000f8300000)
  to   space 14848K, 0% used [0x00000000f6600000,0x00000000f6600000,0x00000000f7480000)
 ParOldGen       total 99840K, used 49771K [0x0000000081a00000, 0x0000000087b80000, 0x00000000d5e00000)
  object space 99840K, 49% used [0x0000000081a00000,0x0000000084a9aeb0,0x0000000087b80000)
 Metaspace       used 67301K, capacity 72274K, committed 72408K, reserved 1112064K
  class space    used 8613K, capacity 9639K, committed 9728K, reserved 1048576K
}
Event: 945.992 GC heap before
{Heap before GC invocations=51 (full 18):
 PSYoungGen      total 546816K, used 464047K [0x00000000d5e00000, 0x00000000f8300000, 0x0000000100000000)
  eden space 532480K, 87% used [0x00000000d5e00000,0x00000000f232be20,0x00000000f6600000)
  from space 14336K, 0% used [0x00000000f7500000,0x00000000f7500000,0x00000000f8300000)
  to   space 14848K, 0% used [0x00000000f6600000,0x00000000f6600000,0x00000000f7480000)
 ParOldGen       total 99840K, used 49771K [0x0000000081a00000, 0x0000000087b80000, 0x00000000d5e00000)
  object space 99840K, 49% used [0x0000000081a00000,0x0000000084a9aeb0,0x0000000087b80000)
 Metaspace       used 68073K, capacity 73180K, committed 73304K, reserved 1112064K
  class space    used 8691K, capacity 9747K, committed 9856K, reserved 1048576K
Event: 946.068 GC heap after
Heap after GC invocations=51 (full 18):
 PSYoungGen      total 540160K, used 7471K [0x00000000d5e00000, 0x00000000f8200000, 0x0000000100000000)
  eden space 532480K, 0% used [0x00000000d5e00000,0x00000000d5e00000,0x00000000f6600000)
  from space 7680K, 97% used [0x00000000f6600000,0x00000000f6d4bdd0,0x00000000f6d80000)
  to   space 14336K, 0% used [0x00000000f7400000,0x00000000f7400000,0x00000000f8200000)
 ParOldGen       total 99840K, used 49779K [0x0000000081a00000, 0x0000000087b80000, 0x00000000d5e00000)
  object space 99840K, 49% used [0x0000000081a00000,0x0000000084a9ceb0,0x0000000087b80000)
 Metaspace       used 68073K, capacity 73180K, committed 73304K, reserved 1112064K
  class space    used 8691K, capacity 9747K, committed 9856K, reserved 1048576K
}
Event: 946.068 GC heap before
{Heap before GC invocations=52 (full 19):
 PSYoungGen      total 540160K, used 7471K [0x00000000d5e00000, 0x00000000f8200000, 0x0000000100000000)
  eden space 532480K, 0% used [0x00000000d5e00000,0x00000000d5e00000,0x00000000f6600000)
  from space 7680K, 97% used [0x00000000f6600000,0x00000000f6d4bdd0,0x00000000f6d80000)
  to   space 14336K, 0% used [0x00000000f7400000,0x00000000f7400000,0x00000000f8200000)
 ParOldGen       total 99840K, used 49779K [0x0000000081a00000, 0x0000000087b80000, 0x00000000d5e00000)
  object space 99840K, 49% used [0x0000000081a00000,0x0000000084a9ceb0,0x0000000087b80000)
 Metaspace       used 68073K, capacity 73180K, committed 73304K, reserved 1112064K
  class space    used 8691K, capacity 9747K, committed 9856K, reserved 1048576K
Event: 946.708 GC heap after
Heap after GC invocations=52 (full 19):
 PSYoungGen      total 540160K, used 0K [0x00000000d5e00000, 0x00000000f8200000, 0x0000000100000000)
  eden space 532480K, 0% used [0x00000000d5e00000,0x00000000d5e00000,0x00000000f6600000)
  from space 7680K, 0% used [0x00000000f6600000,0x00000000f6600000,0x00000000f6d80000)
  to   space 14336K, 0% used [0x00000000f7400000,0x00000000f7400000,0x00000000f8200000)
 ParOldGen       total 99840K, used 50478K [0x0000000081a00000, 0x0000000087b80000, 0x00000000d5e00000)
  object space 99840K, 50% used [0x0000000081a00000,0x0000000084b4bb90,0x0000000087b80000)
 Metaspace       used 68066K, capacity 73168K, committed 73304K, reserved 1112064K
  class space    used 8690K, capacity 9744K, committed 9856K, reserved 1048576K
}
Event: 962.295 GC heap before
{Heap before GC invocations=53 (full 19):
 PSYoungGen      total 540160K, used 460039K [0x00000000d5e00000, 0x00000000f8200000, 0x0000000100000000)
  eden space 532480K, 86% used [0x00000000d5e00000,0x00000000f1f41de8,0x00000000f6600000)
  from space 7680K, 0% used [0x00000000f6600000,0x00000000f6600000,0x00000000f6d80000)
  to   space 14336K, 0% used [0x00000000f7400000,0x00000000f7400000,0x00000000f8200000)
 ParOldGen       total 99840K, used 50478K [0x0000000081a00000, 0x0000000087b80000, 0x00000000d5e00000)
  object space 99840K, 50% used [0x0000000081a00000,0x0000000084b4bb90,0x0000000087b80000)
 Metaspace       used 68818K, capacity 74010K, committed 74072K, reserved 1114112K
  class space    used 8768K, capacity 9852K, committed 9856K, reserved 1048576K
Event: 962.397 GC heap after
Heap after GC invocations=53 (full 19):
 PSYoungGen      total 545792K, used 7482K [0x00000000d5e00000, 0x00000000f8100000, 0x0000000100000000)
  eden space 532480K, 0% used [0x00000000d5e00000,0x00000000d5e00000,0x00000000f6600000)
  from space 13312K, 56% used [0x00000000f7400000,0x00000000f7b4e8d8,0x00000000f8100000)
  to   space 13824K, 0% used [0x00000000f6600000,0x00000000f6600000,0x00000000f7380000)
 ParOldGen       total 99840K, used 50486K [0x0000000081a00000, 0x0000000087b80000, 0x00000000d5e00000)
  object space 99840K, 50% used [0x0000000081a00000,0x0000000084b4db90,0x0000000087b80000)
 Metaspace       used 68818K, capacity 74010K, committed 74072K, reserved 1114112K
  class space    used 8768K, capacity 9852K, committed 9856K, reserved 1048576K
}
Event: 962.398 GC heap before
{Heap before GC invocations=54 (full 20):
 PSYoungGen      total 545792K, used 7482K [0x00000000d5e00000, 0x00000000f8100000, 0x0000000100000000)
  eden space 532480K, 0% used [0x00000000d5e00000,0x00000000d5e00000,0x00000000f6600000)
  from space 13312K, 56% used [0x00000000f7400000,0x00000000f7b4e8d8,0x00000000f8100000)
  to   space 13824K, 0% used [0x00000000f6600000,0x00000000f6600000,0x00000000f7380000)
 ParOldGen       total 99840K, used 50486K [0x0000000081a00000, 0x0000000087b80000, 0x00000000d5e00000)
  object space 99840K, 50% used [0x0000000081a00000,0x0000000084b4db90,0x0000000087b80000)
 Metaspace       used 68818K, capacity 74010K, committed 74072K, reserved 1114112K
  class space    used 8768K, capacity 9852K, committed 9856K, reserved 1048576K
Event: 962.966 GC heap after
Heap after GC invocations=54 (full 20):
 PSYoungGen      total 545792K, used 0K [0x00000000d5e00000, 0x00000000f8100000, 0x0000000100000000)
  eden space 532480K, 0% used [0x00000000d5e00000,0x00000000d5e00000,0x00000000f6600000)
  from space 13312K, 0% used [0x00000000f7400000,0x00000000f7400000,0x00000000f8100000)
  to   space 13824K, 0% used [0x00000000f6600000,0x00000000f6600000,0x00000000f7380000)
 ParOldGen       total 99840K, used 51185K [0x0000000081a00000, 0x0000000087b80000, 0x00000000d5e00000)
  object space 99840K, 51% used [0x0000000081a00000,0x0000000084bfc498,0x0000000087b80000)
 Metaspace       used 68811K, capacity 73998K, committed 74072K, reserved 1114112K
  class space    used 8767K, capacity 9849K, committed 9856K, reserved 1048576K
}

