# JRE version: Java(TM) SE Runtime Environment (8.0_131-b11) (build 1.8.0_131-b11)
# Java VM: Java HotSpot(TM) 64-Bit Server VM (25.131-b11 mixed mode windows-amd64 compressed oops)
Heap:
 PSYoungGen      total 495104K, used 1661K [0x000000076af00000, 0x000000078bb00000, 0x00000007c0000000)
  eden space 487424K, 0% used [0x000000076af00000,0x000000076b09f4c0,0x0000000788b00000)
  from space 7680K, 0% used [0x0000000788b00000,0x0000000788b00000,0x0000000789280000)
  to   space 24576K, 0% used [0x000000078a300000,0x000000078a300000,0x000000078bb00000)
 ParOldGen       total 173568K, used 42559K [0x00000006c0c00000, 0x00000006cb580000, 0x000000076af00000)
  object space 173568K, 24% used [0x00000006c0c00000,0x00000006c358fd40,0x00000006cb580000)
 Metaspace       used 59913K, capacity 62302K, committed 62592K, reserved 1103872K
  class space    used 7726K, capacity 8235K, committed 8320K, reserved 1048576K
GC Heap History (10 events):
Event: 201.746 GC heap before
{Heap before GC invocations=22 (full 7):
 PSYoungGen      total 495616K, used 7834K [0x000000076af00000, 0x000000078bd00000, 0x00000007c0000000)
  eden space 487424K, 0% used [0x000000076af00000,0x000000076af00000,0x0000000788b00000)
  from space 8192K, 95% used [0x0000000788b00000,0x00000007892a68d8,0x0000000789300000)
  to   space 25600K, 0% used [0x000000078a400000,0x000000078a400000,0x000000078bd00000)
 ParOldGen       total 173568K, used 42737K [0x00000006c0c00000, 0x00000006cb580000, 0x000000076af00000)
  object space 173568K, 24% used [0x00000006c0c00000,0x00000006c35bc768,0x00000006cb580000)
 Metaspace       used 58090K, capacity 60084K, committed 60288K, reserved 1101824K
  class space    used 7534K, capacity 7965K, committed 8064K, reserved 1048576K
Event: 201.933 GC heap after
Heap after GC invocations=22 (full 7):
 PSYoungGen      total 495616K, used 0K [0x000000076af00000, 0x000000078bd00000, 0x00000007c0000000)
  eden space 487424K, 0% used [0x000000076af00000,0x000000076af00000,0x0000000788b00000)
  from space 8192K, 0% used [0x0000000788b00000,0x0000000788b00000,0x0000000789300000)
  to   space 25600K, 0% used [0x000000078a400000,0x000000078a400000,0x000000078bd00000)
 ParOldGen       total 173568K, used 40903K [0x00000006c0c00000, 0x00000006cb580000, 0x000000076af00000)
  object space 173568K, 23% used [0x00000006c0c00000,0x00000006c33f1f00,0x00000006cb580000)
 Metaspace       used 58084K, capacity 60072K, committed 60288K, reserved 1101824K
  class space    used 7533K, capacity 7962K, committed 8064K, reserved 1048576K
}
Event: 215.826 GC heap before
{Heap before GC invocations=23 (full 7):
 PSYoungGen      total 495616K, used 431443K [0x000000076af00000, 0x000000078bd00000, 0x00000007c0000000)
  eden space 487424K, 88% used [0x000000076af00000,0x0000000785454e78,0x0000000788b00000)
  from space 8192K, 0% used [0x0000000788b00000,0x0000000788b00000,0x0000000789300000)
  to   space 25600K, 0% used [0x000000078a400000,0x000000078a400000,0x000000078bd00000)
 ParOldGen       total 173568K, used 40903K [0x00000006c0c00000, 0x00000006cb580000, 0x000000076af00000)
  object space 173568K, 23% used [0x00000006c0c00000,0x00000006c33f1f00,0x00000006cb580000)
 Metaspace       used 59084K, capacity 61366K, committed 61440K, reserved 1101824K
  class space    used 7642K, capacity 8124K, committed 8192K, reserved 1048576K
Event: 215.832 GC heap after
Heap after GC invocations=23 (full 7):
 PSYoungGen      total 512000K, used 7754K [0x000000076af00000, 0x000000078bc00000, 0x00000007c0000000)
  eden space 487424K, 0% used [0x000000076af00000,0x000000076af00000,0x0000000788b00000)
  from space 24576K, 31% used [0x000000078a400000,0x000000078ab928e8,0x000000078bc00000)
  to   space 25088K, 0% used [0x0000000788b00000,0x0000000788b00000,0x000000078a380000)
 ParOldGen       total 173568K, used 40911K [0x00000006c0c00000, 0x00000006cb580000, 0x000000076af00000)
  object space 173568K, 23% used [0x00000006c0c00000,0x00000006c33f3f00,0x00000006cb580000)
 Metaspace       used 59084K, capacity 61366K, committed 61440K, reserved 1101824K
  class space    used 7642K, capacity 8124K, committed 8192K, reserved 1048576K
}
Event: 215.832 GC heap before
{Heap before GC invocations=24 (full 8):
 PSYoungGen      total 512000K, used 7754K [0x000000076af00000, 0x000000078bc00000, 0x00000007c0000000)
  eden space 487424K, 0% used [0x000000076af00000,0x000000076af00000,0x0000000788b00000)
  from space 24576K, 31% used [0x000000078a400000,0x000000078ab928e8,0x000000078bc00000)
  to   space 25088K, 0% used [0x0000000788b00000,0x0000000788b00000,0x000000078a380000)
 ParOldGen       total 173568K, used 40911K [0x00000006c0c00000, 0x00000006cb580000, 0x000000076af00000)
  object space 173568K, 23% used [0x00000006c0c00000,0x00000006c33f3f00,0x00000006cb580000)
 Metaspace       used 59084K, capacity 61366K, committed 61440K, reserved 1101824K
  class space    used 7642K, capacity 8124K, committed 8192K, reserved 1048576K
Event: 216.047 GC heap after
Heap after GC invocations=24 (full 8):
 PSYoungGen      total 512000K, used 0K [0x000000076af00000, 0x000000078bc00000, 0x00000007c0000000)
  eden space 487424K, 0% used [0x000000076af00000,0x000000076af00000,0x0000000788b00000)
  from space 24576K, 0% used [0x000000078a400000,0x000000078a400000,0x000000078bc00000)
  to   space 25088K, 0% used [0x0000000788b00000,0x0000000788b00000,0x000000078a380000)
 ParOldGen       total 173568K, used 41779K [0x00000006c0c00000, 0x00000006cb580000, 0x000000076af00000)
  object space 173568K, 24% used [0x00000006c0c00000,0x00000006c34ccc08,0x00000006cb580000)
 Metaspace       used 59078K, capacity 61354K, committed 61440K, reserved 1101824K
  class space    used 7641K, capacity 8121K, committed 8192K, reserved 1048576K
}
Event: 219.978 GC heap before
{Heap before GC invocations=25 (full 8):
 PSYoungGen      total 512000K, used 420450K [0x000000076af00000, 0x000000078bc00000, 0x00000007c0000000)
  eden space 487424K, 86% used [0x000000076af00000,0x0000000784998bd0,0x0000000788b00000)
  from space 24576K, 0% used [0x000000078a400000,0x000000078a400000,0x000000078bc00000)
  to   space 25088K, 0% used [0x0000000788b00000,0x0000000788b00000,0x000000078a380000)
 ParOldGen       total 173568K, used 41779K [0x00000006c0c00000, 0x00000006cb580000, 0x000000076af00000)
  object space 173568K, 24% used [0x00000006c0c00000,0x00000006c34ccc08,0x00000006cb580000)
 Metaspace       used 59925K, capacity 62326K, committed 62592K, reserved 1103872K
  class space    used 7728K, capacity 8240K, committed 8320K, reserved 1048576K
Event: 219.985 GC heap after
Heap after GC invocations=25 (full 8):
 PSYoungGen      total 495104K, used 7630K [0x000000076af00000, 0x000000078bb00000, 0x00000007c0000000)
  eden space 487424K, 0% used [0x000000076af00000,0x000000076af00000,0x0000000788b00000)
  from space 7680K, 99% used [0x0000000788b00000,0x0000000789273940,0x0000000789280000)
  to   space 24576K, 0% used [0x000000078a300000,0x000000078a300000,0x000000078bb00000)
 ParOldGen       total 173568K, used 41787K [0x00000006c0c00000, 0x00000006cb580000, 0x000000076af00000)
  object space 173568K, 24% used [0x00000006c0c00000,0x00000006c34cec08,0x00000006cb580000)
 Metaspace       used 59925K, capacity 62326K, committed 62592K, reserved 1103872K
  class space    used 7728K, capacity 8240K, committed 8320K, reserved 1048576K
}
Event: 219.985 GC heap before
{Heap before GC invocations=26 (full 9):
 PSYoungGen      total 495104K, used 7630K [0x000000076af00000, 0x000000078bb00000, 0x00000007c0000000)
  eden space 487424K, 0% used [0x000000076af00000,0x000000076af00000,0x0000000788b00000)
  from space 7680K, 99% used [0x0000000788b00000,0x0000000789273940,0x0000000789280000)
  to   space 24576K, 0% used [0x000000078a300000,0x000000078a300000,0x000000078bb00000)
 ParOldGen       total 173568K, used 41787K [0x00000006c0c00000, 0x00000006cb580000, 0x000000076af00000)
  object space 173568K, 24% used [0x00000006c0c00000,0x00000006c34cec08,0x00000006cb580000)
 Metaspace       used 59925K, capacity 62326K, committed 62592K, reserved 1103872K
  class space    used 7728K, capacity 8240K, committed 8320K, reserved 1048576K
Event: 220.105 GC heap after
Heap after GC invocations=26 (full 9):
 PSYoungGen      total 495104K, used 0K [0x000000076af00000, 0x000000078bb00000, 0x00000007c0000000)
  eden space 487424K, 0% used [0x000000076af00000,0x000000076af00000,0x0000000788b00000)
  from space 7680K, 0% used [0x0000000788b00000,0x0000000788b00000,0x0000000789280000)
  to   space 24576K, 0% used [0x000000078a300000,0x000000078a300000,0x000000078bb00000)
 ParOldGen       total 173568K, used 42559K [0x00000006c0c00000, 0x00000006cb580000, 0x000000076af00000)
  object space 173568K, 24% used [0x00000006c0c00000,0x00000006c358fd40,0x00000006cb580000)
 Metaspace       used 59913K, capacity 62302K, committed 62592K, reserved 1103872K
  class space    used 7726K, capacity 8235K, committed 8320K, reserved 1048576K
}

