# JRE version: Java(TM) SE Runtime Environment (8.0_131-b11) (build 1.8.0_131-b11)
# Java VM: Java HotSpot(TM) 64-Bit Server VM (25.131-b11 mixed mode windows-amd64 compressed oops)
Heap:
 PSYoungGen      total 506880K, used 2735K [0x000000076af00000, 0x000000078ba80000, 0x00000007c0000000)
  eden space 479744K, 0% used [0x000000076af00000,0x000000076b1abf70,0x0000000788380000)
  from space 27136K, 0% used [0x000000078a000000,0x000000078a000000,0x000000078ba80000)
  to   space 28160K, 0% used [0x0000000788380000,0x0000000788380000,0x0000000789f00000)
 ParOldGen       total 179200K, used 43481K [0x00000006c0c00000, 0x00000006cbb00000, 0x000000076af00000)
  object space 179200K, 24% used [0x00000006c0c00000,0x00000006c3676768,0x00000006cbb00000)
 Metaspace       used 60216K, capacity 62394K, committed 62464K, reserved 1103872K
  class space    used 7947K, capacity 8430K, committed 8448K, reserved 1048576K
GC Heap History (10 events):
Event: 436.718 GC heap before
{Heap before GC invocations=16 (full 4):
 PSYoungGen      total 428032K, used 397824K [0x000000076af00000, 0x000000078c800000, 0x00000007c0000000)
  eden space 397824K, 100% used [0x000000076af00000,0x0000000783380000,0x0000000783380000)
  from space 30208K, 0% used [0x0000000783380000,0x0000000783380000,0x0000000785100000)
  to   space 30208K, 0% used [0x000000078aa80000,0x000000078aa80000,0x000000078c800000)
 ParOldGen       total 179200K, used 39678K [0x00000006c0c00000, 0x00000006cbb00000, 0x000000076af00000)
  object space 179200K, 22% used [0x00000006c0c00000,0x00000006c32bf948,0x00000006cbb00000)
 Metaspace       used 59238K, capacity 61110K, committed 61312K, reserved 1101824K
  class space    used 7834K, capacity 8260K, committed 8320K, reserved 1048576K
Event: 436.731 GC heap after
Heap after GC invocations=16 (full 4):
 PSYoungGen      total 497152K, used 12762K [0x000000076af00000, 0x000000078bb80000, 0x00000007c0000000)
  eden space 479744K, 0% used [0x000000076af00000,0x000000076af00000,0x0000000788380000)
  from space 17408K, 73% used [0x000000078aa80000,0x000000078b6f6988,0x000000078bb80000)
  to   space 28672K, 0% used [0x0000000788380000,0x0000000788380000,0x0000000789f80000)
 ParOldGen       total 179200K, used 39686K [0x00000006c0c00000, 0x00000006cbb00000, 0x000000076af00000)
  object space 179200K, 22% used [0x00000006c0c00000,0x00000006c32c1948,0x00000006cbb00000)
 Metaspace       used 59238K, capacity 61110K, committed 61312K, reserved 1101824K
  class space    used 7834K, capacity 8260K, committed 8320K, reserved 1048576K
}
Event: 450.008 GC heap before
{Heap before GC invocations=17 (full 4):
 PSYoungGen      total 497152K, used 61232K [0x000000076af00000, 0x000000078bb80000, 0x00000007c0000000)
  eden space 479744K, 10% used [0x000000076af00000,0x000000076de55710,0x0000000788380000)
  from space 17408K, 73% used [0x000000078aa80000,0x000000078b6f6988,0x000000078bb80000)
  to   space 28672K, 0% used [0x0000000788380000,0x0000000788380000,0x0000000789f80000)
 ParOldGen       total 179200K, used 39686K [0x00000006c0c00000, 0x00000006cbb00000, 0x000000076af00000)
  object space 179200K, 22% used [0x00000006c0c00000,0x00000006c32c1948,0x00000006cbb00000)
 Metaspace       used 59241K, capacity 61116K, committed 61312K, reserved 1101824K
  class space    used 7834K, capacity 8262K, committed 8320K, reserved 1048576K
Event: 450.016 GC heap after
Heap after GC invocations=17 (full 4):
 PSYoungGen      total 508416K, used 5093K [0x000000076af00000, 0x000000078bc80000, 0x00000007c0000000)
  eden space 479744K, 0% used [0x000000076af00000,0x000000076af00000,0x0000000788380000)
  from space 28672K, 17% used [0x0000000788380000,0x00000007888795a8,0x0000000789f80000)
  to   space 29184K, 0% used [0x000000078a000000,0x000000078a000000,0x000000078bc80000)
 ParOldGen       total 179200K, used 39694K [0x00000006c0c00000, 0x00000006cbb00000, 0x000000076af00000)
  object space 179200K, 22% used [0x00000006c0c00000,0x00000006c32c3948,0x00000006cbb00000)
 Metaspace       used 59241K, capacity 61116K, committed 61312K, reserved 1101824K
  class space    used 7834K, capacity 8262K, committed 8320K, reserved 1048576K
}
Event: 450.016 GC heap before
{Heap before GC invocations=18 (full 5):
 PSYoungGen      total 508416K, used 5093K [0x000000076af00000, 0x000000078bc80000, 0x00000007c0000000)
  eden space 479744K, 0% used [0x000000076af00000,0x000000076af00000,0x0000000788380000)
  from space 28672K, 17% used [0x0000000788380000,0x00000007888795a8,0x0000000789f80000)
  to   space 29184K, 0% used [0x000000078a000000,0x000000078a000000,0x000000078bc80000)
 ParOldGen       total 179200K, used 39694K [0x00000006c0c00000, 0x00000006cbb00000, 0x000000076af00000)
  object space 179200K, 22% used [0x00000006c0c00000,0x00000006c32c3948,0x00000006cbb00000)
 Metaspace       used 59241K, capacity 61116K, committed 61312K, reserved 1101824K
  class space    used 7834K, capacity 8262K, committed 8320K, reserved 1048576K
Event: 450.303 GC heap after
Heap after GC invocations=18 (full 5):
 PSYoungGen      total 508416K, used 0K [0x000000076af00000, 0x000000078bc80000, 0x00000007c0000000)
  eden space 479744K, 0% used [0x000000076af00000,0x000000076af00000,0x0000000788380000)
  from space 28672K, 0% used [0x0000000788380000,0x0000000788380000,0x0000000789f80000)
  to   space 29184K, 0% used [0x000000078a000000,0x000000078a000000,0x000000078bc80000)
 ParOldGen       total 179200K, used 40070K [0x00000006c0c00000, 0x00000006cbb00000, 0x000000076af00000)
  object space 179200K, 22% used [0x00000006c0c00000,0x00000006c3321a80,0x00000006cbb00000)
 Metaspace       used 59235K, capacity 61104K, committed 61312K, reserved 1101824K
  class space    used 7833K, capacity 8259K, committed 8320K, reserved 1048576K
}
Event: 479.930 GC heap before
{Heap before GC invocations=19 (full 5):
 PSYoungGen      total 508416K, used 436946K [0x000000076af00000, 0x000000078bc80000, 0x00000007c0000000)
  eden space 479744K, 91% used [0x000000076af00000,0x00000007859b4a98,0x0000000788380000)
  from space 28672K, 0% used [0x0000000788380000,0x0000000788380000,0x0000000789f80000)
  to   space 29184K, 0% used [0x000000078a000000,0x000000078a000000,0x000000078bc80000)
 ParOldGen       total 179200K, used 40070K [0x00000006c0c00000, 0x00000006cbb00000, 0x000000076af00000)
  object space 179200K, 22% used [0x00000006c0c00000,0x00000006c3321a80,0x00000006cbb00000)
 Metaspace       used 60222K, capacity 62406K, committed 62464K, reserved 1103872K
  class space    used 7948K, capacity 8433K, committed 8448K, reserved 1048576K
Event: 479.958 GC heap after
Heap after GC invocations=19 (full 5):
 PSYoungGen      total 506880K, used 8010K [0x000000076af00000, 0x000000078ba80000, 0x00000007c0000000)
  eden space 479744K, 0% used [0x000000076af00000,0x000000076af00000,0x0000000788380000)
  from space 27136K, 29% used [0x000000078a000000,0x000000078a7d2850,0x000000078ba80000)
  to   space 28160K, 0% used [0x0000000788380000,0x0000000788380000,0x0000000789f00000)
 ParOldGen       total 179200K, used 40078K [0x00000006c0c00000, 0x00000006cbb00000, 0x000000076af00000)
  object space 179200K, 22% used [0x00000006c0c00000,0x00000006c3323a80,0x00000006cbb00000)
 Metaspace       used 60222K, capacity 62406K, committed 62464K, reserved 1103872K
  class space    used 7948K, capacity 8433K, committed 8448K, reserved 1048576K
}
Event: 479.958 GC heap before
{Heap before GC invocations=20 (full 6):
 PSYoungGen      total 506880K, used 8010K [0x000000076af00000, 0x000000078ba80000, 0x00000007c0000000)
  eden space 479744K, 0% used [0x000000076af00000,0x000000076af00000,0x0000000788380000)
  from space 27136K, 29% used [0x000000078a000000,0x000000078a7d2850,0x000000078ba80000)
  to   space 28160K, 0% used [0x0000000788380000,0x0000000788380000,0x0000000789f00000)
 ParOldGen       total 179200K, used 40078K [0x00000006c0c00000, 0x00000006cbb00000, 0x000000076af00000)
  object space 179200K, 22% used [0x00000006c0c00000,0x00000006c3323a80,0x00000006cbb00000)
 Metaspace       used 60222K, capacity 62406K, committed 62464K, reserved 1103872K
  class space    used 7948K, capacity 8433K, committed 8448K, reserved 1048576K
Event: 480.310 GC heap after
Heap after GC invocations=20 (full 6):
 PSYoungGen      total 506880K, used 0K [0x000000076af00000, 0x000000078ba80000, 0x00000007c0000000)
  eden space 479744K, 0% used [0x000000076af00000,0x000000076af00000,0x0000000788380000)
  from space 27136K, 0% used [0x000000078a000000,0x000000078a000000,0x000000078ba80000)
  to   space 28160K, 0% used [0x0000000788380000,0x0000000788380000,0x0000000789f00000)
 ParOldGen       total 179200K, used 43481K [0x00000006c0c00000, 0x00000006cbb00000, 0x000000076af00000)
  object space 179200K, 24% used [0x00000006c0c00000,0x00000006c3676768,0x00000006cbb00000)
 Metaspace       used 60216K, capacity 62394K, committed 62464K, reserved 1103872K
  class space    used 7947K, capacity 8430K, committed 8448K, reserved 1048576K
}

