# JRE version: Java(TM) SE Runtime Environment (8.0_65-b17) (build 1.8.0_65-b17)
# Java VM: Java HotSpot(TM) 64-Bit Server VM (25.65-b01 mixed mode windows-amd64 compressed oops)
Heap:
 PSYoungGen      total 496640K, used 10710K [0x00000000d5e00000, 0x00000000f6e00000, 0x0000000100000000)
  eden space 488448K, 2% used [0x00000000d5e00000,0x00000000d68759f0,0x00000000f3b00000)
  from space 8192K, 0% used [0x00000000f3b00000,0x00000000f3b00000,0x00000000f4300000)
  to   space 26112K, 0% used [0x00000000f5480000,0x00000000f5480000,0x00000000f6e00000)
 ParOldGen       total 178176K, used 52772K [0x0000000081a00000, 0x000000008c800000, 0x00000000d5e00000)
  object space 178176K, 29% used [0x0000000081a00000,0x0000000084d892a8,0x000000008c800000)
 Metaspace       used 61810K, capacity 64028K, committed 64088K, reserved 1105920K
  class space    used 8069K, capacity 8528K, committed 8536K, reserved 1048576K
GC Heap History (10 events):
Event: 175.129 GC heap before
{Heap before GC invocations=22 (full 5):
 PSYoungGen      total 462848K, used 437248K [0x00000000d5e00000, 0x00000000f3e00000, 0x0000000100000000)
  eden space 437248K, 100% used [0x00000000d5e00000,0x00000000f0900000,0x00000000f0900000)
  from space 25600K, 0% used [0x00000000f2500000,0x00000000f2500000,0x00000000f3e00000)
  to   space 27136K, 0% used [0x00000000f0900000,0x00000000f0900000,0x00000000f2380000)
 ParOldGen       total 178176K, used 48978K [0x0000000081a00000, 0x000000008c800000, 0x00000000d5e00000)
  object space 178176K, 27% used [0x0000000081a00000,0x00000000849d49d8,0x000000008c800000)
 Metaspace       used 61020K, capacity 63130K, committed 63320K, reserved 1103872K
  class space    used 7992K, capacity 8423K, committed 8536K, reserved 1048576K
Event: 175.140 GC heap after
Heap after GC invocations=22 (full 5):
 PSYoungGen      total 464384K, used 7701K [0x00000000d5e00000, 0x00000000f6f00000, 0x0000000100000000)
  eden space 437248K, 0% used [0x00000000d5e00000,0x00000000d5e00000,0x00000000f0900000)
  from space 27136K, 28% used [0x00000000f0900000,0x00000000f1085770,0x00000000f2380000)
  to   space 26624K, 0% used [0x00000000f5500000,0x00000000f5500000,0x00000000f6f00000)
 ParOldGen       total 178176K, used 48986K [0x0000000081a00000, 0x000000008c800000, 0x00000000d5e00000)
  object space 178176K, 27% used [0x0000000081a00000,0x00000000849d69d8,0x000000008c800000)
 Metaspace       used 61020K, capacity 63130K, committed 63320K, reserved 1103872K
  class space    used 7992K, capacity 8423K, committed 8536K, reserved 1048576K
}
Event: 175.146 GC heap before
{Heap before GC invocations=23 (full 5):
 PSYoungGen      total 464384K, used 13492K [0x00000000d5e00000, 0x00000000f6f00000, 0x0000000100000000)
  eden space 437248K, 1% used [0x00000000d5e00000,0x00000000d63a7998,0x00000000f0900000)
  from space 27136K, 28% used [0x00000000f0900000,0x00000000f1085770,0x00000000f2380000)
  to   space 26624K, 0% used [0x00000000f5500000,0x00000000f5500000,0x00000000f6f00000)
 ParOldGen       total 178176K, used 48986K [0x0000000081a00000, 0x000000008c800000, 0x00000000d5e00000)
  object space 178176K, 27% used [0x0000000081a00000,0x00000000849d69d8,0x000000008c800000)
 Metaspace       used 61020K, capacity 63130K, committed 63320K, reserved 1103872K
  class space    used 7992K, capacity 8423K, committed 8536K, reserved 1048576K
Event: 175.152 GC heap after
Heap after GC invocations=23 (full 5):
 PSYoungGen      total 515072K, used 4565K [0x00000000d5e00000, 0x00000000f6f00000, 0x0000000100000000)
  eden space 488448K, 0% used [0x00000000d5e00000,0x00000000d5e00000,0x00000000f3b00000)
  from space 26624K, 17% used [0x00000000f5500000,0x00000000f59754f8,0x00000000f6f00000)
  to   space 26624K, 0% used [0x00000000f3b00000,0x00000000f3b00000,0x00000000f5500000)
 ParOldGen       total 178176K, used 48994K [0x0000000081a00000, 0x000000008c800000, 0x00000000d5e00000)
  object space 178176K, 27% used [0x0000000081a00000,0x00000000849d89d8,0x000000008c800000)
 Metaspace       used 61020K, capacity 63130K, committed 63320K, reserved 1103872K
  class space    used 7992K, capacity 8423K, committed 8536K, reserved 1048576K
}
Event: 175.152 GC heap before
{Heap before GC invocations=24 (full 6):
 PSYoungGen      total 515072K, used 4565K [0x00000000d5e00000, 0x00000000f6f00000, 0x0000000100000000)
  eden space 488448K, 0% used [0x00000000d5e00000,0x00000000d5e00000,0x00000000f3b00000)
  from space 26624K, 17% used [0x00000000f5500000,0x00000000f59754f8,0x00000000f6f00000)
  to   space 26624K, 0% used [0x00000000f3b00000,0x00000000f3b00000,0x00000000f5500000)
 ParOldGen       total 178176K, used 48994K [0x0000000081a00000, 0x000000008c800000, 0x00000000d5e00000)
  object space 178176K, 27% used [0x0000000081a00000,0x00000000849d89d8,0x000000008c800000)
 Metaspace       used 61020K, capacity 63130K, committed 63320K, reserved 1103872K
  class space    used 7992K, capacity 8423K, committed 8536K, reserved 1048576K
Event: 175.505 GC heap after
Heap after GC invocations=24 (full 6):
 PSYoungGen      total 515072K, used 0K [0x00000000d5e00000, 0x00000000f6f00000, 0x0000000100000000)
  eden space 488448K, 0% used [0x00000000d5e00000,0x00000000d5e00000,0x00000000f3b00000)
  from space 26624K, 0% used [0x00000000f5500000,0x00000000f5500000,0x00000000f6f00000)
  to   space 26624K, 0% used [0x00000000f3b00000,0x00000000f3b00000,0x00000000f5500000)
 ParOldGen       total 178176K, used 49068K [0x0000000081a00000, 0x000000008c800000, 0x00000000d5e00000)
  object space 178176K, 27% used [0x0000000081a00000,0x00000000849eb118,0x000000008c800000)
 Metaspace       used 61014K, capacity 63118K, committed 63320K, reserved 1103872K
  class space    used 7991K, capacity 8420K, committed 8536K, reserved 1048576K
}
Event: 209.778 GC heap before
{Heap before GC invocations=25 (full 6):
 PSYoungGen      total 515072K, used 455173K [0x00000000d5e00000, 0x00000000f6f00000, 0x0000000100000000)
  eden space 488448K, 93% used [0x00000000d5e00000,0x00000000f1a814a8,0x00000000f3b00000)
  from space 26624K, 0% used [0x00000000f5500000,0x00000000f5500000,0x00000000f6f00000)
  to   space 26624K, 0% used [0x00000000f3b00000,0x00000000f3b00000,0x00000000f5500000)
 ParOldGen       total 178176K, used 49068K [0x0000000081a00000, 0x000000008c800000, 0x00000000d5e00000)
  object space 178176K, 27% used [0x0000000081a00000,0x00000000849eb118,0x000000008c800000)
 Metaspace       used 61806K, capacity 64024K, committed 64088K, reserved 1105920K
  class space    used 8069K, capacity 8528K, committed 8536K, reserved 1048576K
Event: 209.791 GC heap after
Heap after GC invocations=25 (full 6):
 PSYoungGen      total 496640K, used 7711K [0x00000000d5e00000, 0x00000000f6e00000, 0x0000000100000000)
  eden space 488448K, 0% used [0x00000000d5e00000,0x00000000d5e00000,0x00000000f3b00000)
  from space 8192K, 94% used [0x00000000f3b00000,0x00000000f4287dc0,0x00000000f4300000)
  to   space 26112K, 0% used [0x00000000f5480000,0x00000000f5480000,0x00000000f6e00000)
 ParOldGen       total 178176K, used 49076K [0x0000000081a00000, 0x000000008c800000, 0x00000000d5e00000)
  object space 178176K, 27% used [0x0000000081a00000,0x00000000849ed118,0x000000008c800000)
 Metaspace       used 61806K, capacity 64024K, committed 64088K, reserved 1105920K
  class space    used 8069K, capacity 8528K, committed 8536K, reserved 1048576K
}
Event: 209.791 GC heap before
{Heap before GC invocations=26 (full 7):
 PSYoungGen      total 496640K, used 7711K [0x00000000d5e00000, 0x00000000f6e00000, 0x0000000100000000)
  eden space 488448K, 0% used [0x00000000d5e00000,0x00000000d5e00000,0x00000000f3b00000)
  from space 8192K, 94% used [0x00000000f3b00000,0x00000000f4287dc0,0x00000000f4300000)
  to   space 26112K, 0% used [0x00000000f5480000,0x00000000f5480000,0x00000000f6e00000)
 ParOldGen       total 178176K, used 49076K [0x0000000081a00000, 0x000000008c800000, 0x00000000d5e00000)
  object space 178176K, 27% used [0x0000000081a00000,0x00000000849ed118,0x000000008c800000)
 Metaspace       used 61806K, capacity 64024K, committed 64088K, reserved 1105920K
  class space    used 8069K, capacity 8528K, committed 8536K, reserved 1048576K
Event: 210.026 GC heap after
Heap after GC invocations=26 (full 7):
 PSYoungGen      total 496640K, used 0K [0x00000000d5e00000, 0x00000000f6e00000, 0x0000000100000000)
  eden space 488448K, 0% used [0x00000000d5e00000,0x00000000d5e00000,0x00000000f3b00000)
  from space 8192K, 0% used [0x00000000f3b00000,0x00000000f3b00000,0x00000000f4300000)
  to   space 26112K, 0% used [0x00000000f5480000,0x00000000f5480000,0x00000000f6e00000)
 ParOldGen       total 178176K, used 52772K [0x0000000081a00000, 0x000000008c800000, 0x00000000d5e00000)
  object space 178176K, 29% used [0x0000000081a00000,0x0000000084d892a8,0x000000008c800000)
 Metaspace       used 61800K, capacity 64012K, committed 64088K, reserved 1105920K
  class space    used 8067K, capacity 8525K, committed 8536K, reserved 1048576K
}

