# JRE version: Java(TM) SE Runtime Environment (8.0_131-b11) (build 1.8.0_131-b11)
# Java VM: Java HotSpot(TM) 64-Bit Server VM (25.131-b11 mixed mode windows-amd64 compressed oops)
Heap:
 PSYoungGen      total 534528K, used 14189K [0x000000076af00000, 0x000000078d800000, 0x00000007c0000000)
  eden space 504832K, 2% used [0x000000076af00000,0x000000076bcdb7c8,0x0000000789c00000)
  from space 29696K, 0% used [0x000000078bb00000,0x000000078bb00000,0x000000078d800000)
  to   space 30720K, 0% used [0x0000000789c00000,0x0000000789c00000,0x000000078ba00000)
 ParOldGen       total 185344K, used 43039K [0x00000006c0c00000, 0x00000006cc100000, 0x000000076af00000)
  object space 185344K, 23% used [0x00000006c0c00000,0x00000006c3607fa0,0x00000006cc100000)
 Metaspace       used 59398K, capacity 61390K, committed 61568K, reserved 1101824K
  class space    used 7822K, capacity 8264K, committed 8320K, reserved 1048576K
GC Heap History (10 events):
Event: 1367.520 GC heap before
{Heap before GC invocations=16 (full 4):
 PSYoungGen      total 537088K, used 6452K [0x000000076af00000, 0x000000078db00000, 0x00000007c0000000)
  eden space 504832K, 0% used [0x000000076af00000,0x000000076af00000,0x0000000789c00000)
  from space 32256K, 20% used [0x000000078bb80000,0x000000078c1cd298,0x000000078db00000)
  to   space 32256K, 0% used [0x0000000789c00000,0x0000000789c00000,0x000000078bb80000)
 ParOldGen       total 185344K, used 38071K [0x00000006c0c00000, 0x00000006cc100000, 0x000000076af00000)
  object space 185344K, 20% used [0x00000006c0c00000,0x00000006c312dc00,0x00000006cc100000)
 Metaspace       used 57484K, capacity 58972K, committed 59264K, reserved 1099776K
  class space    used 7605K, capacity 7938K, committed 8064K, reserved 1048576K
Event: 1367.698 GC heap after
Heap after GC invocations=16 (full 4):
 PSYoungGen      total 537088K, used 0K [0x000000076af00000, 0x000000078db00000, 0x00000007c0000000)
  eden space 504832K, 0% used [0x000000076af00000,0x000000076af00000,0x0000000789c00000)
  from space 32256K, 0% used [0x000000078bb80000,0x000000078bb80000,0x000000078db00000)
  to   space 32256K, 0% used [0x0000000789c00000,0x0000000789c00000,0x000000078bb80000)
 ParOldGen       total 185344K, used 40019K [0x00000006c0c00000, 0x00000006cc100000, 0x000000076af00000)
  object space 185344K, 21% used [0x00000006c0c00000,0x00000006c3314ea8,0x00000006cc100000)
 Metaspace       used 57481K, capacity 58966K, committed 59264K, reserved 1099776K
  class space    used 7604K, capacity 7937K, committed 8064K, reserved 1048576K
}
Event: 1559.489 GC heap before
{Heap before GC invocations=17 (full 4):
 PSYoungGen      total 537088K, used 477952K [0x000000076af00000, 0x000000078db00000, 0x00000007c0000000)
  eden space 504832K, 94% used [0x000000076af00000,0x00000007881c02d8,0x0000000789c00000)
  from space 32256K, 0% used [0x000000078bb80000,0x000000078bb80000,0x000000078db00000)
  to   space 32256K, 0% used [0x0000000789c00000,0x0000000789c00000,0x000000078bb80000)
 ParOldGen       total 185344K, used 40019K [0x00000006c0c00000, 0x00000006cc100000, 0x000000076af00000)
  object space 185344K, 21% used [0x00000006c0c00000,0x00000006c3314ea8,0x00000006cc100000)
 Metaspace       used 58416K, capacity 60118K, committed 60416K, reserved 1101824K
  class space    used 7705K, capacity 8086K, committed 8192K, reserved 1048576K
Event: 1559.496 GC heap after
Heap after GC invocations=17 (full 4):
 PSYoungGen      total 513024K, used 7758K [0x000000076af00000, 0x000000078da00000, 0x00000007c0000000)
  eden space 504832K, 0% used [0x000000076af00000,0x000000076af00000,0x0000000789c00000)
  from space 8192K, 94% used [0x0000000789c00000,0x000000078a393960,0x000000078a400000)
  to   space 31744K, 0% used [0x000000078bb00000,0x000000078bb00000,0x000000078da00000)
 ParOldGen       total 185344K, used 40027K [0x00000006c0c00000, 0x00000006cc100000, 0x000000076af00000)
  object space 185344K, 21% used [0x00000006c0c00000,0x00000006c3316ea8,0x00000006cc100000)
 Metaspace       used 58416K, capacity 60118K, committed 60416K, reserved 1101824K
  class space    used 7705K, capacity 8086K, committed 8192K, reserved 1048576K
}
Event: 1559.496 GC heap before
{Heap before GC invocations=18 (full 5):
 PSYoungGen      total 513024K, used 7758K [0x000000076af00000, 0x000000078da00000, 0x00000007c0000000)
  eden space 504832K, 0% used [0x000000076af00000,0x000000076af00000,0x0000000789c00000)
  from space 8192K, 94% used [0x0000000789c00000,0x000000078a393960,0x000000078a400000)
  to   space 31744K, 0% used [0x000000078bb00000,0x000000078bb00000,0x000000078da00000)
 ParOldGen       total 185344K, used 40027K [0x00000006c0c00000, 0x00000006cc100000, 0x000000076af00000)
  object space 185344K, 21% used [0x00000006c0c00000,0x00000006c3316ea8,0x00000006cc100000)
 Metaspace       used 58416K, capacity 60118K, committed 60416K, reserved 1101824K
  class space    used 7705K, capacity 8086K, committed 8192K, reserved 1048576K
Event: 1559.685 GC heap after
Heap after GC invocations=18 (full 5):
 PSYoungGen      total 513024K, used 0K [0x000000076af00000, 0x000000078da00000, 0x00000007c0000000)
  eden space 504832K, 0% used [0x000000076af00000,0x000000076af00000,0x0000000789c00000)
  from space 8192K, 0% used [0x0000000789c00000,0x0000000789c00000,0x000000078a400000)
  to   space 31744K, 0% used [0x000000078bb00000,0x000000078bb00000,0x000000078da00000)
 ParOldGen       total 185344K, used 42147K [0x00000006c0c00000, 0x00000006cc100000, 0x000000076af00000)
  object space 185344K, 22% used [0x00000006c0c00000,0x00000006c3528c20,0x00000006cc100000)
 Metaspace       used 58410K, capacity 60106K, committed 60416K, reserved 1101824K
  class space    used 7704K, capacity 8083K, committed 8192K, reserved 1048576K
}
Event: 1566.425 GC heap before
{Heap before GC invocations=19 (full 5):
 PSYoungGen      total 513024K, used 427001K [0x000000076af00000, 0x000000078da00000, 0x00000007c0000000)
  eden space 504832K, 84% used [0x000000076af00000,0x0000000784ffe668,0x0000000789c00000)
  from space 8192K, 0% used [0x0000000789c00000,0x0000000789c00000,0x000000078a400000)
  to   space 31744K, 0% used [0x000000078bb00000,0x000000078bb00000,0x000000078da00000)
 ParOldGen       total 185344K, used 42147K [0x00000006c0c00000, 0x00000006cc100000, 0x000000076af00000)
  object space 185344K, 22% used [0x00000006c0c00000,0x00000006c3528c20,0x00000006cc100000)
 Metaspace       used 59398K, capacity 61392K, committed 61568K, reserved 1101824K
  class space    used 7823K, capacity 8265K, committed 8320K, reserved 1048576K
Event: 1566.431 GC heap after
Heap after GC invocations=19 (full 5):
 PSYoungGen      total 534528K, used 7800K [0x000000076af00000, 0x000000078d800000, 0x00000007c0000000)
  eden space 504832K, 0% used [0x000000076af00000,0x000000076af00000,0x0000000789c00000)
  from space 29696K, 26% used [0x000000078bb00000,0x000000078c29e3b0,0x000000078d800000)
  to   space 30720K, 0% used [0x0000000789c00000,0x0000000789c00000,0x000000078ba00000)
 ParOldGen       total 185344K, used 42155K [0x00000006c0c00000, 0x00000006cc100000, 0x000000076af00000)
  object space 185344K, 22% used [0x00000006c0c00000,0x00000006c352ac20,0x00000006cc100000)
 Metaspace       used 59398K, capacity 61392K, committed 61568K, reserved 1101824K
  class space    used 7823K, capacity 8265K, committed 8320K, reserved 1048576K
}
Event: 1566.431 GC heap before
{Heap before GC invocations=20 (full 6):
 PSYoungGen      total 534528K, used 7800K [0x000000076af00000, 0x000000078d800000, 0x00000007c0000000)
  eden space 504832K, 0% used [0x000000076af00000,0x000000076af00000,0x0000000789c00000)
  from space 29696K, 26% used [0x000000078bb00000,0x000000078c29e3b0,0x000000078d800000)
  to   space 30720K, 0% used [0x0000000789c00000,0x0000000789c00000,0x000000078ba00000)
 ParOldGen       total 185344K, used 42155K [0x00000006c0c00000, 0x00000006cc100000, 0x000000076af00000)
  object space 185344K, 22% used [0x00000006c0c00000,0x00000006c352ac20,0x00000006cc100000)
 Metaspace       used 59398K, capacity 61392K, committed 61568K, reserved 1101824K
  class space    used 7823K, capacity 8265K, committed 8320K, reserved 1048576K
Event: 1566.590 GC heap after
Heap after GC invocations=20 (full 6):
 PSYoungGen      total 534528K, used 0K [0x000000076af00000, 0x000000078d800000, 0x00000007c0000000)
  eden space 504832K, 0% used [0x000000076af00000,0x000000076af00000,0x0000000789c00000)
  from space 29696K, 0% used [0x000000078bb00000,0x000000078bb00000,0x000000078d800000)
  to   space 30720K, 0% used [0x0000000789c00000,0x0000000789c00000,0x000000078ba00000)
 ParOldGen       total 185344K, used 43039K [0x00000006c0c00000, 0x00000006cc100000, 0x000000076af00000)
  object space 185344K, 23% used [0x00000006c0c00000,0x00000006c3607fa0,0x00000006cc100000)
 Metaspace       used 59392K, capacity 61380K, committed 61568K, reserved 1101824K
  class space    used 7822K, capacity 8262K, committed 8320K, reserved 1048576K
}

