# JRE version: Java(TM) SE Runtime Environment (8.0_131-b11) (build 1.8.0_131-b11)
# Java VM: Java HotSpot(TM) 64-Bit Server VM (25.131-b11 mixed mode windows-amd64 compressed oops)
Heap:
 PSYoungGen      total 443392K, used 4334K [0x000000076af00000, 0x0000000787400000, 0x00000007c0000000)
  eden space 424960K, 1% used [0x000000076af00000,0x000000076b33bae0,0x0000000784e00000)
  from space 18432K, 0% used [0x0000000786200000,0x0000000786200000,0x0000000787400000)
  to   space 19456K, 0% used [0x0000000784e00000,0x0000000784e00000,0x0000000786100000)
 ParOldGen       total 280064K, used 57795K [0x00000006c0c00000, 0x00000006d1d80000, 0x000000076af00000)
  object space 280064K, 20% used [0x00000006c0c00000,0x00000006c4470c70,0x00000006d1d80000)
 Metaspace       used 79215K, capacity 85182K, committed 85592K, reserved 1124352K
  class space    used 9997K, capacity 11271K, committed 11392K, reserved 1048576K
GC Heap History (10 events):
Event: 23639.991 GC heap before
{Heap before GC invocations=115 (full 23):
 PSYoungGen      total 408576K, used 79678K [0x000000076af00000, 0x0000000786700000, 0x00000007c0000000)
  eden space 388096K, 16% used [0x000000076af00000,0x000000076ed7ec58,0x0000000782a00000)
  from space 20480K, 76% used [0x0000000782a00000,0x0000000783950e90,0x0000000783e00000)
  to   space 21504K, 0% used [0x0000000785200000,0x0000000785200000,0x0000000786700000)
 ParOldGen       total 280064K, used 54054K [0x00000006c0c00000, 0x00000006d1d80000, 0x000000076af00000)
  object space 280064K, 19% used [0x00000006c0c00000,0x00000006c40c9a20,0x00000006d1d80000)
 Metaspace       used 77520K, capacity 83288K, committed 83544K, reserved 1122304K
  class space    used 9823K, capacity 11028K, committed 11136K, reserved 1048576K
Event: 23639.995 GC heap after
Heap after GC invocations=115 (full 23):
 PSYoungGen      total 428032K, used 6820K [0x000000076af00000, 0x0000000786600000, 0x00000007c0000000)
  eden space 407552K, 0% used [0x000000076af00000,0x000000076af00000,0x0000000783d00000)
  from space 20480K, 33% used [0x0000000785200000,0x00000007858a9128,0x0000000786600000)
  to   space 20992K, 0% used [0x0000000783d00000,0x0000000783d00000,0x0000000785180000)
 ParOldGen       total 280064K, used 54062K [0x00000006c0c00000, 0x00000006d1d80000, 0x000000076af00000)
  object space 280064K, 19% used [0x00000006c0c00000,0x00000006c40cba20,0x00000006d1d80000)
 Metaspace       used 77520K, capacity 83288K, committed 83544K, reserved 1122304K
  class space    used 9823K, capacity 11028K, committed 11136K, reserved 1048576K
}
Event: 23639.995 GC heap before
{Heap before GC invocations=116 (full 24):
 PSYoungGen      total 428032K, used 6820K [0x000000076af00000, 0x0000000786600000, 0x00000007c0000000)
  eden space 407552K, 0% used [0x000000076af00000,0x000000076af00000,0x0000000783d00000)
  from space 20480K, 33% used [0x0000000785200000,0x00000007858a9128,0x0000000786600000)
  to   space 20992K, 0% used [0x0000000783d00000,0x0000000783d00000,0x0000000785180000)
 ParOldGen       total 280064K, used 54062K [0x00000006c0c00000, 0x00000006d1d80000, 0x000000076af00000)
  object space 280064K, 19% used [0x00000006c0c00000,0x00000006c40cba20,0x00000006d1d80000)
 Metaspace       used 77520K, capacity 83288K, committed 83544K, reserved 1122304K
  class space    used 9823K, capacity 11028K, committed 11136K, reserved 1048576K
Event: 23640.134 GC heap after
Heap after GC invocations=116 (full 24):
 PSYoungGen      total 428032K, used 0K [0x000000076af00000, 0x0000000786600000, 0x00000007c0000000)
  eden space 407552K, 0% used [0x000000076af00000,0x000000076af00000,0x0000000783d00000)
  from space 20480K, 0% used [0x0000000785200000,0x0000000785200000,0x0000000786600000)
  to   space 20992K, 0% used [0x0000000783d00000,0x0000000783d00000,0x0000000785180000)
 ParOldGen       total 280064K, used 54766K [0x00000006c0c00000, 0x00000006d1d80000, 0x000000076af00000)
  object space 280064K, 19% used [0x00000006c0c00000,0x00000006c417bbc0,0x00000006d1d80000)
 Metaspace       used 77513K, capacity 83276K, committed 83544K, reserved 1122304K
  class space    used 9822K, capacity 11025K, committed 11136K, reserved 1048576K
}
Event: 23648.957 GC heap before
{Heap before GC invocations=117 (full 24):
 PSYoungGen      total 428032K, used 407552K [0x000000076af00000, 0x0000000786600000, 0x00000007c0000000)
  eden space 407552K, 100% used [0x000000076af00000,0x0000000783d00000,0x0000000783d00000)
  from space 20480K, 0% used [0x0000000785200000,0x0000000785200000,0x0000000786600000)
  to   space 20992K, 0% used [0x0000000783d00000,0x0000000783d00000,0x0000000785180000)
 ParOldGen       total 280064K, used 54766K [0x00000006c0c00000, 0x00000006d1d80000, 0x000000076af00000)
  object space 280064K, 19% used [0x00000006c0c00000,0x00000006c417bbc0,0x00000006d1d80000)
 Metaspace       used 78517K, capacity 84468K, committed 84696K, reserved 1122304K
  class space    used 9940K, capacity 11206K, committed 11264K, reserved 1048576K
Event: 23648.963 GC heap after
Heap after GC invocations=117 (full 24):
 PSYoungGen      total 428544K, used 8179K [0x000000076af00000, 0x0000000787600000, 0x00000007c0000000)
  eden space 407552K, 0% used [0x000000076af00000,0x000000076af00000,0x0000000783d00000)
  from space 20992K, 38% used [0x0000000783d00000,0x00000007844fcfa0,0x0000000785180000)
  to   space 20480K, 0% used [0x0000000786200000,0x0000000786200000,0x0000000787600000)
 ParOldGen       total 280064K, used 54774K [0x00000006c0c00000, 0x00000006d1d80000, 0x000000076af00000)
  object space 280064K, 19% used [0x00000006c0c00000,0x00000006c417dbc0,0x00000006d1d80000)
 Metaspace       used 78517K, capacity 84468K, committed 84696K, reserved 1122304K
  class space    used 9940K, capacity 11206K, committed 11264K, reserved 1048576K
}
Event: 23691.394 GC heap before
{Heap before GC invocations=118 (full 24):
 PSYoungGen      total 428544K, used 357165K [0x000000076af00000, 0x0000000787600000, 0x00000007c0000000)
  eden space 407552K, 85% used [0x000000076af00000,0x00000007803ce630,0x0000000783d00000)
  from space 20992K, 38% used [0x0000000783d00000,0x00000007844fcfa0,0x0000000785180000)
  to   space 20480K, 0% used [0x0000000786200000,0x0000000786200000,0x0000000787600000)
 ParOldGen       total 280064K, used 54774K [0x00000006c0c00000, 0x00000006d1d80000, 0x000000076af00000)
  object space 280064K, 19% used [0x00000006c0c00000,0x00000006c417dbc0,0x00000006d1d80000)
 Metaspace       used 79221K, capacity 85196K, committed 85592K, reserved 1124352K
  class space    used 9998K, capacity 11275K, committed 11392K, reserved 1048576K
Event: 23691.401 GC heap after
Heap after GC invocations=118 (full 24):
 PSYoungGen      total 443392K, used 9157K [0x000000076af00000, 0x0000000787400000, 0x00000007c0000000)
  eden space 424960K, 0% used [0x000000076af00000,0x000000076af00000,0x0000000784e00000)
  from space 18432K, 49% used [0x0000000786200000,0x0000000786af1650,0x0000000787400000)
  to   space 19456K, 0% used [0x0000000784e00000,0x0000000784e00000,0x0000000786100000)
 ParOldGen       total 280064K, used 54782K [0x00000006c0c00000, 0x00000006d1d80000, 0x000000076af00000)
  object space 280064K, 19% used [0x00000006c0c00000,0x00000006c417fbc0,0x00000006d1d80000)
 Metaspace       used 79221K, capacity 85196K, committed 85592K, reserved 1124352K
  class space    used 9998K, capacity 11275K, committed 11392K, reserved 1048576K
}
Event: 23691.401 GC heap before
{Heap before GC invocations=119 (full 25):
 PSYoungGen      total 443392K, used 9157K [0x000000076af00000, 0x0000000787400000, 0x00000007c0000000)
  eden space 424960K, 0% used [0x000000076af00000,0x000000076af00000,0x0000000784e00000)
  from space 18432K, 49% used [0x0000000786200000,0x0000000786af1650,0x0000000787400000)
  to   space 19456K, 0% used [0x0000000784e00000,0x0000000784e00000,0x0000000786100000)
 ParOldGen       total 280064K, used 54782K [0x00000006c0c00000, 0x00000006d1d80000, 0x000000076af00000)
  object space 280064K, 19% used [0x00000006c0c00000,0x00000006c417fbc0,0x00000006d1d80000)
 Metaspace       used 79221K, capacity 85196K, committed 85592K, reserved 1124352K
  class space    used 9998K, capacity 11275K, committed 11392K, reserved 1048576K
Event: 23691.691 GC heap after
Heap after GC invocations=119 (full 25):
 PSYoungGen      total 443392K, used 0K [0x000000076af00000, 0x0000000787400000, 0x00000007c0000000)
  eden space 424960K, 0% used [0x000000076af00000,0x000000076af00000,0x0000000784e00000)
  from space 18432K, 0% used [0x0000000786200000,0x0000000786200000,0x0000000787400000)
  to   space 19456K, 0% used [0x0000000784e00000,0x0000000784e00000,0x0000000786100000)
 ParOldGen       total 280064K, used 57795K [0x00000006c0c00000, 0x00000006d1d80000, 0x000000076af00000)
  object space 280064K, 20% used [0x00000006c0c00000,0x00000006c4470c70,0x00000006d1d80000)
 Metaspace       used 79208K, capacity 85172K, committed 85592K, reserved 1124352K
  class space    used 9996K, capacity 11269K, committed 11392K, reserved 1048576K
}

