# JRE version: Java(TM) SE Runtime Environment (8.0_131-b11) (build 1.8.0_131-b11)
# Java VM: Java HotSpot(TM) 64-Bit Server VM (25.131-b11 mixed mode windows-amd64 compressed oops)
Heap:
 PSYoungGen      total 534016K, used 2288K [0x000000076af00000, 0x000000078ca80000, 0x00000007c0000000)
  eden space 516608K, 0% used [0x000000076af00000,0x000000076b13c2f0,0x000000078a780000)
  from space 17408K, 0% used [0x000000078b980000,0x000000078b980000,0x000000078ca80000)
  to   space 17920K, 0% used [0x000000078a780000,0x000000078a780000,0x000000078b900000)
 ParOldGen       total 170496K, used 45801K [0x00000006c0c00000, 0x00000006cb280000, 0x000000076af00000)
  object space 170496K, 26% used [0x00000006c0c00000,0x00000006c38ba638,0x00000006cb280000)
 Metaspace       used 65408K, capacity 68506K, committed 68736K, reserved 1110016K
  class space    used 8289K, capacity 9005K, committed 9088K, reserved 1048576K
GC Heap History (10 events):
Event: 285.154 GC heap before
{Heap before GC invocations=37 (full 11):
 PSYoungGen      total 490496K, used 472021K [0x000000076af00000, 0x000000078ad00000, 0x00000007c0000000)
  eden space 482304K, 97% used [0x000000076af00000,0x0000000787bf5500,0x0000000788600000)
  from space 8192K, 0% used [0x0000000788600000,0x0000000788600000,0x0000000788e00000)
  to   space 19968K, 0% used [0x0000000789980000,0x0000000789980000,0x000000078ad00000)
 ParOldGen       total 170496K, used 45385K [0x00000006c0c00000, 0x00000006cb280000, 0x000000076af00000)
  object space 170496K, 26% used [0x00000006c0c00000,0x00000006c38524d8,0x00000006cb280000)
 Metaspace       used 63763K, capacity 66718K, committed 66944K, reserved 1107968K
  class space    used 8134K, capacity 8796K, committed 8832K, reserved 1048576K
Event: 285.160 GC heap after
Heap after GC invocations=37 (full 11):
 PSYoungGen      total 501248K, used 7864K [0x000000076af00000, 0x000000078ac00000, 0x00000007c0000000)
  eden space 482304K, 0% used [0x000000076af00000,0x000000076af00000,0x0000000788600000)
  from space 18944K, 41% used [0x0000000789980000,0x000000078a12e370,0x000000078ac00000)
  to   space 19456K, 0% used [0x0000000788600000,0x0000000788600000,0x0000000789900000)
 ParOldGen       total 170496K, used 45393K [0x00000006c0c00000, 0x00000006cb280000, 0x000000076af00000)
  object space 170496K, 26% used [0x00000006c0c00000,0x00000006c38544d8,0x00000006cb280000)
 Metaspace       used 63763K, capacity 66718K, committed 66944K, reserved 1107968K
  class space    used 8134K, capacity 8796K, committed 8832K, reserved 1048576K
}
Event: 285.160 GC heap before
{Heap before GC invocations=38 (full 12):
 PSYoungGen      total 501248K, used 7864K [0x000000076af00000, 0x000000078ac00000, 0x00000007c0000000)
  eden space 482304K, 0% used [0x000000076af00000,0x000000076af00000,0x0000000788600000)
  from space 18944K, 41% used [0x0000000789980000,0x000000078a12e370,0x000000078ac00000)
  to   space 19456K, 0% used [0x0000000788600000,0x0000000788600000,0x0000000789900000)
 ParOldGen       total 170496K, used 45393K [0x00000006c0c00000, 0x00000006cb280000, 0x000000076af00000)
  object space 170496K, 26% used [0x00000006c0c00000,0x00000006c38544d8,0x00000006cb280000)
 Metaspace       used 63763K, capacity 66718K, committed 66944K, reserved 1107968K
  class space    used 8134K, capacity 8796K, committed 8832K, reserved 1048576K
Event: 285.306 GC heap after
Heap after GC invocations=38 (full 12):
 PSYoungGen      total 501248K, used 0K [0x000000076af00000, 0x000000078ac00000, 0x00000007c0000000)
  eden space 482304K, 0% used [0x000000076af00000,0x000000076af00000,0x0000000788600000)
  from space 18944K, 0% used [0x0000000789980000,0x0000000789980000,0x000000078ac00000)
  to   space 19456K, 0% used [0x0000000788600000,0x0000000788600000,0x0000000789900000)
 ParOldGen       total 170496K, used 46116K [0x00000006c0c00000, 0x00000006cb280000, 0x000000076af00000)
  object space 170496K, 27% used [0x00000006c0c00000,0x00000006c39090f8,0x00000006cb280000)
 Metaspace       used 63757K, capacity 66706K, committed 66944K, reserved 1107968K
  class space    used 8133K, capacity 8793K, committed 8832K, reserved 1048576K
}
Event: 297.421 GC heap before
{Heap before GC invocations=39 (full 12):
 PSYoungGen      total 501248K, used 482304K [0x000000076af00000, 0x000000078ac00000, 0x00000007c0000000)
  eden space 482304K, 100% used [0x000000076af00000,0x0000000788600000,0x0000000788600000)
  from space 18944K, 0% used [0x0000000789980000,0x0000000789980000,0x000000078ac00000)
  to   space 19456K, 0% used [0x0000000788600000,0x0000000788600000,0x0000000789900000)
 ParOldGen       total 170496K, used 46116K [0x00000006c0c00000, 0x00000006cb280000, 0x000000076af00000)
  object space 170496K, 27% used [0x00000006c0c00000,0x00000006c39090f8,0x00000006cb280000)
 Metaspace       used 64715K, capacity 67802K, committed 67840K, reserved 1107968K
  class space    used 8235K, capacity 8942K, committed 8960K, reserved 1048576K
Event: 297.429 GC heap after
Heap after GC invocations=39 (full 12):
 PSYoungGen      total 501760K, used 9860K [0x000000076af00000, 0x000000078cb80000, 0x00000007c0000000)
  eden space 482304K, 0% used [0x000000076af00000,0x000000076af00000,0x0000000788600000)
  from space 19456K, 50% used [0x0000000788600000,0x0000000788fa1370,0x0000000789900000)
  to   space 18432K, 0% used [0x000000078b980000,0x000000078b980000,0x000000078cb80000)
 ParOldGen       total 170496K, used 46124K [0x00000006c0c00000, 0x00000006cb280000, 0x000000076af00000)
  object space 170496K, 27% used [0x00000006c0c00000,0x00000006c390b0f8,0x00000006cb280000)
 Metaspace       used 64715K, capacity 67802K, committed 67840K, reserved 1107968K
  class space    used 8235K, capacity 8942K, committed 8960K, reserved 1048576K
}
Event: 303.206 GC heap before
{Heap before GC invocations=40 (full 12):
 PSYoungGen      total 501760K, used 269723K [0x000000076af00000, 0x000000078cb80000, 0x00000007c0000000)
  eden space 482304K, 53% used [0x000000076af00000,0x000000077acc5908,0x0000000788600000)
  from space 19456K, 50% used [0x0000000788600000,0x0000000788fa1370,0x0000000789900000)
  to   space 18432K, 0% used [0x000000078b980000,0x000000078b980000,0x000000078cb80000)
 ParOldGen       total 170496K, used 46124K [0x00000006c0c00000, 0x00000006cb280000, 0x000000076af00000)
  object space 170496K, 27% used [0x00000006c0c00000,0x00000006c390b0f8,0x00000006cb280000)
 Metaspace       used 65421K, capacity 68530K, committed 68736K, reserved 1110016K
  class space    used 8292K, capacity 9011K, committed 9088K, reserved 1048576K
Event: 303.212 GC heap after
Heap after GC invocations=40 (full 12):
 PSYoungGen      total 534016K, used 6745K [0x000000076af00000, 0x000000078ca80000, 0x00000007c0000000)
  eden space 516608K, 0% used [0x000000076af00000,0x000000076af00000,0x000000078a780000)
  from space 17408K, 38% used [0x000000078b980000,0x000000078c0166a8,0x000000078ca80000)
  to   space 17920K, 0% used [0x000000078a780000,0x000000078a780000,0x000000078b900000)
 ParOldGen       total 170496K, used 46132K [0x00000006c0c00000, 0x00000006cb280000, 0x000000076af00000)
  object space 170496K, 27% used [0x00000006c0c00000,0x00000006c390d0f8,0x00000006cb280000)
 Metaspace       used 65421K, capacity 68530K, committed 68736K, reserved 1110016K
  class space    used 8292K, capacity 9011K, committed 9088K, reserved 1048576K
}
Event: 303.212 GC heap before
{Heap before GC invocations=41 (full 13):
 PSYoungGen      total 534016K, used 6745K [0x000000076af00000, 0x000000078ca80000, 0x00000007c0000000)
  eden space 516608K, 0% used [0x000000076af00000,0x000000076af00000,0x000000078a780000)
  from space 17408K, 38% used [0x000000078b980000,0x000000078c0166a8,0x000000078ca80000)
  to   space 17920K, 0% used [0x000000078a780000,0x000000078a780000,0x000000078b900000)
 ParOldGen       total 170496K, used 46132K [0x00000006c0c00000, 0x00000006cb280000, 0x000000076af00000)
  object space 170496K, 27% used [0x00000006c0c00000,0x00000006c390d0f8,0x00000006cb280000)
 Metaspace       used 65421K, capacity 68530K, committed 68736K, reserved 1110016K
  class space    used 8292K, capacity 9011K, committed 9088K, reserved 1048576K
Event: 303.429 GC heap after
Heap after GC invocations=41 (full 13):
 PSYoungGen      total 534016K, used 0K [0x000000076af00000, 0x000000078ca80000, 0x00000007c0000000)
  eden space 516608K, 0% used [0x000000076af00000,0x000000076af00000,0x000000078a780000)
  from space 17408K, 0% used [0x000000078b980000,0x000000078b980000,0x000000078ca80000)
  to   space 17920K, 0% used [0x000000078a780000,0x000000078a780000,0x000000078b900000)
 ParOldGen       total 170496K, used 45801K [0x00000006c0c00000, 0x00000006cb280000, 0x000000076af00000)
  object space 170496K, 26% used [0x00000006c0c00000,0x00000006c38ba638,0x00000006cb280000)
 Metaspace       used 65408K, capacity 68506K, committed 68736K, reserved 1110016K
  class space    used 8289K, capacity 9005K, committed 9088K, reserved 1048576K
}

