# JRE version: Java(TM) SE Runtime Environment (8.0_65-b17) (build 1.8.0_65-b17)
# Java VM: Java HotSpot(TM) 64-Bit Server VM (25.65-b01 mixed mode windows-amd64 compressed oops)
Heap:
 PSYoungGen      total 471040K, used 10853K [0x00000000d5e00000, 0x00000000f5780000, 0x0000000100000000)
  eden space 463360K, 2% used [0x00000000d5e00000,0x00000000d68994e0,0x00000000f2280000)
  from space 7680K, 0% used [0x00000000f2280000,0x00000000f2280000,0x00000000f2a00000)
  to   space 27136K, 0% used [0x00000000f3d00000,0x00000000f3d00000,0x00000000f5780000)
 ParOldGen       total 107520K, used 41515K [0x0000000081a00000, 0x0000000088300000, 0x00000000d5e00000)
  object space 107520K, 38% used [0x0000000081a00000,0x000000008428adf8,0x0000000088300000)
 Metaspace       used 56284K, capacity 57714K, committed 58072K, reserved 1099776K
  class space    used 7436K, capacity 7780K, committed 7896K, reserved 1048576K
GC Heap History (10 events):
Event: 179.103 GC heap before
{Heap before GC invocations=14 (full 3):
 PSYoungGen      total 403456K, used 378880K [0x00000000d5e00000, 0x00000000f0c00000, 0x0000000100000000)
  eden space 378880K, 100% used [0x00000000d5e00000,0x00000000ed000000,0x00000000ed000000)
  from space 24576K, 0% used [0x00000000eec00000,0x00000000eec00000,0x00000000f0400000)
  to   space 28672K, 0% used [0x00000000ed000000,0x00000000ed000000,0x00000000eec00000)
 ParOldGen       total 107520K, used 40976K [0x0000000081a00000, 0x0000000088300000, 0x00000000d5e00000)
  object space 107520K, 38% used [0x0000000081a00000,0x00000000842043e8,0x0000000088300000)
 Metaspace       used 55476K, capacity 56752K, committed 56920K, reserved 1097728K
  class space    used 7348K, capacity 7651K, committed 7768K, reserved 1048576K
Event: 179.123 GC heap after
Heap after GC invocations=14 (full 3):
 PSYoungGen      total 407552K, used 14479K [0x00000000d5e00000, 0x00000000f5880000, 0x0000000100000000)
  eden space 378880K, 0% used [0x00000000d5e00000,0x00000000d5e00000,0x00000000ed000000)
  from space 28672K, 50% used [0x00000000ed000000,0x00000000ede23e40,0x00000000eec00000)
  to   space 27648K, 0% used [0x00000000f3d80000,0x00000000f3d80000,0x00000000f5880000)
 ParOldGen       total 107520K, used 40984K [0x0000000081a00000, 0x0000000088300000, 0x00000000d5e00000)
  object space 107520K, 38% used [0x0000000081a00000,0x00000000842063e8,0x0000000088300000)
 Metaspace       used 55476K, capacity 56752K, committed 56920K, reserved 1097728K
  class space    used 7348K, capacity 7651K, committed 7768K, reserved 1048576K
}
Event: 192.751 GC heap before
{Heap before GC invocations=15 (full 3):
 PSYoungGen      total 407552K, used 72606K [0x00000000d5e00000, 0x00000000f5880000, 0x0000000100000000)
  eden space 378880K, 15% used [0x00000000d5e00000,0x00000000d96c3d38,0x00000000ed000000)
  from space 28672K, 50% used [0x00000000ed000000,0x00000000ede23e40,0x00000000eec00000)
  to   space 27648K, 0% used [0x00000000f3d80000,0x00000000f3d80000,0x00000000f5880000)
 ParOldGen       total 107520K, used 40984K [0x0000000081a00000, 0x0000000088300000, 0x00000000d5e00000)
  object space 107520K, 38% used [0x0000000081a00000,0x00000000842063e8,0x0000000088300000)
 Metaspace       used 55478K, capacity 56758K, committed 56920K, reserved 1097728K
  class space    used 7349K, capacity 7653K, committed 7768K, reserved 1048576K
Event: 192.758 GC heap after
Heap after GC invocations=15 (full 3):
 PSYoungGen      total 491008K, used 4965K [0x00000000d5e00000, 0x00000000f5880000, 0x0000000100000000)
  eden space 463360K, 0% used [0x00000000d5e00000,0x00000000d5e00000,0x00000000f2280000)
  from space 27648K, 17% used [0x00000000f3d80000,0x00000000f4259588,0x00000000f5880000)
  to   space 27648K, 0% used [0x00000000f2280000,0x00000000f2280000,0x00000000f3d80000)
 ParOldGen       total 107520K, used 40992K [0x0000000081a00000, 0x0000000088300000, 0x00000000d5e00000)
  object space 107520K, 38% used [0x0000000081a00000,0x00000000842083e8,0x0000000088300000)
 Metaspace       used 55478K, capacity 56758K, committed 56920K, reserved 1097728K
  class space    used 7349K, capacity 7653K, committed 7768K, reserved 1048576K
}
Event: 192.758 GC heap before
{Heap before GC invocations=16 (full 4):
 PSYoungGen      total 491008K, used 4965K [0x00000000d5e00000, 0x00000000f5880000, 0x0000000100000000)
  eden space 463360K, 0% used [0x00000000d5e00000,0x00000000d5e00000,0x00000000f2280000)
  from space 27648K, 17% used [0x00000000f3d80000,0x00000000f4259588,0x00000000f5880000)
  to   space 27648K, 0% used [0x00000000f2280000,0x00000000f2280000,0x00000000f3d80000)
 ParOldGen       total 107520K, used 40992K [0x0000000081a00000, 0x0000000088300000, 0x00000000d5e00000)
  object space 107520K, 38% used [0x0000000081a00000,0x00000000842083e8,0x0000000088300000)
 Metaspace       used 55478K, capacity 56758K, committed 56920K, reserved 1097728K
  class space    used 7349K, capacity 7653K, committed 7768K, reserved 1048576K
Event: 193.029 GC heap after
Heap after GC invocations=16 (full 4):
 PSYoungGen      total 491008K, used 0K [0x00000000d5e00000, 0x00000000f5880000, 0x0000000100000000)
  eden space 463360K, 0% used [0x00000000d5e00000,0x00000000d5e00000,0x00000000f2280000)
  from space 27648K, 0% used [0x00000000f3d80000,0x00000000f3d80000,0x00000000f5880000)
  to   space 27648K, 0% used [0x00000000f2280000,0x00000000f2280000,0x00000000f3d80000)
 ParOldGen       total 107520K, used 38121K [0x0000000081a00000, 0x0000000088300000, 0x00000000d5e00000)
  object space 107520K, 35% used [0x0000000081a00000,0x0000000083f3a598,0x0000000088300000)
 Metaspace       used 55475K, capacity 56752K, committed 56920K, reserved 1097728K
  class space    used 7348K, capacity 7652K, committed 7768K, reserved 1048576K
}
Event: 200.389 GC heap before
{Heap before GC invocations=17 (full 4):
 PSYoungGen      total 491008K, used 433815K [0x00000000d5e00000, 0x00000000f5880000, 0x0000000100000000)
  eden space 463360K, 93% used [0x00000000d5e00000,0x00000000f05a5e38,0x00000000f2280000)
  from space 27648K, 0% used [0x00000000f3d80000,0x00000000f3d80000,0x00000000f5880000)
  to   space 27648K, 0% used [0x00000000f2280000,0x00000000f2280000,0x00000000f3d80000)
 ParOldGen       total 107520K, used 38121K [0x0000000081a00000, 0x0000000088300000, 0x00000000d5e00000)
  object space 107520K, 35% used [0x0000000081a00000,0x0000000083f3a598,0x0000000088300000)
 Metaspace       used 56287K, capacity 57720K, committed 58072K, reserved 1099776K
  class space    used 7436K, capacity 7781K, committed 7896K, reserved 1048576K
Event: 200.418 GC heap after
Heap after GC invocations=17 (full 4):
 PSYoungGen      total 471040K, used 7519K [0x00000000d5e00000, 0x00000000f5780000, 0x0000000100000000)
  eden space 463360K, 0% used [0x00000000d5e00000,0x00000000d5e00000,0x00000000f2280000)
  from space 7680K, 97% used [0x00000000f2280000,0x00000000f29d7dc0,0x00000000f2a00000)
  to   space 27136K, 0% used [0x00000000f3d00000,0x00000000f3d00000,0x00000000f5780000)
 ParOldGen       total 107520K, used 38129K [0x0000000081a00000, 0x0000000088300000, 0x00000000d5e00000)
  object space 107520K, 35% used [0x0000000081a00000,0x0000000083f3c598,0x0000000088300000)
 Metaspace       used 56287K, capacity 57720K, committed 58072K, reserved 1099776K
  class space    used 7436K, capacity 7781K, committed 7896K, reserved 1048576K
}
Event: 200.418 GC heap before
{Heap before GC invocations=18 (full 5):
 PSYoungGen      total 471040K, used 7519K [0x00000000d5e00000, 0x00000000f5780000, 0x0000000100000000)
  eden space 463360K, 0% used [0x00000000d5e00000,0x00000000d5e00000,0x00000000f2280000)
  from space 7680K, 97% used [0x00000000f2280000,0x00000000f29d7dc0,0x00000000f2a00000)
  to   space 27136K, 0% used [0x00000000f3d00000,0x00000000f3d00000,0x00000000f5780000)
 ParOldGen       total 107520K, used 38129K [0x0000000081a00000, 0x0000000088300000, 0x00000000d5e00000)
  object space 107520K, 35% used [0x0000000081a00000,0x0000000083f3c598,0x0000000088300000)
 Metaspace       used 56287K, capacity 57720K, committed 58072K, reserved 1099776K
  class space    used 7436K, capacity 7781K, committed 7896K, reserved 1048576K
Event: 200.785 GC heap after
Heap after GC invocations=18 (full 5):
 PSYoungGen      total 471040K, used 0K [0x00000000d5e00000, 0x00000000f5780000, 0x0000000100000000)
  eden space 463360K, 0% used [0x00000000d5e00000,0x00000000d5e00000,0x00000000f2280000)
  from space 7680K, 0% used [0x00000000f2280000,0x00000000f2280000,0x00000000f2a00000)
  to   space 27136K, 0% used [0x00000000f3d00000,0x00000000f3d00000,0x00000000f5780000)
 ParOldGen       total 107520K, used 41515K [0x0000000081a00000, 0x0000000088300000, 0x00000000d5e00000)
  object space 107520K, 38% used [0x0000000081a00000,0x000000008428adf8,0x0000000088300000)
 Metaspace       used 56281K, capacity 57708K, committed 58072K, reserved 1099776K
  class space    used 7435K, capacity 7778K, committed 7896K, reserved 1048576K
}

