# JRE version: Java(TM) SE Runtime Environment (8.0_131-b11) (build 1.8.0_131-b11)
# Java VM: Java HotSpot(TM) 64-Bit Server VM (25.131-b11 mixed mode windows-amd64 compressed oops)
Heap:
 PSYoungGen      total 524288K, used 1351K [0x000000076af00000, 0x000000078c400000, 0x00000007c0000000)
  eden space 504832K, 0% used [0x000000076af00000,0x000000076b051ed8,0x0000000789c00000)
  from space 19456K, 0% used [0x000000078b100000,0x000000078b100000,0x000000078c400000)
  to   space 20480K, 0% used [0x0000000789c00000,0x0000000789c00000,0x000000078b000000)
 ParOldGen       total 163328K, used 44528K [0x00000006c0c00000, 0x00000006cab80000, 0x000000076af00000)
  object space 163328K, 27% used [0x00000006c0c00000,0x00000006c377c248,0x00000006cab80000)
 Metaspace       used 61944K, capacity 64778K, committed 65024K, reserved 1105920K
  class space    used 7978K, capacity 8581K, committed 8704K, reserved 1048576K
GC Heap History (10 events):
Event: 1055.341 GC heap before
{Heap before GC invocations=30 (full 8):
 PSYoungGen      total 527360K, used 4996K [0x000000076af00000, 0x000000078c800000, 0x00000007c0000000)
  eden space 504832K, 0% used [0x000000076af00000,0x000000076af00000,0x0000000789c00000)
  from space 22528K, 22% used [0x000000078b200000,0x000000078b6e1118,0x000000078c800000)
  to   space 22528K, 0% used [0x0000000789c00000,0x0000000789c00000,0x000000078b200000)
 ParOldGen       total 163328K, used 39383K [0x00000006c0c00000, 0x00000006cab80000, 0x000000076af00000)
  object space 163328K, 24% used [0x00000006c0c00000,0x00000006c3275c70,0x00000006cab80000)
 Metaspace       used 59845K, capacity 62162K, committed 62336K, reserved 1103872K
  class space    used 7742K, capacity 8234K, committed 8320K, reserved 1048576K
Event: 1055.727 GC heap after
Heap after GC invocations=30 (full 8):
 PSYoungGen      total 527360K, used 0K [0x000000076af00000, 0x000000078c800000, 0x00000007c0000000)
  eden space 504832K, 0% used [0x000000076af00000,0x000000076af00000,0x0000000789c00000)
  from space 22528K, 0% used [0x000000078b200000,0x000000078b200000,0x000000078c800000)
  to   space 22528K, 0% used [0x0000000789c00000,0x0000000789c00000,0x000000078b200000)
 ParOldGen       total 163328K, used 39989K [0x00000006c0c00000, 0x00000006cab80000, 0x000000076af00000)
  object space 163328K, 24% used [0x00000006c0c00000,0x00000006c330d598,0x00000006cab80000)
 Metaspace       used 59839K, capacity 62150K, committed 62336K, reserved 1103872K
  class space    used 7740K, capacity 8231K, committed 8320K, reserved 1048576K
}
Event: 1065.572 GC heap before
{Heap before GC invocations=31 (full 8):
 PSYoungGen      total 527360K, used 433577K [0x000000076af00000, 0x000000078c800000, 0x00000007c0000000)
  eden space 504832K, 85% used [0x000000076af00000,0x000000078566a790,0x0000000789c00000)
  from space 22528K, 0% used [0x000000078b200000,0x000000078b200000,0x000000078c800000)
  to   space 22528K, 0% used [0x0000000789c00000,0x0000000789c00000,0x000000078b200000)
 ParOldGen       total 163328K, used 39989K [0x00000006c0c00000, 0x00000006cab80000, 0x000000076af00000)
  object space 163328K, 24% used [0x00000006c0c00000,0x00000006c330d598,0x00000006cab80000)
 Metaspace       used 61104K, capacity 63848K, committed 64128K, reserved 1105920K
  class space    used 7895K, capacity 8471K, committed 8576K, reserved 1048576K
Event: 1065.587 GC heap after
Heap after GC invocations=31 (full 8):
 PSYoungGen      total 513024K, used 8040K [0x000000076af00000, 0x000000078c600000, 0x00000007c0000000)
  eden space 504832K, 0% used [0x000000076af00000,0x000000076af00000,0x0000000789c00000)
  from space 8192K, 98% used [0x0000000789c00000,0x000000078a3da380,0x000000078a400000)
  to   space 21504K, 0% used [0x000000078b100000,0x000000078b100000,0x000000078c600000)
 ParOldGen       total 163328K, used 39997K [0x00000006c0c00000, 0x00000006cab80000, 0x000000076af00000)
  object space 163328K, 24% used [0x00000006c0c00000,0x00000006c330f598,0x00000006cab80000)
 Metaspace       used 61104K, capacity 63848K, committed 64128K, reserved 1105920K
  class space    used 7895K, capacity 8471K, committed 8576K, reserved 1048576K
}
Event: 1065.587 GC heap before
{Heap before GC invocations=32 (full 9):
 PSYoungGen      total 513024K, used 8040K [0x000000076af00000, 0x000000078c600000, 0x00000007c0000000)
  eden space 504832K, 0% used [0x000000076af00000,0x000000076af00000,0x0000000789c00000)
  from space 8192K, 98% used [0x0000000789c00000,0x000000078a3da380,0x000000078a400000)
  to   space 21504K, 0% used [0x000000078b100000,0x000000078b100000,0x000000078c600000)
 ParOldGen       total 163328K, used 39997K [0x00000006c0c00000, 0x00000006cab80000, 0x000000076af00000)
  object space 163328K, 24% used [0x00000006c0c00000,0x00000006c330f598,0x00000006cab80000)
 Metaspace       used 61104K, capacity 63848K, committed 64128K, reserved 1105920K
  class space    used 7895K, capacity 8471K, committed 8576K, reserved 1048576K
Event: 1065.925 GC heap after
Heap after GC invocations=32 (full 9):
 PSYoungGen      total 513024K, used 0K [0x000000076af00000, 0x000000078c600000, 0x00000007c0000000)
  eden space 504832K, 0% used [0x000000076af00000,0x000000076af00000,0x0000000789c00000)
  from space 8192K, 0% used [0x0000000789c00000,0x0000000789c00000,0x000000078a400000)
  to   space 21504K, 0% used [0x000000078b100000,0x000000078b100000,0x000000078c600000)
 ParOldGen       total 163328K, used 43647K [0x00000006c0c00000, 0x00000006cab80000, 0x000000076af00000)
  object space 163328K, 26% used [0x00000006c0c00000,0x00000006c369fc08,0x00000006cab80000)
 Metaspace       used 61098K, capacity 63836K, committed 64128K, reserved 1105920K
  class space    used 7894K, capacity 8468K, committed 8576K, reserved 1048576K
}
Event: 1087.690 GC heap before
{Heap before GC invocations=33 (full 9):
 PSYoungGen      total 513024K, used 434914K [0x000000076af00000, 0x000000078c600000, 0x00000007c0000000)
  eden space 504832K, 86% used [0x000000076af00000,0x00000007857b8848,0x0000000789c00000)
  from space 8192K, 0% used [0x0000000789c00000,0x0000000789c00000,0x000000078a400000)
  to   space 21504K, 0% used [0x000000078b100000,0x000000078b100000,0x000000078c600000)
 ParOldGen       total 163328K, used 43647K [0x00000006c0c00000, 0x00000006cab80000, 0x000000076af00000)
  object space 163328K, 26% used [0x00000006c0c00000,0x00000006c369fc08,0x00000006cab80000)
 Metaspace       used 61950K, capacity 64790K, committed 65024K, reserved 1105920K
  class space    used 7979K, capacity 8584K, committed 8704K, reserved 1048576K
Event: 1087.697 GC heap after
Heap after GC invocations=33 (full 9):
 PSYoungGen      total 524288K, used 7832K [0x000000076af00000, 0x000000078c400000, 0x00000007c0000000)
  eden space 504832K, 0% used [0x000000076af00000,0x000000076af00000,0x0000000789c00000)
  from space 19456K, 40% used [0x000000078b100000,0x000000078b8a6350,0x000000078c400000)
  to   space 20480K, 0% used [0x0000000789c00000,0x0000000789c00000,0x000000078b000000)
 ParOldGen       total 163328K, used 43655K [0x00000006c0c00000, 0x00000006cab80000, 0x000000076af00000)
  object space 163328K, 26% used [0x00000006c0c00000,0x00000006c36a1c08,0x00000006cab80000)
 Metaspace       used 61950K, capacity 64790K, committed 65024K, reserved 1105920K
  class space    used 7979K, capacity 8584K, committed 8704K, reserved 1048576K
}
Event: 1087.697 GC heap before
{Heap before GC invocations=34 (full 10):
 PSYoungGen      total 524288K, used 7832K [0x000000076af00000, 0x000000078c400000, 0x00000007c0000000)
  eden space 504832K, 0% used [0x000000076af00000,0x000000076af00000,0x0000000789c00000)
  from space 19456K, 40% used [0x000000078b100000,0x000000078b8a6350,0x000000078c400000)
  to   space 20480K, 0% used [0x0000000789c00000,0x0000000789c00000,0x000000078b000000)
 ParOldGen       total 163328K, used 43655K [0x00000006c0c00000, 0x00000006cab80000, 0x000000076af00000)
  object space 163328K, 26% used [0x00000006c0c00000,0x00000006c36a1c08,0x00000006cab80000)
 Metaspace       used 61950K, capacity 64790K, committed 65024K, reserved 1105920K
  class space    used 7979K, capacity 8584K, committed 8704K, reserved 1048576K
Event: 1087.893 GC heap after
Heap after GC invocations=34 (full 10):
 PSYoungGen      total 524288K, used 0K [0x000000076af00000, 0x000000078c400000, 0x00000007c0000000)
  eden space 504832K, 0% used [0x000000076af00000,0x000000076af00000,0x0000000789c00000)
  from space 19456K, 0% used [0x000000078b100000,0x000000078b100000,0x000000078c400000)
  to   space 20480K, 0% used [0x0000000789c00000,0x0000000789c00000,0x000000078b000000)
 ParOldGen       total 163328K, used 44528K [0x00000006c0c00000, 0x00000006cab80000, 0x000000076af00000)
  object space 163328K, 27% used [0x00000006c0c00000,0x00000006c377c248,0x00000006cab80000)
 Metaspace       used 61944K, capacity 64778K, committed 65024K, reserved 1105920K
  class space    used 7978K, capacity 8581K, committed 8704K, reserved 1048576K
}

