# JRE version: Java(TM) SE Runtime Environment (8.0_131-b11) (build 1.8.0_131-b11)
# Java VM: Java HotSpot(TM) 64-Bit Server VM (25.131-b11 mixed mode windows-amd64 compressed oops)
Heap:
 PSYoungGen      total 482304K, used 1249K [0x000000076af00000, 0x0000000789000000, 0x00000007c0000000)
  eden space 472064K, 0% used [0x000000076af00000,0x000000076b038430,0x0000000787c00000)
  from space 10240K, 0% used [0x0000000787c00000,0x0000000787c00000,0x0000000788600000)
  to   space 10240K, 0% used [0x0000000788600000,0x0000000788600000,0x0000000789000000)
 ParOldGen       total 168960K, used 65019K [0x00000006c0c00000, 0x00000006cb100000, 0x000000076af00000)
  object space 168960K, 38% used [0x00000006c0c00000,0x00000006c4b7ef50,0x00000006cb100000)
 Metaspace       used 85430K, capacity 92250K, committed 92416K, reserved 1130496K
  class space    used 10360K, capacity 11929K, committed 12032K, reserved 1048576K
GC Heap History (10 events):
Event: 1407.060 GC heap before
{Heap before GC invocations=82 (full 35):
 PSYoungGen      total 482816K, used 7793K [0x000000076af00000, 0x0000000789100000, 0x00000007c0000000)
  eden space 472064K, 0% used [0x000000076af00000,0x000000076af00000,0x0000000787c00000)
  from space 10752K, 72% used [0x0000000787c00000,0x000000078839c528,0x0000000788680000)
  to   space 10752K, 0% used [0x0000000788680000,0x0000000788680000,0x0000000789100000)
 ParOldGen       total 168960K, used 62759K [0x00000006c0c00000, 0x00000006cb100000, 0x000000076af00000)
  object space 168960K, 37% used [0x00000006c0c00000,0x00000006c4949cd8,0x00000006cb100000)
 Metaspace       used 83780K, capacity 90462K, committed 90624K, reserved 1128448K
  class space    used 10203K, capacity 11720K, committed 11776K, reserved 1048576K
Event: 1407.209 GC heap after
Heap after GC invocations=82 (full 35):
 PSYoungGen      total 482816K, used 0K [0x000000076af00000, 0x0000000789100000, 0x00000007c0000000)
  eden space 472064K, 0% used [0x000000076af00000,0x000000076af00000,0x0000000787c00000)
  from space 10752K, 0% used [0x0000000787c00000,0x0000000787c00000,0x0000000788680000)
  to   space 10752K, 0% used [0x0000000788680000,0x0000000788680000,0x0000000789100000)
 ParOldGen       total 168960K, used 63517K [0x00000006c0c00000, 0x00000006cb100000, 0x000000076af00000)
  object space 168960K, 37% used [0x00000006c0c00000,0x00000006c4a074a8,0x00000006cb100000)
 Metaspace       used 83773K, capacity 90450K, committed 90624K, reserved 1128448K
  class space    used 10202K, capacity 11717K, committed 11776K, reserved 1048576K
}
Event: 1420.037 GC heap before
{Heap before GC invocations=83 (full 35):
 PSYoungGen      total 482816K, used 422798K [0x000000076af00000, 0x0000000789100000, 0x00000007c0000000)
  eden space 472064K, 89% used [0x000000076af00000,0x0000000784be3b80,0x0000000787c00000)
  from space 10752K, 0% used [0x0000000787c00000,0x0000000787c00000,0x0000000788680000)
  to   space 10752K, 0% used [0x0000000788680000,0x0000000788680000,0x0000000789100000)
 ParOldGen       total 168960K, used 63517K [0x00000006c0c00000, 0x00000006cb100000, 0x000000076af00000)
  object space 168960K, 37% used [0x00000006c0c00000,0x00000006c4a074a8,0x00000006cb100000)
 Metaspace       used 84607K, capacity 91362K, committed 91520K, reserved 1128448K
  class space    used 10282K, capacity 11826K, committed 11904K, reserved 1048576K
Event: 1420.043 GC heap after
Heap after GC invocations=83 (full 35):
 PSYoungGen      total 481792K, used 7713K [0x000000076af00000, 0x0000000789000000, 0x00000007c0000000)
  eden space 472064K, 0% used [0x000000076af00000,0x000000076af00000,0x0000000787c00000)
  from space 9728K, 79% used [0x0000000788680000,0x0000000788e08518,0x0000000789000000)
  to   space 10240K, 0% used [0x0000000787c00000,0x0000000787c00000,0x0000000788600000)
 ParOldGen       total 168960K, used 63525K [0x00000006c0c00000, 0x00000006cb100000, 0x000000076af00000)
  object space 168960K, 37% used [0x00000006c0c00000,0x00000006c4a094a8,0x00000006cb100000)
 Metaspace       used 84607K, capacity 91362K, committed 91520K, reserved 1128448K
  class space    used 10282K, capacity 11826K, committed 11904K, reserved 1048576K
}
Event: 1420.043 GC heap before
{Heap before GC invocations=84 (full 36):
 PSYoungGen      total 481792K, used 7713K [0x000000076af00000, 0x0000000789000000, 0x00000007c0000000)
  eden space 472064K, 0% used [0x000000076af00000,0x000000076af00000,0x0000000787c00000)
  from space 9728K, 79% used [0x0000000788680000,0x0000000788e08518,0x0000000789000000)
  to   space 10240K, 0% used [0x0000000787c00000,0x0000000787c00000,0x0000000788600000)
 ParOldGen       total 168960K, used 63525K [0x00000006c0c00000, 0x00000006cb100000, 0x000000076af00000)
  object space 168960K, 37% used [0x00000006c0c00000,0x00000006c4a094a8,0x00000006cb100000)
 Metaspace       used 84607K, capacity 91362K, committed 91520K, reserved 1128448K
  class space    used 10282K, capacity 11826K, committed 11904K, reserved 1048576K
Event: 1420.203 GC heap after
Heap after GC invocations=84 (full 36):
 PSYoungGen      total 481792K, used 0K [0x000000076af00000, 0x0000000789000000, 0x00000007c0000000)
  eden space 472064K, 0% used [0x000000076af00000,0x000000076af00000,0x0000000787c00000)
  from space 9728K, 0% used [0x0000000788680000,0x0000000788680000,0x0000000789000000)
  to   space 10240K, 0% used [0x0000000787c00000,0x0000000787c00000,0x0000000788600000)
 ParOldGen       total 168960K, used 64289K [0x00000006c0c00000, 0x00000006cb100000, 0x000000076af00000)
  object space 168960K, 38% used [0x00000006c0c00000,0x00000006c4ac8658,0x00000006cb100000)
 Metaspace       used 84601K, capacity 91350K, committed 91520K, reserved 1128448K
  class space    used 10281K, capacity 11823K, committed 11904K, reserved 1048576K
}
Event: 1438.931 GC heap before
{Heap before GC invocations=85 (full 36):
 PSYoungGen      total 481792K, used 427699K [0x000000076af00000, 0x0000000789000000, 0x00000007c0000000)
  eden space 472064K, 90% used [0x000000076af00000,0x00000007850acc38,0x0000000787c00000)
  from space 9728K, 0% used [0x0000000788680000,0x0000000788680000,0x0000000789000000)
  to   space 10240K, 0% used [0x0000000787c00000,0x0000000787c00000,0x0000000788600000)
 ParOldGen       total 168960K, used 64289K [0x00000006c0c00000, 0x00000006cb100000, 0x000000076af00000)
  object space 168960K, 38% used [0x00000006c0c00000,0x00000006c4ac8658,0x00000006cb100000)
 Metaspace       used 85436K, capacity 92262K, committed 92416K, reserved 1130496K
  class space    used 10361K, capacity 11932K, committed 12032K, reserved 1048576K
Event: 1438.937 GC heap after
Heap after GC invocations=85 (full 36):
 PSYoungGen      total 482304K, used 7697K [0x000000076af00000, 0x0000000789000000, 0x00000007c0000000)
  eden space 472064K, 0% used [0x000000076af00000,0x000000076af00000,0x0000000787c00000)
  from space 10240K, 75% used [0x0000000787c00000,0x0000000788384528,0x0000000788600000)
  to   space 10240K, 0% used [0x0000000788600000,0x0000000788600000,0x0000000789000000)
 ParOldGen       total 168960K, used 64297K [0x00000006c0c00000, 0x00000006cb100000, 0x000000076af00000)
  object space 168960K, 38% used [0x00000006c0c00000,0x00000006c4aca658,0x00000006cb100000)
 Metaspace       used 85436K, capacity 92262K, committed 92416K, reserved 1130496K
  class space    used 10361K, capacity 11932K, committed 12032K, reserved 1048576K
}
Event: 1438.937 GC heap before
{Heap before GC invocations=86 (full 37):
 PSYoungGen      total 482304K, used 7697K [0x000000076af00000, 0x0000000789000000, 0x00000007c0000000)
  eden space 472064K, 0% used [0x000000076af00000,0x000000076af00000,0x0000000787c00000)
  from space 10240K, 75% used [0x0000000787c00000,0x0000000788384528,0x0000000788600000)
  to   space 10240K, 0% used [0x0000000788600000,0x0000000788600000,0x0000000789000000)
 ParOldGen       total 168960K, used 64297K [0x00000006c0c00000, 0x00000006cb100000, 0x000000076af00000)
  object space 168960K, 38% used [0x00000006c0c00000,0x00000006c4aca658,0x00000006cb100000)
 Metaspace       used 85436K, capacity 92262K, committed 92416K, reserved 1130496K
  class space    used 10361K, capacity 11932K, committed 12032K, reserved 1048576K
Event: 1439.029 GC heap after
Heap after GC invocations=86 (full 37):
 PSYoungGen      total 482304K, used 0K [0x000000076af00000, 0x0000000789000000, 0x00000007c0000000)
  eden space 472064K, 0% used [0x000000076af00000,0x000000076af00000,0x0000000787c00000)
  from space 10240K, 0% used [0x0000000787c00000,0x0000000787c00000,0x0000000788600000)
  to   space 10240K, 0% used [0x0000000788600000,0x0000000788600000,0x0000000789000000)
 ParOldGen       total 168960K, used 65019K [0x00000006c0c00000, 0x00000006cb100000, 0x000000076af00000)
  object space 168960K, 38% used [0x00000006c0c00000,0x00000006c4b7ef50,0x00000006cb100000)
 Metaspace       used 85430K, capacity 92250K, committed 92416K, reserved 1130496K
  class space    used 10360K, capacity 11929K, committed 12032K, reserved 1048576K
}

