# JRE version: Java(TM) SE Runtime Environment (8.0_65-b17) (build 1.8.0_65-b17)
# Java VM: Java HotSpot(TM) 64-Bit Server VM (25.65-b01 mixed mode windows-amd64 compressed oops)
Heap:
 PSYoungGen      total 525824K, used 3692K [0x00000000d5e00000, 0x00000000f9500000, 0x0000000100000000)
  eden space 518144K, 0% used [0x00000000d5e00000,0x00000000d619b2a0,0x00000000f5800000)
  from space 7680K, 0% used [0x00000000f5800000,0x00000000f5800000,0x00000000f5f80000)
  to   space 31232K, 0% used [0x00000000f7680000,0x00000000f7680000,0x00000000f9500000)
 ParOldGen       total 157696K, used 55193K [0x0000000081a00000, 0x000000008b400000, 0x00000000d5e00000)
  object space 157696K, 34% used [0x0000000081a00000,0x0000000084fe6618,0x000000008b400000)
 Metaspace       used 61635K, capacity 63736K, committed 63832K, reserved 1103872K
  class space    used 8049K, capacity 8495K, committed 8536K, reserved 1048576K
GC Heap History (10 events):
Event: 159.884 GC heap before
{Heap before GC invocations=24 (full 5):
 PSYoungGen      total 480256K, used 448512K [0x00000000d5e00000, 0x00000000f5500000, 0x0000000100000000)
  eden space 448512K, 100% used [0x00000000d5e00000,0x00000000f1400000,0x00000000f1400000)
  from space 31744K, 0% used [0x00000000f3600000,0x00000000f3600000,0x00000000f5500000)
  to   space 33280K, 0% used [0x00000000f1400000,0x00000000f1400000,0x00000000f3480000)
 ParOldGen       total 157696K, used 51424K [0x0000000081a00000, 0x000000008b400000, 0x00000000d5e00000)
  object space 157696K, 32% used [0x0000000081a00000,0x0000000084c380f0,0x000000008b400000)
 Metaspace       used 60846K, capacity 62852K, committed 62936K, reserved 1103872K
  class space    used 7968K, capacity 8382K, committed 8408K, reserved 1048576K
Event: 159.907 GC heap after
Heap after GC invocations=24 (full 5):
 PSYoungGen      total 481792K, used 7647K [0x00000000d5e00000, 0x00000000f9700000, 0x0000000100000000)
  eden space 448512K, 0% used [0x00000000d5e00000,0x00000000d5e00000,0x00000000f1400000)
  from space 33280K, 22% used [0x00000000f1400000,0x00000000f1b77de0,0x00000000f3480000)
  to   space 32256K, 0% used [0x00000000f7780000,0x00000000f7780000,0x00000000f9700000)
 ParOldGen       total 157696K, used 51432K [0x0000000081a00000, 0x000000008b400000, 0x00000000d5e00000)
  object space 157696K, 32% used [0x0000000081a00000,0x0000000084c3a0f0,0x000000008b400000)
 Metaspace       used 60846K, capacity 62852K, committed 62936K, reserved 1103872K
  class space    used 7968K, capacity 8382K, committed 8408K, reserved 1048576K
}
Event: 159.919 GC heap before
{Heap before GC invocations=25 (full 5):
 PSYoungGen      total 481792K, used 15439K [0x00000000d5e00000, 0x00000000f9700000, 0x0000000100000000)
  eden space 448512K, 1% used [0x00000000d5e00000,0x00000000d659c1d0,0x00000000f1400000)
  from space 33280K, 22% used [0x00000000f1400000,0x00000000f1b77de0,0x00000000f3480000)
  to   space 32256K, 0% used [0x00000000f7780000,0x00000000f7780000,0x00000000f9700000)
 ParOldGen       total 157696K, used 51432K [0x0000000081a00000, 0x000000008b400000, 0x00000000d5e00000)
  object space 157696K, 32% used [0x0000000081a00000,0x0000000084c3a0f0,0x000000008b400000)
 Metaspace       used 60846K, capacity 62852K, committed 62936K, reserved 1103872K
  class space    used 7968K, capacity 8382K, committed 8408K, reserved 1048576K
Event: 159.950 GC heap after
Heap after GC invocations=25 (full 5):
 PSYoungGen      total 550400K, used 4309K [0x00000000d5e00000, 0x00000000f9700000, 0x0000000100000000)
  eden space 518144K, 0% used [0x00000000d5e00000,0x00000000d5e00000,0x00000000f5800000)
  from space 32256K, 13% used [0x00000000f7780000,0x00000000f7bb54f8,0x00000000f9700000)
  to   space 32256K, 0% used [0x00000000f5800000,0x00000000f5800000,0x00000000f7780000)
 ParOldGen       total 157696K, used 51432K [0x0000000081a00000, 0x000000008b400000, 0x00000000d5e00000)
  object space 157696K, 32% used [0x0000000081a00000,0x0000000084c3a0f0,0x000000008b400000)
 Metaspace       used 60846K, capacity 62852K, committed 62936K, reserved 1103872K
  class space    used 7968K, capacity 8382K, committed 8408K, reserved 1048576K
}
Event: 159.950 GC heap before
{Heap before GC invocations=26 (full 6):
 PSYoungGen      total 550400K, used 4309K [0x00000000d5e00000, 0x00000000f9700000, 0x0000000100000000)
  eden space 518144K, 0% used [0x00000000d5e00000,0x00000000d5e00000,0x00000000f5800000)
  from space 32256K, 13% used [0x00000000f7780000,0x00000000f7bb54f8,0x00000000f9700000)
  to   space 32256K, 0% used [0x00000000f5800000,0x00000000f5800000,0x00000000f7780000)
 ParOldGen       total 157696K, used 51432K [0x0000000081a00000, 0x000000008b400000, 0x00000000d5e00000)
  object space 157696K, 32% used [0x0000000081a00000,0x0000000084c3a0f0,0x000000008b400000)
 Metaspace       used 60846K, capacity 62852K, committed 62936K, reserved 1103872K
  class space    used 7968K, capacity 8382K, committed 8408K, reserved 1048576K
Event: 160.558 GC heap after
Heap after GC invocations=26 (full 6):
 PSYoungGen      total 550400K, used 0K [0x00000000d5e00000, 0x00000000f9700000, 0x0000000100000000)
  eden space 518144K, 0% used [0x00000000d5e00000,0x00000000d5e00000,0x00000000f5800000)
  from space 32256K, 0% used [0x00000000f7780000,0x00000000f7780000,0x00000000f9700000)
  to   space 32256K, 0% used [0x00000000f5800000,0x00000000f5800000,0x00000000f7780000)
 ParOldGen       total 157696K, used 51371K [0x0000000081a00000, 0x000000008b400000, 0x00000000d5e00000)
  object space 157696K, 32% used [0x0000000081a00000,0x0000000084c2aee0,0x000000008b400000)
 Metaspace       used 60840K, capacity 62840K, committed 62936K, reserved 1103872K
  class space    used 7967K, capacity 8379K, committed 8408K, reserved 1048576K
}
Event: 224.084 GC heap before
{Heap before GC invocations=27 (full 6):
 PSYoungGen      total 550400K, used 470159K [0x00000000d5e00000, 0x00000000f9700000, 0x0000000100000000)
  eden space 518144K, 90% used [0x00000000d5e00000,0x00000000f2923da8,0x00000000f5800000)
  from space 32256K, 0% used [0x00000000f7780000,0x00000000f7780000,0x00000000f9700000)
  to   space 32256K, 0% used [0x00000000f5800000,0x00000000f5800000,0x00000000f7780000)
 ParOldGen       total 157696K, used 51371K [0x0000000081a00000, 0x000000008b400000, 0x00000000d5e00000)
  object space 157696K, 32% used [0x0000000081a00000,0x0000000084c2aee0,0x000000008b400000)
 Metaspace       used 61641K, capacity 63748K, committed 63832K, reserved 1103872K
  class space    used 8050K, capacity 8498K, committed 8536K, reserved 1048576K
Event: 224.094 GC heap after
Heap after GC invocations=27 (full 6):
 PSYoungGen      total 525824K, used 7535K [0x00000000d5e00000, 0x00000000f9500000, 0x0000000100000000)
  eden space 518144K, 0% used [0x00000000d5e00000,0x00000000d5e00000,0x00000000f5800000)
  from space 7680K, 98% used [0x00000000f5800000,0x00000000f5f5bdd0,0x00000000f5f80000)
  to   space 31232K, 0% used [0x00000000f7680000,0x00000000f7680000,0x00000000f9500000)
 ParOldGen       total 157696K, used 51379K [0x0000000081a00000, 0x000000008b400000, 0x00000000d5e00000)
  object space 157696K, 32% used [0x0000000081a00000,0x0000000084c2cee0,0x000000008b400000)
 Metaspace       used 61641K, capacity 63748K, committed 63832K, reserved 1103872K
  class space    used 8050K, capacity 8498K, committed 8536K, reserved 1048576K
}
Event: 224.094 GC heap before
{Heap before GC invocations=28 (full 7):
 PSYoungGen      total 525824K, used 7535K [0x00000000d5e00000, 0x00000000f9500000, 0x0000000100000000)
  eden space 518144K, 0% used [0x00000000d5e00000,0x00000000d5e00000,0x00000000f5800000)
  from space 7680K, 98% used [0x00000000f5800000,0x00000000f5f5bdd0,0x00000000f5f80000)
  to   space 31232K, 0% used [0x00000000f7680000,0x00000000f7680000,0x00000000f9500000)
 ParOldGen       total 157696K, used 51379K [0x0000000081a00000, 0x000000008b400000, 0x00000000d5e00000)
  object space 157696K, 32% used [0x0000000081a00000,0x0000000084c2cee0,0x000000008b400000)
 Metaspace       used 61641K, capacity 63748K, committed 63832K, reserved 1103872K
  class space    used 8050K, capacity 8498K, committed 8536K, reserved 1048576K
Event: 224.384 GC heap after
Heap after GC invocations=28 (full 7):
 PSYoungGen      total 525824K, used 0K [0x00000000d5e00000, 0x00000000f9500000, 0x0000000100000000)
  eden space 518144K, 0% used [0x00000000d5e00000,0x00000000d5e00000,0x00000000f5800000)
  from space 7680K, 0% used [0x00000000f5800000,0x00000000f5800000,0x00000000f5f80000)
  to   space 31232K, 0% used [0x00000000f7680000,0x00000000f7680000,0x00000000f9500000)
 ParOldGen       total 157696K, used 55193K [0x0000000081a00000, 0x000000008b400000, 0x00000000d5e00000)
  object space 157696K, 34% used [0x0000000081a00000,0x0000000084fe6618,0x000000008b400000)
 Metaspace       used 61635K, capacity 63736K, committed 63832K, reserved 1103872K
  class space    used 8049K, capacity 8495K, committed 8536K, reserved 1048576K
}

