# JRE version: Java(TM) SE Runtime Environment (8.0_131-b11) (build 1.8.0_131-b11)
# Java VM: Java HotSpot(TM) 64-Bit Server VM (25.131-b11 mixed mode windows-amd64 compressed oops)
Heap:
 PSYoungGen      total 467456K, used 420K [0x000000076af00000, 0x0000000789080000, 0x00000007c0000000)
  eden space 457216K, 0% used [0x000000076af00000,0x000000076af69230,0x0000000786d80000)
  from space 10240K, 0% used [0x0000000786d80000,0x0000000786d80000,0x0000000787780000)
  to   space 17920K, 0% used [0x0000000787f00000,0x0000000787f00000,0x0000000789080000)
 ParOldGen       total 182272K, used 49782K [0x00000006c0c00000, 0x00000006cbe00000, 0x000000076af00000)
  object space 182272K, 27% used [0x00000006c0c00000,0x00000006c3c9daa8,0x00000006cbe00000)
 Metaspace       used 65385K, capacity 68474K, committed 68736K, reserved 1110016K
  class space    used 8276K, capacity 8973K, committed 9088K, reserved 1048576K
GC Heap History (10 events):
Event: 946.597 GC heap before
{Heap before GC invocations=40 (full 13):
 PSYoungGen      total 466944K, used 9700K [0x000000076af00000, 0x0000000789380000, 0x00000007c0000000)
  eden space 457216K, 0% used [0x000000076af00000,0x000000076af00000,0x0000000786d80000)
  from space 9728K, 99% used [0x0000000786d80000,0x00000007876f9318,0x0000000787700000)
  to   space 19456K, 0% used [0x0000000788080000,0x0000000788080000,0x0000000789380000)
 ParOldGen       total 182272K, used 47328K [0x00000006c0c00000, 0x00000006cbe00000, 0x000000076af00000)
  object space 182272K, 25% used [0x00000006c0c00000,0x00000006c3a38330,0x00000006cbe00000)
 Metaspace       used 63687K, capacity 66622K, committed 66944K, reserved 1107968K
  class space    used 8117K, capacity 8764K, committed 8832K, reserved 1048576K
Event: 946.736 GC heap after
Heap after GC invocations=40 (full 13):
 PSYoungGen      total 466944K, used 0K [0x000000076af00000, 0x0000000789380000, 0x00000007c0000000)
  eden space 457216K, 0% used [0x000000076af00000,0x000000076af00000,0x0000000786d80000)
  from space 9728K, 0% used [0x0000000786d80000,0x0000000786d80000,0x0000000787700000)
  to   space 19456K, 0% used [0x0000000788080000,0x0000000788080000,0x0000000789380000)
 ParOldGen       total 182272K, used 48080K [0x00000006c0c00000, 0x00000006cbe00000, 0x000000076af00000)
  object space 182272K, 26% used [0x00000006c0c00000,0x00000006c3af4338,0x00000006cbe00000)
 Metaspace       used 63681K, capacity 66610K, committed 66944K, reserved 1107968K
  class space    used 8116K, capacity 8761K, committed 8832K, reserved 1048576K
}
Event: 951.517 GC heap before
{Heap before GC invocations=41 (full 13):
 PSYoungGen      total 466944K, used 427014K [0x000000076af00000, 0x0000000789380000, 0x00000007c0000000)
  eden space 457216K, 93% used [0x000000076af00000,0x00000007850019b8,0x0000000786d80000)
  from space 9728K, 0% used [0x0000000786d80000,0x0000000786d80000,0x0000000787700000)
  to   space 19456K, 0% used [0x0000000788080000,0x0000000788080000,0x0000000789380000)
 ParOldGen       total 182272K, used 48080K [0x00000006c0c00000, 0x00000006cbe00000, 0x000000076af00000)
  object space 182272K, 26% used [0x00000006c0c00000,0x00000006c3af4338,0x00000006cbe00000)
 Metaspace       used 64566K, capacity 67586K, committed 67840K, reserved 1107968K
  class space    used 8197K, capacity 8870K, committed 8960K, reserved 1048576K
Event: 951.524 GC heap after
Heap after GC invocations=41 (full 13):
 PSYoungGen      total 474624K, used 9742K [0x000000076af00000, 0x0000000789180000, 0x00000007c0000000)
  eden space 457216K, 0% used [0x000000076af00000,0x000000076af00000,0x0000000786d80000)
  from space 17408K, 55% used [0x0000000788080000,0x0000000788a03950,0x0000000789180000)
  to   space 18432K, 0% used [0x0000000786d80000,0x0000000786d80000,0x0000000787f80000)
 ParOldGen       total 182272K, used 48088K [0x00000006c0c00000, 0x00000006cbe00000, 0x000000076af00000)
  object space 182272K, 26% used [0x00000006c0c00000,0x00000006c3af6338,0x00000006cbe00000)
 Metaspace       used 64566K, capacity 67586K, committed 67840K, reserved 1107968K
  class space    used 8197K, capacity 8870K, committed 8960K, reserved 1048576K
}
Event: 951.524 GC heap before
{Heap before GC invocations=42 (full 14):
 PSYoungGen      total 474624K, used 9742K [0x000000076af00000, 0x0000000789180000, 0x00000007c0000000)
  eden space 457216K, 0% used [0x000000076af00000,0x000000076af00000,0x0000000786d80000)
  from space 17408K, 55% used [0x0000000788080000,0x0000000788a03950,0x0000000789180000)
  to   space 18432K, 0% used [0x0000000786d80000,0x0000000786d80000,0x0000000787f80000)
 ParOldGen       total 182272K, used 48088K [0x00000006c0c00000, 0x00000006cbe00000, 0x000000076af00000)
  object space 182272K, 26% used [0x00000006c0c00000,0x00000006c3af6338,0x00000006cbe00000)
 Metaspace       used 64566K, capacity 67586K, committed 67840K, reserved 1107968K
  class space    used 8197K, capacity 8870K, committed 8960K, reserved 1048576K
Event: 951.672 GC heap after
Heap after GC invocations=42 (full 14):
 PSYoungGen      total 474624K, used 0K [0x000000076af00000, 0x0000000789180000, 0x00000007c0000000)
  eden space 457216K, 0% used [0x000000076af00000,0x000000076af00000,0x0000000786d80000)
  from space 17408K, 0% used [0x0000000788080000,0x0000000788080000,0x0000000789180000)
  to   space 18432K, 0% used [0x0000000786d80000,0x0000000786d80000,0x0000000787f80000)
 ParOldGen       total 182272K, used 48914K [0x00000006c0c00000, 0x00000006cbe00000, 0x000000076af00000)
  object space 182272K, 26% used [0x00000006c0c00000,0x00000006c3bc4bc8,0x00000006cbe00000)
 Metaspace       used 64560K, capacity 67574K, committed 67840K, reserved 1107968K
  class space    used 8196K, capacity 8867K, committed 8960K, reserved 1048576K
}
Event: 959.326 GC heap before
{Heap before GC invocations=43 (full 14):
 PSYoungGen      total 474624K, used 426334K [0x000000076af00000, 0x0000000789180000, 0x00000007c0000000)
  eden space 457216K, 93% used [0x000000076af00000,0x0000000784f579b0,0x0000000786d80000)
  from space 17408K, 0% used [0x0000000788080000,0x0000000788080000,0x0000000789180000)
  to   space 18432K, 0% used [0x0000000786d80000,0x0000000786d80000,0x0000000787f80000)
 ParOldGen       total 182272K, used 48914K [0x00000006c0c00000, 0x00000006cbe00000, 0x000000076af00000)
  object space 182272K, 26% used [0x00000006c0c00000,0x00000006c3bc4bc8,0x00000006cbe00000)
 Metaspace       used 65391K, capacity 68486K, committed 68736K, reserved 1110016K
  class space    used 8277K, capacity 8976K, committed 9088K, reserved 1048576K
Event: 959.332 GC heap after
Heap after GC invocations=43 (full 14):
 PSYoungGen      total 467456K, used 9784K [0x000000076af00000, 0x0000000789080000, 0x00000007c0000000)
  eden space 457216K, 0% used [0x000000076af00000,0x000000076af00000,0x0000000786d80000)
  from space 10240K, 95% used [0x0000000786d80000,0x000000078770e380,0x0000000787780000)
  to   space 17920K, 0% used [0x0000000787f00000,0x0000000787f00000,0x0000000789080000)
 ParOldGen       total 182272K, used 48922K [0x00000006c0c00000, 0x00000006cbe00000, 0x000000076af00000)
  object space 182272K, 26% used [0x00000006c0c00000,0x00000006c3bc6bc8,0x00000006cbe00000)
 Metaspace       used 65391K, capacity 68486K, committed 68736K, reserved 1110016K
  class space    used 8277K, capacity 8976K, committed 9088K, reserved 1048576K
}
Event: 959.332 GC heap before
{Heap before GC invocations=44 (full 15):
 PSYoungGen      total 467456K, used 9784K [0x000000076af00000, 0x0000000789080000, 0x00000007c0000000)
  eden space 457216K, 0% used [0x000000076af00000,0x000000076af00000,0x0000000786d80000)
  from space 10240K, 95% used [0x0000000786d80000,0x000000078770e380,0x0000000787780000)
  to   space 17920K, 0% used [0x0000000787f00000,0x0000000787f00000,0x0000000789080000)
 ParOldGen       total 182272K, used 48922K [0x00000006c0c00000, 0x00000006cbe00000, 0x000000076af00000)
  object space 182272K, 26% used [0x00000006c0c00000,0x00000006c3bc6bc8,0x00000006cbe00000)
 Metaspace       used 65391K, capacity 68486K, committed 68736K, reserved 1110016K
  class space    used 8277K, capacity 8976K, committed 9088K, reserved 1048576K
Event: 959.440 GC heap after
Heap after GC invocations=44 (full 15):
 PSYoungGen      total 467456K, used 0K [0x000000076af00000, 0x0000000789080000, 0x00000007c0000000)
  eden space 457216K, 0% used [0x000000076af00000,0x000000076af00000,0x0000000786d80000)
  from space 10240K, 0% used [0x0000000786d80000,0x0000000786d80000,0x0000000787780000)
  to   space 17920K, 0% used [0x0000000787f00000,0x0000000787f00000,0x0000000789080000)
 ParOldGen       total 182272K, used 49782K [0x00000006c0c00000, 0x00000006cbe00000, 0x000000076af00000)
  object space 182272K, 27% used [0x00000006c0c00000,0x00000006c3c9daa8,0x00000006cbe00000)
 Metaspace       used 65385K, capacity 68474K, committed 68736K, reserved 1110016K
  class space    used 8276K, capacity 8973K, committed 9088K, reserved 1048576K
}

