# JRE version: Java(TM) SE Runtime Environment (8.0_131-b11) (build 1.8.0_131-b11)
# Java VM: Java HotSpot(TM) 64-Bit Server VM (25.131-b11 mixed mode windows-amd64 compressed oops)
Heap:
 PSYoungGen      total 448000K, used 4822K [0x000000076af00000, 0x000000078a280000, 0x00000007c0000000)
  eden space 425984K, 1% used [0x000000076af00000,0x000000076b3b5850,0x0000000784f00000)
  from space 22016K, 0% used [0x0000000784f00000,0x0000000784f00000,0x0000000786480000)
  to   space 21504K, 0% used [0x0000000788d80000,0x0000000788d80000,0x000000078a280000)
 ParOldGen       total 180224K, used 43509K [0x00000006c0c00000, 0x00000006cbc00000, 0x000000076af00000)
  object space 180224K, 24% used [0x00000006c0c00000,0x00000006c367d4c8,0x00000006cbc00000)
 Metaspace       used 61219K, capacity 64010K, committed 64128K, reserved 1105920K
  class space    used 7885K, capacity 8476K, committed 8576K, reserved 1048576K
GC Heap History (10 events):
Event: 459.536 GC heap before
{Heap before GC invocations=27 (full 8):
 PSYoungGen      total 435712K, used 18711K [0x000000076af00000, 0x0000000788080000, 0x00000007c0000000)
  eden space 424960K, 1% used [0x000000076af00000,0x000000076b71f368,0x0000000784e00000)
  from space 10752K, 96% used [0x0000000787600000,0x00000007880268f8,0x0000000788080000)
  to   space 23552K, 0% used [0x0000000785280000,0x0000000785280000,0x0000000786980000)
 ParOldGen       total 180224K, used 41735K [0x00000006c0c00000, 0x00000006cbc00000, 0x000000076af00000)
  object space 180224K, 23% used [0x00000006c0c00000,0x00000006c34c1db8,0x00000006cbc00000)
 Metaspace       used 59913K, capacity 62320K, committed 62592K, reserved 1103872K
  class space    used 7726K, capacity 8239K, committed 8320K, reserved 1048576K
Event: 459.541 GC heap after
Heap after GC invocations=27 (full 8):
 PSYoungGen      total 432640K, used 7456K [0x000000076af00000, 0x0000000787b00000, 0x00000007c0000000)
  eden space 424960K, 0% used [0x000000076af00000,0x000000076af00000,0x0000000784e00000)
  from space 7680K, 97% used [0x0000000785280000,0x00000007859c8000,0x0000000785a00000)
  to   space 23040K, 0% used [0x0000000786480000,0x0000000786480000,0x0000000787b00000)
 ParOldGen       total 180224K, used 41735K [0x00000006c0c00000, 0x00000006cbc00000, 0x000000076af00000)
  object space 180224K, 23% used [0x00000006c0c00000,0x00000006c34c1db8,0x00000006cbc00000)
 Metaspace       used 59913K, capacity 62320K, committed 62592K, reserved 1103872K
  class space    used 7726K, capacity 8239K, committed 8320K, reserved 1048576K
}
Event: 459.541 GC heap before
{Heap before GC invocations=28 (full 9):
 PSYoungGen      total 432640K, used 7456K [0x000000076af00000, 0x0000000787b00000, 0x00000007c0000000)
  eden space 424960K, 0% used [0x000000076af00000,0x000000076af00000,0x0000000784e00000)
  from space 7680K, 97% used [0x0000000785280000,0x00000007859c8000,0x0000000785a00000)
  to   space 23040K, 0% used [0x0000000786480000,0x0000000786480000,0x0000000787b00000)
 ParOldGen       total 180224K, used 41735K [0x00000006c0c00000, 0x00000006cbc00000, 0x000000076af00000)
  object space 180224K, 23% used [0x00000006c0c00000,0x00000006c34c1db8,0x00000006cbc00000)
 Metaspace       used 59913K, capacity 62320K, committed 62592K, reserved 1103872K
  class space    used 7726K, capacity 8239K, committed 8320K, reserved 1048576K
Event: 459.680 GC heap after
Heap after GC invocations=28 (full 9):
 PSYoungGen      total 432640K, used 0K [0x000000076af00000, 0x0000000787b00000, 0x00000007c0000000)
  eden space 424960K, 0% used [0x000000076af00000,0x000000076af00000,0x0000000784e00000)
  from space 7680K, 0% used [0x0000000785280000,0x0000000785280000,0x0000000785a00000)
  to   space 23040K, 0% used [0x0000000786480000,0x0000000786480000,0x0000000787b00000)
 ParOldGen       total 180224K, used 42348K [0x00000006c0c00000, 0x00000006cbc00000, 0x000000076af00000)
  object space 180224K, 23% used [0x00000006c0c00000,0x00000006c355b2f0,0x00000006cbc00000)
 Metaspace       used 59906K, capacity 62308K, committed 62592K, reserved 1103872K
  class space    used 7724K, capacity 8236K, committed 8320K, reserved 1048576K
}
Event: 490.114 GC heap before
{Heap before GC invocations=29 (full 9):
 PSYoungGen      total 432640K, used 424960K [0x000000076af00000, 0x0000000787b00000, 0x00000007c0000000)
  eden space 424960K, 100% used [0x000000076af00000,0x0000000784e00000,0x0000000784e00000)
  from space 7680K, 0% used [0x0000000785280000,0x0000000785280000,0x0000000785a00000)
  to   space 23040K, 0% used [0x0000000786480000,0x0000000786480000,0x0000000787b00000)
 ParOldGen       total 180224K, used 42348K [0x00000006c0c00000, 0x00000006cbc00000, 0x000000076af00000)
  object space 180224K, 23% used [0x00000006c0c00000,0x00000006c355b2f0,0x00000006cbc00000)
 Metaspace       used 61219K, capacity 64012K, committed 64128K, reserved 1105920K
  class space    used 7886K, capacity 8477K, committed 8576K, reserved 1048576K
Event: 490.121 GC heap after
Heap after GC invocations=29 (full 9):
 PSYoungGen      total 449024K, used 10632K [0x000000076af00000, 0x000000078a380000, 0x00000007c0000000)
  eden space 425984K, 0% used [0x000000076af00000,0x000000076af00000,0x0000000784f00000)
  from space 23040K, 46% used [0x0000000786480000,0x0000000786ee23c0,0x0000000787b00000)
  to   space 22016K, 0% used [0x0000000784f00000,0x0000000784f00000,0x0000000786480000)
 ParOldGen       total 180224K, used 42356K [0x00000006c0c00000, 0x00000006cbc00000, 0x000000076af00000)
  object space 180224K, 23% used [0x00000006c0c00000,0x00000006c355d2f0,0x00000006cbc00000)
 Metaspace       used 61219K, capacity 64012K, committed 64128K, reserved 1105920K
  class space    used 7886K, capacity 8477K, committed 8576K, reserved 1048576K
}
Event: 490.125 GC heap before
{Heap before GC invocations=30 (full 9):
 PSYoungGen      total 449024K, used 21651K [0x000000076af00000, 0x000000078a380000, 0x00000007c0000000)
  eden space 425984K, 2% used [0x000000076af00000,0x000000076b9c2a68,0x0000000784f00000)
  from space 23040K, 46% used [0x0000000786480000,0x0000000786ee23c0,0x0000000787b00000)
  to   space 22016K, 0% used [0x0000000784f00000,0x0000000784f00000,0x0000000786480000)
 ParOldGen       total 180224K, used 42356K [0x00000006c0c00000, 0x00000006cbc00000, 0x000000076af00000)
  object space 180224K, 23% used [0x00000006c0c00000,0x00000006c355d2f0,0x00000006cbc00000)
 Metaspace       used 61219K, capacity 64012K, committed 64128K, reserved 1105920K
  class space    used 7886K, capacity 8477K, committed 8576K, reserved 1048576K
Event: 490.130 GC heap after
Heap after GC invocations=30 (full 9):
 PSYoungGen      total 448000K, used 7872K [0x000000076af00000, 0x000000078a280000, 0x00000007c0000000)
  eden space 425984K, 0% used [0x000000076af00000,0x000000076af00000,0x0000000784f00000)
  from space 22016K, 35% used [0x0000000784f00000,0x00000007856b0000,0x0000000786480000)
  to   space 21504K, 0% used [0x0000000788d80000,0x0000000788d80000,0x000000078a280000)
 ParOldGen       total 180224K, used 42364K [0x00000006c0c00000, 0x00000006cbc00000, 0x000000076af00000)
  object space 180224K, 23% used [0x00000006c0c00000,0x00000006c355f2f0,0x00000006cbc00000)
 Metaspace       used 61219K, capacity 64012K, committed 64128K, reserved 1105920K
  class space    used 7886K, capacity 8477K, committed 8576K, reserved 1048576K
}
Event: 490.130 GC heap before
{Heap before GC invocations=31 (full 10):
 PSYoungGen      total 448000K, used 7872K [0x000000076af00000, 0x000000078a280000, 0x00000007c0000000)
  eden space 425984K, 0% used [0x000000076af00000,0x000000076af00000,0x0000000784f00000)
  from space 22016K, 35% used [0x0000000784f00000,0x00000007856b0000,0x0000000786480000)
  to   space 21504K, 0% used [0x0000000788d80000,0x0000000788d80000,0x000000078a280000)
 ParOldGen       total 180224K, used 42364K [0x00000006c0c00000, 0x00000006cbc00000, 0x000000076af00000)
  object space 180224K, 23% used [0x00000006c0c00000,0x00000006c355f2f0,0x00000006cbc00000)
 Metaspace       used 61219K, capacity 64012K, committed 64128K, reserved 1105920K
  class space    used 7886K, capacity 8477K, committed 8576K, reserved 1048576K
Event: 490.350 GC heap after
Heap after GC invocations=31 (full 10):
 PSYoungGen      total 448000K, used 0K [0x000000076af00000, 0x000000078a280000, 0x00000007c0000000)
  eden space 425984K, 0% used [0x000000076af00000,0x000000076af00000,0x0000000784f00000)
  from space 22016K, 0% used [0x0000000784f00000,0x0000000784f00000,0x0000000786480000)
  to   space 21504K, 0% used [0x0000000788d80000,0x0000000788d80000,0x000000078a280000)
 ParOldGen       total 180224K, used 43509K [0x00000006c0c00000, 0x00000006cbc00000, 0x000000076af00000)
  object space 180224K, 24% used [0x00000006c0c00000,0x00000006c367d4c8,0x00000006cbc00000)
 Metaspace       used 61213K, capacity 64000K, committed 64128K, reserved 1105920K
  class space    used 7885K, capacity 8474K, committed 8576K, reserved 1048576K
}

