# JRE version: Java(TM) SE Runtime Environment (8.0_131-b11) (build 1.8.0_131-b11)
# Java VM: Java HotSpot(TM) 64-Bit Server VM (25.131-b11 mixed mode windows-amd64 compressed oops)
Heap:
 PSYoungGen      total 473088K, used 4178K [0x000000076af00000, 0x0000000789280000, 0x00000007c0000000)
  eden space 452096K, 0% used [0x000000076af00000,0x000000076b314800,0x0000000786880000)
  from space 20992K, 0% used [0x0000000787e00000,0x0000000787e00000,0x0000000789280000)
  to   space 21504K, 0% used [0x0000000786880000,0x0000000786880000,0x0000000787d80000)
 ParOldGen       total 180224K, used 46502K [0x00000006c0c00000, 0x00000006cbc00000, 0x000000076af00000)
  object space 180224K, 25% used [0x00000006c0c00000,0x00000006c3969980,0x00000006cbc00000)
 Metaspace       used 64562K, capacity 67674K, committed 67840K, reserved 1107968K
  class space    used 8197K, capacity 8900K, committed 8960K, reserved 1048576K
GC Heap History (10 events):
Event: 476.259 GC heap before
{Heap before GC invocations=32 (full 12):
 PSYoungGen      total 474624K, used 7786K [0x000000076af00000, 0x0000000789580000, 0x00000007c0000000)
  eden space 452096K, 0% used [0x000000076af00000,0x000000076af00000,0x0000000786880000)
  from space 22528K, 34% used [0x0000000787f80000,0x000000078871a8e8,0x0000000789580000)
  to   space 23040K, 0% used [0x0000000786880000,0x0000000786880000,0x0000000787f00000)
 ParOldGen       total 180224K, used 44179K [0x00000006c0c00000, 0x00000006cbc00000, 0x000000076af00000)
  object space 180224K, 24% used [0x00000006c0c00000,0x00000006c3724e58,0x00000006cbc00000)
 Metaspace       used 62888K, capacity 65812K, committed 66048K, reserved 1105920K
  class space    used 8039K, capacity 8689K, committed 8704K, reserved 1048576K
Event: 476.396 GC heap after
Heap after GC invocations=32 (full 12):
 PSYoungGen      total 474624K, used 0K [0x000000076af00000, 0x0000000789580000, 0x00000007c0000000)
  eden space 452096K, 0% used [0x000000076af00000,0x000000076af00000,0x0000000786880000)
  from space 22528K, 0% used [0x0000000787f80000,0x0000000787f80000,0x0000000789580000)
  to   space 23040K, 0% used [0x0000000786880000,0x0000000786880000,0x0000000787f00000)
 ParOldGen       total 180224K, used 44944K [0x00000006c0c00000, 0x00000006cbc00000, 0x000000076af00000)
  object space 180224K, 24% used [0x00000006c0c00000,0x00000006c37e4020,0x00000006cbc00000)
 Metaspace       used 62882K, capacity 65800K, committed 66048K, reserved 1105920K
  class space    used 8038K, capacity 8686K, committed 8704K, reserved 1048576K
}
Event: 501.113 GC heap before
{Heap before GC invocations=33 (full 12):
 PSYoungGen      total 474624K, used 424927K [0x000000076af00000, 0x0000000789580000, 0x00000007c0000000)
  eden space 452096K, 93% used [0x000000076af00000,0x0000000784df7d80,0x0000000786880000)
  from space 22528K, 0% used [0x0000000787f80000,0x0000000787f80000,0x0000000789580000)
  to   space 23040K, 0% used [0x0000000786880000,0x0000000786880000,0x0000000787f00000)
 ParOldGen       total 180224K, used 44944K [0x00000006c0c00000, 0x00000006cbc00000, 0x000000076af00000)
  object space 180224K, 24% used [0x00000006c0c00000,0x00000006c37e4020,0x00000006cbc00000)
 Metaspace       used 63700K, capacity 66712K, committed 66944K, reserved 1107968K
  class space    used 8118K, capacity 8795K, committed 8832K, reserved 1048576K
Event: 501.121 GC heap after
Heap after GC invocations=33 (full 12):
 PSYoungGen      total 460288K, used 7742K [0x000000076af00000, 0x0000000789380000, 0x00000007c0000000)
  eden space 452096K, 0% used [0x000000076af00000,0x000000076af00000,0x0000000786880000)
  from space 8192K, 94% used [0x0000000786880000,0x000000078700f950,0x0000000787080000)
  to   space 22016K, 0% used [0x0000000787e00000,0x0000000787e00000,0x0000000789380000)
 ParOldGen       total 180224K, used 44952K [0x00000006c0c00000, 0x00000006cbc00000, 0x000000076af00000)
  object space 180224K, 24% used [0x00000006c0c00000,0x00000006c37e6020,0x00000006cbc00000)
 Metaspace       used 63700K, capacity 66712K, committed 66944K, reserved 1107968K
  class space    used 8118K, capacity 8795K, committed 8832K, reserved 1048576K
}
Event: 501.121 GC heap before
{Heap before GC invocations=34 (full 13):
 PSYoungGen      total 460288K, used 7742K [0x000000076af00000, 0x0000000789380000, 0x00000007c0000000)
  eden space 452096K, 0% used [0x000000076af00000,0x000000076af00000,0x0000000786880000)
  from space 8192K, 94% used [0x0000000786880000,0x000000078700f950,0x0000000787080000)
  to   space 22016K, 0% used [0x0000000787e00000,0x0000000787e00000,0x0000000789380000)
 ParOldGen       total 180224K, used 44952K [0x00000006c0c00000, 0x00000006cbc00000, 0x000000076af00000)
  object space 180224K, 24% used [0x00000006c0c00000,0x00000006c37e6020,0x00000006cbc00000)
 Metaspace       used 63700K, capacity 66712K, committed 66944K, reserved 1107968K
  class space    used 8118K, capacity 8795K, committed 8832K, reserved 1048576K
Event: 501.309 GC heap after
Heap after GC invocations=34 (full 13):
 PSYoungGen      total 460288K, used 0K [0x000000076af00000, 0x0000000789380000, 0x00000007c0000000)
  eden space 452096K, 0% used [0x000000076af00000,0x000000076af00000,0x0000000786880000)
  from space 8192K, 0% used [0x0000000786880000,0x0000000786880000,0x0000000787080000)
  to   space 22016K, 0% used [0x0000000787e00000,0x0000000787e00000,0x0000000789380000)
 ParOldGen       total 180224K, used 45750K [0x00000006c0c00000, 0x00000006cbc00000, 0x000000076af00000)
  object space 180224K, 25% used [0x00000006c0c00000,0x00000006c38ada98,0x00000006cbc00000)
 Metaspace       used 63694K, capacity 66700K, committed 66944K, reserved 1107968K
  class space    used 8117K, capacity 8792K, committed 8832K, reserved 1048576K
}
Event: 531.248 GC heap before
{Heap before GC invocations=35 (full 13):
 PSYoungGen      total 460288K, used 423106K [0x000000076af00000, 0x0000000789380000, 0x00000007c0000000)
  eden space 452096K, 93% used [0x000000076af00000,0x0000000784c30af8,0x0000000786880000)
  from space 8192K, 0% used [0x0000000786880000,0x0000000786880000,0x0000000787080000)
  to   space 22016K, 0% used [0x0000000787e00000,0x0000000787e00000,0x0000000789380000)
 ParOldGen       total 180224K, used 45750K [0x00000006c0c00000, 0x00000006cbc00000, 0x000000076af00000)
  object space 180224K, 25% used [0x00000006c0c00000,0x00000006c38ada98,0x00000006cbc00000)
 Metaspace       used 64562K, capacity 67676K, committed 67840K, reserved 1107968K
  class space    used 8198K, capacity 8901K, committed 8960K, reserved 1048576K
Event: 531.255 GC heap after
Heap after GC invocations=35 (full 13):
 PSYoungGen      total 473088K, used 7630K [0x000000076af00000, 0x0000000789280000, 0x00000007c0000000)
  eden space 452096K, 0% used [0x000000076af00000,0x000000076af00000,0x0000000786880000)
  from space 20992K, 36% used [0x0000000787e00000,0x0000000788573960,0x0000000789280000)
  to   space 21504K, 0% used [0x0000000786880000,0x0000000786880000,0x0000000787d80000)
 ParOldGen       total 180224K, used 45758K [0x00000006c0c00000, 0x00000006cbc00000, 0x000000076af00000)
  object space 180224K, 25% used [0x00000006c0c00000,0x00000006c38afa98,0x00000006cbc00000)
 Metaspace       used 64562K, capacity 67676K, committed 67840K, reserved 1107968K
  class space    used 8198K, capacity 8901K, committed 8960K, reserved 1048576K
}
Event: 531.255 GC heap before
{Heap before GC invocations=36 (full 14):
 PSYoungGen      total 473088K, used 7630K [0x000000076af00000, 0x0000000789280000, 0x00000007c0000000)
  eden space 452096K, 0% used [0x000000076af00000,0x000000076af00000,0x0000000786880000)
  from space 20992K, 36% used [0x0000000787e00000,0x0000000788573960,0x0000000789280000)
  to   space 21504K, 0% used [0x0000000786880000,0x0000000786880000,0x0000000787d80000)
 ParOldGen       total 180224K, used 45758K [0x00000006c0c00000, 0x00000006cbc00000, 0x000000076af00000)
  object space 180224K, 25% used [0x00000006c0c00000,0x00000006c38afa98,0x00000006cbc00000)
 Metaspace       used 64562K, capacity 67676K, committed 67840K, reserved 1107968K
  class space    used 8198K, capacity 8901K, committed 8960K, reserved 1048576K
Event: 531.438 GC heap after
Heap after GC invocations=36 (full 14):
 PSYoungGen      total 473088K, used 0K [0x000000076af00000, 0x0000000789280000, 0x00000007c0000000)
  eden space 452096K, 0% used [0x000000076af00000,0x000000076af00000,0x0000000786880000)
  from space 20992K, 0% used [0x0000000787e00000,0x0000000787e00000,0x0000000789280000)
  to   space 21504K, 0% used [0x0000000786880000,0x0000000786880000,0x0000000787d80000)
 ParOldGen       total 180224K, used 46502K [0x00000006c0c00000, 0x00000006cbc00000, 0x000000076af00000)
  object space 180224K, 25% used [0x00000006c0c00000,0x00000006c3969980,0x00000006cbc00000)
 Metaspace       used 64556K, capacity 67664K, committed 67840K, reserved 1107968K
  class space    used 8196K, capacity 8898K, committed 8960K, reserved 1048576K
}

