# JRE version: Java(TM) SE Runtime Environment (8.0_131-b11) (build 1.8.0_131-b11)
# Java VM: Java HotSpot(TM) 64-Bit Server VM (25.131-b11 mixed mode windows-amd64 compressed oops)
Heap:
 PSYoungGen      total 454656K, used 2103K [0x000000076af00000, 0x0000000789600000, 0x00000007c0000000)
  eden space 446464K, 0% used [0x000000076af00000,0x000000076b10ded0,0x0000000786300000)
  from space 8192K, 0% used [0x0000000786300000,0x0000000786300000,0x0000000786b00000)
  to   space 26112K, 0% used [0x0000000787c80000,0x0000000787c80000,0x0000000789600000)
 ParOldGen       total 183808K, used 40965K [0x00000006c0c00000, 0x00000006cbf80000, 0x000000076af00000)
  object space 183808K, 22% used [0x00000006c0c00000,0x00000006c3401418,0x00000006cbf80000)
 Metaspace       used 58052K, capacity 60084K, committed 60288K, reserved 1101824K
  class space    used 7537K, capacity 7964K, committed 8064K, reserved 1048576K
GC Heap History (10 events):
Event: 965.284 GC heap before
{Heap before GC invocations=18 (full 5):
 PSYoungGen      total 473600K, used 5156K [0x000000076af00000, 0x0000000789800000, 0x00000007c0000000)
  eden space 446464K, 0% used [0x000000076af00000,0x000000076af00000,0x0000000786300000)
  from space 27136K, 19% used [0x0000000786300000,0x00000007868090f8,0x0000000787d80000)
  to   space 27136K, 0% used [0x0000000787d80000,0x0000000787d80000,0x0000000789800000)
 ParOldGen       total 183808K, used 35914K [0x00000006c0c00000, 0x00000006cbf80000, 0x000000076af00000)
  object space 183808K, 19% used [0x00000006c0c00000,0x00000006c2f12870,0x00000006cbf80000)
 Metaspace       used 56155K, capacity 57782K, committed 57856K, reserved 1099776K
  class space    used 7338K, capacity 7680K, committed 7680K, reserved 1048576K
Event: 965.461 GC heap after
Heap after GC invocations=18 (full 5):
 PSYoungGen      total 473600K, used 0K [0x000000076af00000, 0x0000000789800000, 0x00000007c0000000)
  eden space 446464K, 0% used [0x000000076af00000,0x000000076af00000,0x0000000786300000)
  from space 27136K, 0% used [0x0000000786300000,0x0000000786300000,0x0000000787d80000)
  to   space 27136K, 0% used [0x0000000787d80000,0x0000000787d80000,0x0000000789800000)
 ParOldGen       total 183808K, used 36702K [0x00000006c0c00000, 0x00000006cbf80000, 0x000000076af00000)
  object space 183808K, 19% used [0x00000006c0c00000,0x00000006c2fd7ba0,0x00000006cbf80000)
 Metaspace       used 56149K, capacity 57770K, committed 57856K, reserved 1099776K
  class space    used 7337K, capacity 7677K, committed 7680K, reserved 1048576K
}
Event: 978.290 GC heap before
{Heap before GC invocations=19 (full 5):
 PSYoungGen      total 473600K, used 431365K [0x000000076af00000, 0x0000000789800000, 0x00000007c0000000)
  eden space 446464K, 96% used [0x000000076af00000,0x00000007854414a0,0x0000000786300000)
  from space 27136K, 0% used [0x0000000786300000,0x0000000786300000,0x0000000787d80000)
  to   space 27136K, 0% used [0x0000000787d80000,0x0000000787d80000,0x0000000789800000)
 ParOldGen       total 183808K, used 36702K [0x00000006c0c00000, 0x00000006cbf80000, 0x000000076af00000)
  object space 183808K, 19% used [0x00000006c0c00000,0x00000006c2fd7ba0,0x00000006cbf80000)
 Metaspace       used 57178K, capacity 59126K, committed 59392K, reserved 1101824K
  class space    used 7457K, capacity 7860K, committed 7936K, reserved 1048576K
Event: 978.297 GC heap after
Heap after GC invocations=19 (full 5):
 PSYoungGen      total 472576K, used 7960K [0x000000076af00000, 0x0000000789700000, 0x00000007c0000000)
  eden space 446464K, 0% used [0x000000076af00000,0x000000076af00000,0x0000000786300000)
  from space 26112K, 30% used [0x0000000787d80000,0x0000000788546370,0x0000000789700000)
  to   space 26624K, 0% used [0x0000000786300000,0x0000000786300000,0x0000000787d00000)
 ParOldGen       total 183808K, used 36710K [0x00000006c0c00000, 0x00000006cbf80000, 0x000000076af00000)
  object space 183808K, 19% used [0x00000006c0c00000,0x00000006c2fd9ba0,0x00000006cbf80000)
 Metaspace       used 57178K, capacity 59126K, committed 59392K, reserved 1101824K
  class space    used 7457K, capacity 7860K, committed 7936K, reserved 1048576K
}
Event: 978.297 GC heap before
{Heap before GC invocations=20 (full 6):
 PSYoungGen      total 472576K, used 7960K [0x000000076af00000, 0x0000000789700000, 0x00000007c0000000)
  eden space 446464K, 0% used [0x000000076af00000,0x000000076af00000,0x0000000786300000)
  from space 26112K, 30% used [0x0000000787d80000,0x0000000788546370,0x0000000789700000)
  to   space 26624K, 0% used [0x0000000786300000,0x0000000786300000,0x0000000787d00000)
 ParOldGen       total 183808K, used 36710K [0x00000006c0c00000, 0x00000006cbf80000, 0x000000076af00000)
  object space 183808K, 19% used [0x00000006c0c00000,0x00000006c2fd9ba0,0x00000006cbf80000)
 Metaspace       used 57178K, capacity 59126K, committed 59392K, reserved 1101824K
  class space    used 7457K, capacity 7860K, committed 7936K, reserved 1048576K
Event: 978.482 GC heap after
Heap after GC invocations=20 (full 6):
 PSYoungGen      total 472576K, used 0K [0x000000076af00000, 0x0000000789700000, 0x00000007c0000000)
  eden space 446464K, 0% used [0x000000076af00000,0x000000076af00000,0x0000000786300000)
  from space 26112K, 0% used [0x0000000787d80000,0x0000000787d80000,0x0000000789700000)
  to   space 26624K, 0% used [0x0000000786300000,0x0000000786300000,0x0000000787d00000)
 ParOldGen       total 183808K, used 40237K [0x00000006c0c00000, 0x00000006cbf80000, 0x000000076af00000)
  object space 183808K, 21% used [0x00000006c0c00000,0x00000006c334b608,0x00000006cbf80000)
 Metaspace       used 57172K, capacity 59114K, committed 59392K, reserved 1101824K
  class space    used 7456K, capacity 7857K, committed 7936K, reserved 1048576K
}
Event: 1017.839 GC heap before
{Heap before GC invocations=21 (full 6):
 PSYoungGen      total 472576K, used 432046K [0x000000076af00000, 0x0000000789700000, 0x00000007c0000000)
  eden space 446464K, 96% used [0x000000076af00000,0x00000007854eb870,0x0000000786300000)
  from space 26112K, 0% used [0x0000000787d80000,0x0000000787d80000,0x0000000789700000)
  to   space 26624K, 0% used [0x0000000786300000,0x0000000786300000,0x0000000787d00000)
 ParOldGen       total 183808K, used 40237K [0x00000006c0c00000, 0x00000006cbf80000, 0x000000076af00000)
  object space 183808K, 21% used [0x00000006c0c00000,0x00000006c334b608,0x00000006cbf80000)
 Metaspace       used 58058K, capacity 60096K, committed 60288K, reserved 1101824K
  class space    used 7538K, capacity 7967K, committed 8064K, reserved 1048576K
Event: 1017.846 GC heap after
Heap after GC invocations=21 (full 6):
 PSYoungGen      total 454656K, used 7816K [0x000000076af00000, 0x0000000789600000, 0x00000007c0000000)
  eden space 446464K, 0% used [0x000000076af00000,0x000000076af00000,0x0000000786300000)
  from space 8192K, 95% used [0x0000000786300000,0x0000000786aa2360,0x0000000786b00000)
  to   space 26112K, 0% used [0x0000000787c80000,0x0000000787c80000,0x0000000789600000)
 ParOldGen       total 183808K, used 40245K [0x00000006c0c00000, 0x00000006cbf80000, 0x000000076af00000)
  object space 183808K, 21% used [0x00000006c0c00000,0x00000006c334d608,0x00000006cbf80000)
 Metaspace       used 58058K, capacity 60096K, committed 60288K, reserved 1101824K
  class space    used 7538K, capacity 7967K, committed 8064K, reserved 1048576K
}
Event: 1017.846 GC heap before
{Heap before GC invocations=22 (full 7):
 PSYoungGen      total 454656K, used 7816K [0x000000076af00000, 0x0000000789600000, 0x00000007c0000000)
  eden space 446464K, 0% used [0x000000076af00000,0x000000076af00000,0x0000000786300000)
  from space 8192K, 95% used [0x0000000786300000,0x0000000786aa2360,0x0000000786b00000)
  to   space 26112K, 0% used [0x0000000787c80000,0x0000000787c80000,0x0000000789600000)
 ParOldGen       total 183808K, used 40245K [0x00000006c0c00000, 0x00000006cbf80000, 0x000000076af00000)
  object space 183808K, 21% used [0x00000006c0c00000,0x00000006c334d608,0x00000006cbf80000)
 Metaspace       used 58058K, capacity 60096K, committed 60288K, reserved 1101824K
  class space    used 7538K, capacity 7967K, committed 8064K, reserved 1048576K
Event: 1018.012 GC heap after
Heap after GC invocations=22 (full 7):
 PSYoungGen      total 454656K, used 0K [0x000000076af00000, 0x0000000789600000, 0x00000007c0000000)
  eden space 446464K, 0% used [0x000000076af00000,0x000000076af00000,0x0000000786300000)
  from space 8192K, 0% used [0x0000000786300000,0x0000000786300000,0x0000000786b00000)
  to   space 26112K, 0% used [0x0000000787c80000,0x0000000787c80000,0x0000000789600000)
 ParOldGen       total 183808K, used 40965K [0x00000006c0c00000, 0x00000006cbf80000, 0x000000076af00000)
  object space 183808K, 22% used [0x00000006c0c00000,0x00000006c3401418,0x00000006cbf80000)
 Metaspace       used 58052K, capacity 60084K, committed 60288K, reserved 1101824K
  class space    used 7537K, capacity 7964K, committed 8064K, reserved 1048576K
}

