# JRE version: Java(TM) SE Runtime Environment (8.0_131-b11) (build 1.8.0_131-b11)
# Java VM: Java HotSpot(TM) 64-Bit Server VM (25.131-b11 mixed mode windows-amd64 compressed oops)
Heap:
 PSYoungGen      total 557568K, used 1521K [0x000000076af00000, 0x000000078e000000, 0x00000007c0000000)
  eden space 541696K, 0% used [0x000000076af00000,0x000000076b07c470,0x000000078c000000)
  from space 15872K, 0% used [0x000000078d080000,0x000000078d080000,0x000000078e000000)
  to   space 16384K, 0% used [0x000000078c000000,0x000000078c000000,0x000000078d000000)
 ParOldGen       total 177152K, used 58696K [0x00000006c0c00000, 0x00000006cb900000, 0x000000076af00000)
  object space 177152K, 33% used [0x00000006c0c00000,0x00000006c4552380,0x00000006cb900000)
 Metaspace       used 79002K, capacity 85160K, committed 85248K, reserved 1124352K
  class space    used 9918K, capacity 11256K, committed 11264K, reserved 1048576K
GC Heap History (10 events):
Event: 1057.711 GC heap before
{Heap before GC invocations=55 (full 23):
 PSYoungGen      total 558080K, used 11406K [0x000000076af00000, 0x000000078e200000, 0x00000007c0000000)
  eden space 541184K, 0% used [0x000000076af00000,0x000000076af00000,0x000000078bf80000)
  from space 16896K, 67% used [0x000000078d080000,0x000000078dba3970,0x000000078e100000)
  to   space 17408K, 0% used [0x000000078bf80000,0x000000078bf80000,0x000000078d080000)
 ParOldGen       total 177152K, used 56345K [0x00000006c0c00000, 0x00000006cb900000, 0x000000076af00000)
  object space 177152K, 31% used [0x00000006c0c00000,0x00000006c4306780,0x00000006cb900000)
 Metaspace       used 77344K, capacity 83308K, committed 83584K, reserved 1122304K
  class space    used 9763K, capacity 11047K, committed 11136K, reserved 1048576K
Event: 1057.865 GC heap after
Heap after GC invocations=55 (full 23):
 PSYoungGen      total 558080K, used 0K [0x000000076af00000, 0x000000078e200000, 0x00000007c0000000)
  eden space 541184K, 0% used [0x000000076af00000,0x000000076af00000,0x000000078bf80000)
  from space 16896K, 0% used [0x000000078d080000,0x000000078d080000,0x000000078e100000)
  to   space 17408K, 0% used [0x000000078bf80000,0x000000078bf80000,0x000000078d080000)
 ParOldGen       total 177152K, used 60714K [0x00000006c0c00000, 0x00000006cb900000, 0x000000076af00000)
  object space 177152K, 34% used [0x00000006c0c00000,0x00000006c474a900,0x00000006cb900000)
 Metaspace       used 77338K, capacity 83296K, committed 83584K, reserved 1122304K
  class space    used 9761K, capacity 11044K, committed 11136K, reserved 1048576K
}
Event: 1143.099 GC heap before
{Heap before GC invocations=56 (full 23):
 PSYoungGen      total 558080K, used 444699K [0x000000076af00000, 0x000000078e200000, 0x00000007c0000000)
  eden space 541184K, 82% used [0x000000076af00000,0x0000000786146da0,0x000000078bf80000)
  from space 16896K, 0% used [0x000000078d080000,0x000000078d080000,0x000000078e100000)
  to   space 17408K, 0% used [0x000000078bf80000,0x000000078bf80000,0x000000078d080000)
 ParOldGen       total 177152K, used 60714K [0x00000006c0c00000, 0x00000006cb900000, 0x000000076af00000)
  object space 177152K, 34% used [0x00000006c0c00000,0x00000006c474a900,0x00000006cb900000)
 Metaspace       used 78187K, capacity 84272K, committed 84480K, reserved 1122304K
  class space    used 9841K, capacity 11153K, committed 11264K, reserved 1048576K
Event: 1143.105 GC heap after
Heap after GC invocations=56 (full 23):
 PSYoungGen      total 558592K, used 7592K [0x000000076af00000, 0x000000078e100000, 0x00000007c0000000)
  eden space 541184K, 0% used [0x000000076af00000,0x000000076af00000,0x000000078bf80000)
  from space 17408K, 43% used [0x000000078bf80000,0x000000078c6ea3a0,0x000000078d080000)
  to   space 16896K, 0% used [0x000000078d080000,0x000000078d080000,0x000000078e100000)
 ParOldGen       total 177152K, used 60722K [0x00000006c0c00000, 0x00000006cb900000, 0x000000076af00000)
  object space 177152K, 34% used [0x00000006c0c00000,0x00000006c474c900,0x00000006cb900000)
 Metaspace       used 78187K, capacity 84272K, committed 84480K, reserved 1122304K
  class space    used 9841K, capacity 11153K, committed 11264K, reserved 1048576K
}
Event: 1143.105 GC heap before
{Heap before GC invocations=57 (full 24):
 PSYoungGen      total 558592K, used 7592K [0x000000076af00000, 0x000000078e100000, 0x00000007c0000000)
  eden space 541184K, 0% used [0x000000076af00000,0x000000076af00000,0x000000078bf80000)
  from space 17408K, 43% used [0x000000078bf80000,0x000000078c6ea3a0,0x000000078d080000)
  to   space 16896K, 0% used [0x000000078d080000,0x000000078d080000,0x000000078e100000)
 ParOldGen       total 177152K, used 60722K [0x00000006c0c00000, 0x00000006cb900000, 0x000000076af00000)
  object space 177152K, 34% used [0x00000006c0c00000,0x00000006c474c900,0x00000006cb900000)
 Metaspace       used 78187K, capacity 84272K, committed 84480K, reserved 1122304K
  class space    used 9841K, capacity 11153K, committed 11264K, reserved 1048576K
Event: 1143.272 GC heap after
Heap after GC invocations=57 (full 24):
 PSYoungGen      total 558592K, used 0K [0x000000076af00000, 0x000000078e100000, 0x00000007c0000000)
  eden space 541184K, 0% used [0x000000076af00000,0x000000076af00000,0x000000078bf80000)
  from space 17408K, 0% used [0x000000078bf80000,0x000000078bf80000,0x000000078d080000)
  to   space 16896K, 0% used [0x000000078d080000,0x000000078d080000,0x000000078e100000)
 ParOldGen       total 177152K, used 57877K [0x00000006c0c00000, 0x00000006cb900000, 0x000000076af00000)
  object space 177152K, 32% used [0x00000006c0c00000,0x00000006c4485638,0x00000006cb900000)
 Metaspace       used 78181K, capacity 84260K, committed 84480K, reserved 1122304K
  class space    used 9840K, capacity 11150K, committed 11264K, reserved 1048576K
}
Event: 1155.055 GC heap before
{Heap before GC invocations=58 (full 24):
 PSYoungGen      total 558592K, used 427099K [0x000000076af00000, 0x000000078e100000, 0x00000007c0000000)
  eden space 541184K, 78% used [0x000000076af00000,0x0000000785016c90,0x000000078bf80000)
  from space 17408K, 0% used [0x000000078bf80000,0x000000078bf80000,0x000000078d080000)
  to   space 16896K, 0% used [0x000000078d080000,0x000000078d080000,0x000000078e100000)
 ParOldGen       total 177152K, used 57877K [0x00000006c0c00000, 0x00000006cb900000, 0x000000076af00000)
  object space 177152K, 32% used [0x00000006c0c00000,0x00000006c4485638,0x00000006cb900000)
 Metaspace       used 79008K, capacity 85172K, committed 85248K, reserved 1124352K
  class space    used 9920K, capacity 11259K, committed 11264K, reserved 1048576K
Event: 1155.062 GC heap after
Heap after GC invocations=58 (full 24):
 PSYoungGen      total 557568K, used 7678K [0x000000076af00000, 0x000000078e000000, 0x00000007c0000000)
  eden space 541696K, 0% used [0x000000076af00000,0x000000076af00000,0x000000078c000000)
  from space 15872K, 48% used [0x000000078d080000,0x000000078d7ff970,0x000000078e000000)
  to   space 16384K, 0% used [0x000000078c000000,0x000000078c000000,0x000000078d000000)
 ParOldGen       total 177152K, used 57885K [0x00000006c0c00000, 0x00000006cb900000, 0x000000076af00000)
  object space 177152K, 32% used [0x00000006c0c00000,0x00000006c4487638,0x00000006cb900000)
 Metaspace       used 79008K, capacity 85172K, committed 85248K, reserved 1124352K
  class space    used 9920K, capacity 11259K, committed 11264K, reserved 1048576K
}
Event: 1155.062 GC heap before
{Heap before GC invocations=59 (full 25):
 PSYoungGen      total 557568K, used 7678K [0x000000076af00000, 0x000000078e000000, 0x00000007c0000000)
  eden space 541696K, 0% used [0x000000076af00000,0x000000076af00000,0x000000078c000000)
  from space 15872K, 48% used [0x000000078d080000,0x000000078d7ff970,0x000000078e000000)
  to   space 16384K, 0% used [0x000000078c000000,0x000000078c000000,0x000000078d000000)
 ParOldGen       total 177152K, used 57885K [0x00000006c0c00000, 0x00000006cb900000, 0x000000076af00000)
  object space 177152K, 32% used [0x00000006c0c00000,0x00000006c4487638,0x00000006cb900000)
 Metaspace       used 79008K, capacity 85172K, committed 85248K, reserved 1124352K
  class space    used 9920K, capacity 11259K, committed 11264K, reserved 1048576K
Event: 1155.225 GC heap after
Heap after GC invocations=59 (full 25):
 PSYoungGen      total 557568K, used 0K [0x000000076af00000, 0x000000078e000000, 0x00000007c0000000)
  eden space 541696K, 0% used [0x000000076af00000,0x000000076af00000,0x000000078c000000)
  from space 15872K, 0% used [0x000000078d080000,0x000000078d080000,0x000000078e000000)
  to   space 16384K, 0% used [0x000000078c000000,0x000000078c000000,0x000000078d000000)
 ParOldGen       total 177152K, used 58696K [0x00000006c0c00000, 0x00000006cb900000, 0x000000076af00000)
  object space 177152K, 33% used [0x00000006c0c00000,0x00000006c4552380,0x00000006cb900000)
 Metaspace       used 79002K, capacity 85160K, committed 85248K, reserved 1124352K
  class space    used 9918K, capacity 11256K, committed 11264K, reserved 1048576K
}

