# JRE version: Java(TM) SE Runtime Environment (8.0_131-b11) (build 1.8.0_131-b11)
# Java VM: Java HotSpot(TM) 64-Bit Server VM (25.131-b11 mixed mode windows-amd64 compressed oops)
Heap:
 PSYoungGen      total 515072K, used 1798K [0x000000076af00000, 0x000000078e400000, 0x00000007c0000000)
  eden space 492032K, 0% used [0x000000076af00000,0x000000076b0c1840,0x0000000788f80000)
  from space 23040K, 0% used [0x0000000788f80000,0x0000000788f80000,0x000000078a600000)
  to   space 22528K, 0% used [0x000000078ce00000,0x000000078ce00000,0x000000078e400000)
 ParOldGen       total 180736K, used 45814K [0x00000006c0c00000, 0x00000006cbc80000, 0x000000076af00000)
  object space 180736K, 25% used [0x00000006c0c00000,0x00000006c38bd8e0,0x00000006cbc80000)
 Metaspace       used 62812K, capacity 65654K, committed 65792K, reserved 1105920K
  class space    used 8034K, capacity 8683K, committed 8704K, reserved 1048576K
GC Heap History (10 events):
Event: 282.768 GC heap before
{Heap before GC invocations=26 (full 7):
 PSYoungGen      total 515072K, used 473913K [0x000000076af00000, 0x000000078be80000, 0x00000007c0000000)
  eden space 491008K, 96% used [0x000000076af00000,0x0000000787dce6e8,0x0000000788e80000)
  from space 24064K, 0% used [0x000000078a700000,0x000000078a700000,0x000000078be80000)
  to   space 24576K, 0% used [0x0000000788e80000,0x0000000788e80000,0x000000078a680000)
 ParOldGen       total 180736K, used 40626K [0x00000006c0c00000, 0x00000006cbc80000, 0x000000076af00000)
  object space 180736K, 22% used [0x00000006c0c00000,0x00000006c33aca68,0x00000006cbc80000)
 Metaspace       used 61131K, capacity 63794K, committed 64128K, reserved 1105920K
  class space    used 7873K, capacity 8462K, committed 8576K, reserved 1048576K
Event: 282.775 GC heap after
Heap after GC invocations=26 (full 7):
 PSYoungGen      total 499200K, used 7956K [0x000000076af00000, 0x000000078bd80000, 0x00000007c0000000)
  eden space 491008K, 0% used [0x000000076af00000,0x000000076af00000,0x0000000788e80000)
  from space 8192K, 97% used [0x0000000788e80000,0x00000007896452f8,0x0000000789680000)
  to   space 24064K, 0% used [0x000000078a600000,0x000000078a600000,0x000000078bd80000)
 ParOldGen       total 180736K, used 40634K [0x00000006c0c00000, 0x00000006cbc80000, 0x000000076af00000)
  object space 180736K, 22% used [0x00000006c0c00000,0x00000006c33aea68,0x00000006cbc80000)
 Metaspace       used 61131K, capacity 63794K, committed 64128K, reserved 1105920K
  class space    used 7873K, capacity 8462K, committed 8576K, reserved 1048576K
}
Event: 282.775 GC heap before
{Heap before GC invocations=27 (full 8):
 PSYoungGen      total 499200K, used 7956K [0x000000076af00000, 0x000000078bd80000, 0x00000007c0000000)
  eden space 491008K, 0% used [0x000000076af00000,0x000000076af00000,0x0000000788e80000)
  from space 8192K, 97% used [0x0000000788e80000,0x00000007896452f8,0x0000000789680000)
  to   space 24064K, 0% used [0x000000078a600000,0x000000078a600000,0x000000078bd80000)
 ParOldGen       total 180736K, used 40634K [0x00000006c0c00000, 0x00000006cbc80000, 0x000000076af00000)
  object space 180736K, 22% used [0x00000006c0c00000,0x00000006c33aea68,0x00000006cbc80000)
 Metaspace       used 61131K, capacity 63794K, committed 64128K, reserved 1105920K
  class space    used 7873K, capacity 8462K, committed 8576K, reserved 1048576K
Event: 282.981 GC heap after
Heap after GC invocations=27 (full 8):
 PSYoungGen      total 499200K, used 0K [0x000000076af00000, 0x000000078bd80000, 0x00000007c0000000)
  eden space 491008K, 0% used [0x000000076af00000,0x000000076af00000,0x0000000788e80000)
  from space 8192K, 0% used [0x0000000788e80000,0x0000000788e80000,0x0000000789680000)
  to   space 24064K, 0% used [0x000000078a600000,0x000000078a600000,0x000000078bd80000)
 ParOldGen       total 180736K, used 43515K [0x00000006c0c00000, 0x00000006cbc80000, 0x000000076af00000)
  object space 180736K, 24% used [0x00000006c0c00000,0x00000006c367ef88,0x00000006cbc80000)
 Metaspace       used 61125K, capacity 63782K, committed 64128K, reserved 1105920K
  class space    used 7872K, capacity 8459K, committed 8576K, reserved 1048576K
}
Event: 307.237 GC heap before
{Heap before GC invocations=28 (full 8):
 PSYoungGen      total 499200K, used 491008K [0x000000076af00000, 0x000000078bd80000, 0x00000007c0000000)
  eden space 491008K, 100% used [0x000000076af00000,0x0000000788e80000,0x0000000788e80000)
  from space 8192K, 0% used [0x0000000788e80000,0x0000000788e80000,0x0000000789680000)
  to   space 24064K, 0% used [0x000000078a600000,0x000000078a600000,0x000000078bd80000)
 ParOldGen       total 180736K, used 43515K [0x00000006c0c00000, 0x00000006cbc80000, 0x000000076af00000)
  object space 180736K, 24% used [0x00000006c0c00000,0x00000006c367ef88,0x00000006cbc80000)
 Metaspace       used 62058K, capacity 64826K, committed 65024K, reserved 1105920K
  class space    used 7975K, capacity 8610K, committed 8704K, reserved 1048576K
Event: 307.246 GC heap after
Heap after GC invocations=28 (full 8):
 PSYoungGen      total 516096K, used 10099K [0x000000076af00000, 0x000000078e500000, 0x00000007c0000000)
  eden space 492032K, 0% used [0x000000076af00000,0x000000076af00000,0x0000000788f80000)
  from space 24064K, 41% used [0x000000078a600000,0x000000078afdcfa0,0x000000078bd80000)
  to   space 23040K, 0% used [0x0000000788f80000,0x0000000788f80000,0x000000078a600000)
 ParOldGen       total 180736K, used 43523K [0x00000006c0c00000, 0x00000006cbc80000, 0x000000076af00000)
  object space 180736K, 24% used [0x00000006c0c00000,0x00000006c3680f88,0x00000006cbc80000)
 Metaspace       used 62058K, capacity 64826K, committed 65024K, reserved 1105920K
  class space    used 7975K, capacity 8610K, committed 8704K, reserved 1048576K
}
Event: 401.132 GC heap before
{Heap before GC invocations=29 (full 8):
 PSYoungGen      total 516096K, used 350315K [0x000000076af00000, 0x000000078e500000, 0x00000007c0000000)
  eden space 492032K, 69% used [0x000000076af00000,0x000000077fb3dd98,0x0000000788f80000)
  from space 24064K, 41% used [0x000000078a600000,0x000000078afdcfa0,0x000000078bd80000)
  to   space 23040K, 0% used [0x0000000788f80000,0x0000000788f80000,0x000000078a600000)
 ParOldGen       total 180736K, used 43523K [0x00000006c0c00000, 0x00000006cbc80000, 0x000000076af00000)
  object space 180736K, 24% used [0x00000006c0c00000,0x00000006c3680f88,0x00000006cbc80000)
 Metaspace       used 62826K, capacity 65684K, committed 65792K, reserved 1105920K
  class space    used 8036K, capacity 8690K, committed 8704K, reserved 1048576K
Event: 401.138 GC heap after
Heap after GC invocations=29 (full 8):
 PSYoungGen      total 515072K, used 9380K [0x000000076af00000, 0x000000078e400000, 0x00000007c0000000)
  eden space 492032K, 0% used [0x000000076af00000,0x000000076af00000,0x0000000788f80000)
  from space 23040K, 40% used [0x0000000788f80000,0x00000007898a90f8,0x000000078a600000)
  to   space 22528K, 0% used [0x000000078ce00000,0x000000078ce00000,0x000000078e400000)
 ParOldGen       total 180736K, used 43531K [0x00000006c0c00000, 0x00000006cbc80000, 0x000000076af00000)
  object space 180736K, 24% used [0x00000006c0c00000,0x00000006c3682f88,0x00000006cbc80000)
 Metaspace       used 62826K, capacity 65684K, committed 65792K, reserved 1105920K
  class space    used 8036K, capacity 8690K, committed 8704K, reserved 1048576K
}
Event: 401.138 GC heap before
{Heap before GC invocations=30 (full 9):
 PSYoungGen      total 515072K, used 9380K [0x000000076af00000, 0x000000078e400000, 0x00000007c0000000)
  eden space 492032K, 0% used [0x000000076af00000,0x000000076af00000,0x0000000788f80000)
  from space 23040K, 40% used [0x0000000788f80000,0x00000007898a90f8,0x000000078a600000)
  to   space 22528K, 0% used [0x000000078ce00000,0x000000078ce00000,0x000000078e400000)
 ParOldGen       total 180736K, used 43531K [0x00000006c0c00000, 0x00000006cbc80000, 0x000000076af00000)
  object space 180736K, 24% used [0x00000006c0c00000,0x00000006c3682f88,0x00000006cbc80000)
 Metaspace       used 62826K, capacity 65684K, committed 65792K, reserved 1105920K
  class space    used 8036K, capacity 8690K, committed 8704K, reserved 1048576K
Event: 401.352 GC heap after
Heap after GC invocations=30 (full 9):
 PSYoungGen      total 515072K, used 0K [0x000000076af00000, 0x000000078e400000, 0x00000007c0000000)
  eden space 492032K, 0% used [0x000000076af00000,0x000000076af00000,0x0000000788f80000)
  from space 23040K, 0% used [0x0000000788f80000,0x0000000788f80000,0x000000078a600000)
  to   space 22528K, 0% used [0x000000078ce00000,0x000000078ce00000,0x000000078e400000)
 ParOldGen       total 180736K, used 45814K [0x00000006c0c00000, 0x00000006cbc80000, 0x000000076af00000)
  object space 180736K, 25% used [0x00000006c0c00000,0x00000006c38bd8e0,0x00000006cbc80000)
 Metaspace       used 62812K, capacity 65654K, committed 65792K, reserved 1105920K
  class space    used 8034K, capacity 8683K, committed 8704K, reserved 1048576K
}

