# JRE version: Java(TM) SE Runtime Environment (8.0_65-b17) (build 1.8.0_65-b17)
# Java VM: Java HotSpot(TM) 64-Bit Server VM (25.65-b01 mixed mode windows-amd64 compressed oops)
Heap:
 PSYoungGen      total 641536K, used 2822K [0x00000000d5e00000, 0x00000000fee00000, 0x0000000100000000)
  eden space 633856K, 0% used [0x00000000d5e00000,0x00000000d60c1828,0x00000000fc900000)
  from space 7680K, 0% used [0x00000000fc900000,0x00000000fc900000,0x00000000fd080000)
  to   space 18944K, 0% used [0x00000000fdb80000,0x00000000fdb80000,0x00000000fee00000)
 ParOldGen       total 96256K, used 46167K [0x0000000081a00000, 0x0000000087800000, 0x00000000d5e00000)
  object space 96256K, 47% used [0x0000000081a00000,0x0000000084715cb8,0x0000000087800000)
 Metaspace       used 62343K, capacity 64582K, committed 64728K, reserved 1105920K
  class space    used 8117K, capacity 8653K, committed 8704K, reserved 1048576K
GC Heap History (10 events):
Event: 983.575 GC heap before
{Heap before GC invocations=28 (full 7):
 PSYoungGen      total 543744K, used 524288K [0x00000000d5e00000, 0x00000000f8600000, 0x0000000100000000)
  eden space 524288K, 100% used [0x00000000d5e00000,0x00000000f5e00000,0x00000000f5e00000)
  from space 19456K, 0% used [0x00000000f7300000,0x00000000f7300000,0x00000000f8600000)
  to   space 20480K, 0% used [0x00000000f5e00000,0x00000000f5e00000,0x00000000f7200000)
 ParOldGen       total 96256K, used 44715K [0x0000000081a00000, 0x0000000087800000, 0x00000000d5e00000)
  object space 96256K, 46% used [0x0000000081a00000,0x00000000845aafc0,0x0000000087800000)
 Metaspace       used 61608K, capacity 63732K, committed 63832K, reserved 1103872K
  class space    used 8039K, capacity 8519K, committed 8576K, reserved 1048576K
Event: 983.618 GC heap after
Heap after GC invocations=28 (full 7):
 PSYoungGen      total 544768K, used 7562K [0x00000000d5e00000, 0x00000000ff000000, 0x0000000100000000)
  eden space 524288K, 0% used [0x00000000d5e00000,0x00000000d5e00000,0x00000000f5e00000)
  from space 20480K, 36% used [0x00000000f5e00000,0x00000000f6562830,0x00000000f7200000)
  to   space 19968K, 0% used [0x00000000fdc80000,0x00000000fdc80000,0x00000000ff000000)
 ParOldGen       total 96256K, used 44723K [0x0000000081a00000, 0x0000000087800000, 0x00000000d5e00000)
  object space 96256K, 46% used [0x0000000081a00000,0x00000000845acfc0,0x0000000087800000)
 Metaspace       used 61608K, capacity 63732K, committed 63832K, reserved 1103872K
  class space    used 8039K, capacity 8519K, committed 8576K, reserved 1048576K
}
Event: 983.653 GC heap before
{Heap before GC invocations=29 (full 7):
 PSYoungGen      total 544768K, used 12282K [0x00000000d5e00000, 0x00000000ff000000, 0x0000000100000000)
  eden space 524288K, 0% used [0x00000000d5e00000,0x00000000d629c130,0x00000000f5e00000)
  from space 20480K, 36% used [0x00000000f5e00000,0x00000000f6562830,0x00000000f7200000)
  to   space 19968K, 0% used [0x00000000fdc80000,0x00000000fdc80000,0x00000000ff000000)
 ParOldGen       total 96256K, used 44723K [0x0000000081a00000, 0x0000000087800000, 0x00000000d5e00000)
  object space 96256K, 46% used [0x0000000081a00000,0x00000000845acfc0,0x0000000087800000)
 Metaspace       used 61608K, capacity 63732K, committed 63832K, reserved 1103872K
  class space    used 8039K, capacity 8519K, committed 8576K, reserved 1048576K
Event: 983.807 GC heap after
Heap after GC invocations=29 (full 7):
 PSYoungGen      total 652800K, used 4277K [0x00000000d5e00000, 0x00000000fef00000, 0x0000000100000000)
  eden space 633856K, 0% used [0x00000000d5e00000,0x00000000d5e00000,0x00000000fc900000)
  from space 18944K, 22% used [0x00000000fdc80000,0x00000000fe0ad4f8,0x00000000fef00000)
  to   space 19456K, 0% used [0x00000000fc900000,0x00000000fc900000,0x00000000fdc00000)
 ParOldGen       total 96256K, used 44731K [0x0000000081a00000, 0x0000000087800000, 0x00000000d5e00000)
  object space 96256K, 46% used [0x0000000081a00000,0x00000000845aefc0,0x0000000087800000)
 Metaspace       used 61608K, capacity 63732K, committed 63832K, reserved 1103872K
  class space    used 8039K, capacity 8519K, committed 8576K, reserved 1048576K
}
Event: 983.807 GC heap before
{Heap before GC invocations=30 (full 8):
 PSYoungGen      total 652800K, used 4277K [0x00000000d5e00000, 0x00000000fef00000, 0x0000000100000000)
  eden space 633856K, 0% used [0x00000000d5e00000,0x00000000d5e00000,0x00000000fc900000)
  from space 18944K, 22% used [0x00000000fdc80000,0x00000000fe0ad4f8,0x00000000fef00000)
  to   space 19456K, 0% used [0x00000000fc900000,0x00000000fc900000,0x00000000fdc00000)
 ParOldGen       total 96256K, used 44731K [0x0000000081a00000, 0x0000000087800000, 0x00000000d5e00000)
  object space 96256K, 46% used [0x0000000081a00000,0x00000000845aefc0,0x0000000087800000)
 Metaspace       used 61608K, capacity 63732K, committed 63832K, reserved 1103872K
  class space    used 8039K, capacity 8519K, committed 8576K, reserved 1048576K
Event: 985.853 GC heap after
Heap after GC invocations=30 (full 8):
 PSYoungGen      total 652800K, used 0K [0x00000000d5e00000, 0x00000000fef00000, 0x0000000100000000)
  eden space 633856K, 0% used [0x00000000d5e00000,0x00000000d5e00000,0x00000000fc900000)
  from space 18944K, 0% used [0x00000000fdc80000,0x00000000fdc80000,0x00000000fef00000)
  to   space 19456K, 0% used [0x00000000fc900000,0x00000000fc900000,0x00000000fdc00000)
 ParOldGen       total 96256K, used 42374K [0x0000000081a00000, 0x0000000087800000, 0x00000000d5e00000)
  object space 96256K, 44% used [0x0000000081a00000,0x00000000843618e8,0x0000000087800000)
 Metaspace       used 61602K, capacity 63720K, committed 63832K, reserved 1103872K
  class space    used 8038K, capacity 8516K, committed 8576K, reserved 1048576K
}
Event: 1524.418 GC heap before
{Heap before GC invocations=31 (full 8):
 PSYoungGen      total 652800K, used 623862K [0x00000000d5e00000, 0x00000000fef00000, 0x0000000100000000)
  eden space 633856K, 98% used [0x00000000d5e00000,0x00000000fbf3d9f0,0x00000000fc900000)
  from space 18944K, 0% used [0x00000000fdc80000,0x00000000fdc80000,0x00000000fef00000)
  to   space 19456K, 0% used [0x00000000fc900000,0x00000000fc900000,0x00000000fdc00000)
 ParOldGen       total 96256K, used 42374K [0x0000000081a00000, 0x0000000087800000, 0x00000000d5e00000)
  object space 96256K, 44% used [0x0000000081a00000,0x00000000843618e8,0x0000000087800000)
 Metaspace       used 62350K, capacity 64594K, committed 64728K, reserved 1105920K
  class space    used 8118K, capacity 8656K, committed 8704K, reserved 1048576K
Event: 1524.456 GC heap after
Heap after GC invocations=31 (full 8):
 PSYoungGen      total 641536K, used 7487K [0x00000000d5e00000, 0x00000000fee00000, 0x0000000100000000)
  eden space 633856K, 0% used [0x00000000d5e00000,0x00000000d5e00000,0x00000000fc900000)
  from space 7680K, 97% used [0x00000000fc900000,0x00000000fd04fde0,0x00000000fd080000)
  to   space 18944K, 0% used [0x00000000fdb80000,0x00000000fdb80000,0x00000000fee00000)
 ParOldGen       total 96256K, used 42382K [0x0000000081a00000, 0x0000000087800000, 0x00000000d5e00000)
  object space 96256K, 44% used [0x0000000081a00000,0x00000000843638e8,0x0000000087800000)
 Metaspace       used 62350K, capacity 64594K, committed 64728K, reserved 1105920K
  class space    used 8118K, capacity 8656K, committed 8704K, reserved 1048576K
}
Event: 1524.456 GC heap before
{Heap before GC invocations=32 (full 9):
 PSYoungGen      total 641536K, used 7487K [0x00000000d5e00000, 0x00000000fee00000, 0x0000000100000000)
  eden space 633856K, 0% used [0x00000000d5e00000,0x00000000d5e00000,0x00000000fc900000)
  from space 7680K, 97% used [0x00000000fc900000,0x00000000fd04fde0,0x00000000fd080000)
  to   space 18944K, 0% used [0x00000000fdb80000,0x00000000fdb80000,0x00000000fee00000)
 ParOldGen       total 96256K, used 42382K [0x0000000081a00000, 0x0000000087800000, 0x00000000d5e00000)
  object space 96256K, 44% used [0x0000000081a00000,0x00000000843638e8,0x0000000087800000)
 Metaspace       used 62350K, capacity 64594K, committed 64728K, reserved 1105920K
  class space    used 8118K, capacity 8656K, committed 8704K, reserved 1048576K
Event: 1525.031 GC heap after
Heap after GC invocations=32 (full 9):
 PSYoungGen      total 641536K, used 0K [0x00000000d5e00000, 0x00000000fee00000, 0x0000000100000000)
  eden space 633856K, 0% used [0x00000000d5e00000,0x00000000d5e00000,0x00000000fc900000)
  from space 7680K, 0% used [0x00000000fc900000,0x00000000fc900000,0x00000000fd080000)
  to   space 18944K, 0% used [0x00000000fdb80000,0x00000000fdb80000,0x00000000fee00000)
 ParOldGen       total 96256K, used 46167K [0x0000000081a00000, 0x0000000087800000, 0x00000000d5e00000)
  object space 96256K, 47% used [0x0000000081a00000,0x0000000084715cb8,0x0000000087800000)
 Metaspace       used 62343K, capacity 64582K, committed 64728K, reserved 1105920K
  class space    used 8117K, capacity 8653K, committed 8704K, reserved 1048576K
}

