# JRE version: Java(TM) SE Runtime Environment (8.0_131-b11) (build 1.8.0_131-b11)
# Java VM: Java HotSpot(TM) 64-Bit Server VM (25.131-b11 mixed mode windows-amd64 compressed oops)
Heap:
 PSYoungGen      total 455680K, used 1693K [0x000000076af00000, 0x0000000788900000, 0x00000007c0000000)
  eden space 427008K, 0% used [0x000000076af00000,0x000000076b0a7758,0x0000000785000000)
  from space 28672K, 0% used [0x0000000786d00000,0x0000000786d00000,0x0000000788900000)
  to   space 29184K, 0% used [0x0000000785000000,0x0000000785000000,0x0000000786c80000)
 ParOldGen       total 237568K, used 40340K [0x00000006c0c00000, 0x00000006cf400000, 0x000000076af00000)
  object space 237568K, 16% used [0x00000006c0c00000,0x00000006c3365200,0x00000006cf400000)
 Metaspace       used 59524K, capacity 61510K, committed 61568K, reserved 1101824K
  class space    used 7890K, capacity 8313K, committed 8320K, reserved 1048576K
GC Heap History (10 events):
Event: 372.996 GC heap before
{Heap before GC invocations=15 (full 3):
 PSYoungGen      total 324608K, used 135818K [0x000000076af00000, 0x0000000784180000, 0x00000007c0000000)
  eden space 294912K, 46% used [0x000000076af00000,0x00000007733a2b80,0x000000077cf00000)
  from space 29696K, 0% used [0x000000077cf00000,0x000000077cf00000,0x000000077ec00000)
  to   space 30208K, 0% used [0x0000000782400000,0x0000000782400000,0x0000000784180000)
 ParOldGen       total 237568K, used 45211K [0x00000006c0c00000, 0x00000006cf400000, 0x000000076af00000)
  object space 237568K, 19% used [0x00000006c0c00000,0x00000006c3826ee0,0x00000006cf400000)
 Metaspace       used 58191K, capacity 59790K, committed 60032K, reserved 1101824K
  class space    used 7718K, capacity 8064K, committed 8064K, reserved 1048576K
Event: 373.000 GC heap after
Heap after GC invocations=15 (full 3):
 PSYoungGen      total 381440K, used 1216K [0x000000076af00000, 0x0000000785080000, 0x00000007c0000000)
  eden space 351232K, 0% used [0x000000076af00000,0x000000076af00000,0x0000000780600000)
  from space 30208K, 4% used [0x0000000782400000,0x0000000782530000,0x0000000784180000)
  to   space 30720K, 0% used [0x0000000780600000,0x0000000780600000,0x0000000782400000)
 ParOldGen       total 237568K, used 45219K [0x00000006c0c00000, 0x00000006cf400000, 0x000000076af00000)
  object space 237568K, 19% used [0x00000006c0c00000,0x00000006c3828ee0,0x00000006cf400000)
 Metaspace       used 58191K, capacity 59790K, committed 60032K, reserved 1101824K
  class space    used 7718K, capacity 8064K, committed 8064K, reserved 1048576K
}
Event: 373.000 GC heap before
{Heap before GC invocations=16 (full 4):
 PSYoungGen      total 381440K, used 1216K [0x000000076af00000, 0x0000000785080000, 0x00000007c0000000)
  eden space 351232K, 0% used [0x000000076af00000,0x000000076af00000,0x0000000780600000)
  from space 30208K, 4% used [0x0000000782400000,0x0000000782530000,0x0000000784180000)
  to   space 30720K, 0% used [0x0000000780600000,0x0000000780600000,0x0000000782400000)
 ParOldGen       total 237568K, used 45219K [0x00000006c0c00000, 0x00000006cf400000, 0x000000076af00000)
  object space 237568K, 19% used [0x00000006c0c00000,0x00000006c3828ee0,0x00000006cf400000)
 Metaspace       used 58191K, capacity 59790K, committed 60032K, reserved 1101824K
  class space    used 7718K, capacity 8064K, committed 8064K, reserved 1048576K
Event: 373.326 GC heap after
Heap after GC invocations=16 (full 4):
 PSYoungGen      total 381440K, used 0K [0x000000076af00000, 0x0000000785080000, 0x00000007c0000000)
  eden space 351232K, 0% used [0x000000076af00000,0x000000076af00000,0x0000000780600000)
  from space 30208K, 0% used [0x0000000782400000,0x0000000782400000,0x0000000784180000)
  to   space 30720K, 0% used [0x0000000780600000,0x0000000780600000,0x0000000782400000)
 ParOldGen       total 237568K, used 42434K [0x00000006c0c00000, 0x00000006cf400000, 0x000000076af00000)
  object space 237568K, 17% used [0x00000006c0c00000,0x00000006c35709d0,0x00000006cf400000)
 Metaspace       used 58191K, capacity 59790K, committed 60032K, reserved 1101824K
  class space    used 7718K, capacity 8064K, committed 8064K, reserved 1048576K
}
Event: 380.963 GC heap before
{Heap before GC invocations=17 (full 4):
 PSYoungGen      total 381440K, used 351232K [0x000000076af00000, 0x0000000785080000, 0x00000007c0000000)
  eden space 351232K, 100% used [0x000000076af00000,0x0000000780600000,0x0000000780600000)
  from space 30208K, 0% used [0x0000000782400000,0x0000000782400000,0x0000000784180000)
  to   space 30720K, 0% used [0x0000000780600000,0x0000000780600000,0x0000000782400000)
 ParOldGen       total 237568K, used 42434K [0x00000006c0c00000, 0x00000006cf400000, 0x000000076af00000)
  object space 237568K, 17% used [0x00000006c0c00000,0x00000006c35709d0,0x00000006cf400000)
 Metaspace       used 58578K, capacity 60302K, committed 60416K, reserved 1101824K
  class space    used 7791K, capacity 8164K, committed 8192K, reserved 1048576K
Event: 380.986 GC heap after
Heap after GC invocations=17 (full 4):
 PSYoungGen      total 381952K, used 8201K [0x000000076af00000, 0x0000000788a00000, 0x00000007c0000000)
  eden space 351232K, 0% used [0x000000076af00000,0x000000076af00000,0x0000000780600000)
  from space 30720K, 26% used [0x0000000780600000,0x0000000780e02530,0x0000000782400000)
  to   space 29696K, 0% used [0x0000000786d00000,0x0000000786d00000,0x0000000788a00000)
 ParOldGen       total 237568K, used 42434K [0x00000006c0c00000, 0x00000006cf400000, 0x000000076af00000)
  object space 237568K, 17% used [0x00000006c0c00000,0x00000006c35709d0,0x00000006cf400000)
 Metaspace       used 58578K, capacity 60302K, committed 60416K, reserved 1101824K
  class space    used 7791K, capacity 8164K, committed 8192K, reserved 1048576K
}
Event: 387.261 GC heap before
{Heap before GC invocations=18 (full 4):
 PSYoungGen      total 381952K, used 269325K [0x000000076af00000, 0x0000000788a00000, 0x00000007c0000000)
  eden space 351232K, 74% used [0x000000076af00000,0x000000077ae01010,0x0000000780600000)
  from space 30720K, 26% used [0x0000000780600000,0x0000000780e02530,0x0000000782400000)
  to   space 29696K, 0% used [0x0000000786d00000,0x0000000786d00000,0x0000000788a00000)
 ParOldGen       total 237568K, used 42434K [0x00000006c0c00000, 0x00000006cf400000, 0x000000076af00000)
  object space 237568K, 17% used [0x00000006c0c00000,0x00000006c35709d0,0x00000006cf400000)
 Metaspace       used 59528K, capacity 61516K, committed 61568K, reserved 1101824K
  class space    used 7891K, capacity 8314K, committed 8320K, reserved 1048576K
Event: 387.269 GC heap after
Heap after GC invocations=18 (full 4):
 PSYoungGen      total 455680K, used 6425K [0x000000076af00000, 0x0000000788900000, 0x00000007c0000000)
  eden space 427008K, 0% used [0x000000076af00000,0x000000076af00000,0x0000000785000000)
  from space 28672K, 22% used [0x0000000786d00000,0x00000007873466c8,0x0000000788900000)
  to   space 29184K, 0% used [0x0000000785000000,0x0000000785000000,0x0000000786c80000)
 ParOldGen       total 237568K, used 42442K [0x00000006c0c00000, 0x00000006cf400000, 0x000000076af00000)
  object space 237568K, 17% used [0x00000006c0c00000,0x00000006c35729d0,0x00000006cf400000)
 Metaspace       used 59528K, capacity 61516K, committed 61568K, reserved 1101824K
  class space    used 7891K, capacity 8314K, committed 8320K, reserved 1048576K
}
Event: 387.269 GC heap before
{Heap before GC invocations=19 (full 5):
 PSYoungGen      total 455680K, used 6425K [0x000000076af00000, 0x0000000788900000, 0x00000007c0000000)
  eden space 427008K, 0% used [0x000000076af00000,0x000000076af00000,0x0000000785000000)
  from space 28672K, 22% used [0x0000000786d00000,0x00000007873466c8,0x0000000788900000)
  to   space 29184K, 0% used [0x0000000785000000,0x0000000785000000,0x0000000786c80000)
 ParOldGen       total 237568K, used 42442K [0x00000006c0c00000, 0x00000006cf400000, 0x000000076af00000)
  object space 237568K, 17% used [0x00000006c0c00000,0x00000006c35729d0,0x00000006cf400000)
 Metaspace       used 59528K, capacity 61516K, committed 61568K, reserved 1101824K
  class space    used 7891K, capacity 8314K, committed 8320K, reserved 1048576K
Event: 387.496 GC heap after
Heap after GC invocations=19 (full 5):
 PSYoungGen      total 455680K, used 0K [0x000000076af00000, 0x0000000788900000, 0x00000007c0000000)
  eden space 427008K, 0% used [0x000000076af00000,0x000000076af00000,0x0000000785000000)
  from space 28672K, 0% used [0x0000000786d00000,0x0000000786d00000,0x0000000788900000)
  to   space 29184K, 0% used [0x0000000785000000,0x0000000785000000,0x0000000786c80000)
 ParOldGen       total 237568K, used 40340K [0x00000006c0c00000, 0x00000006cf400000, 0x000000076af00000)
  object space 237568K, 16% used [0x00000006c0c00000,0x00000006c3365200,0x00000006cf400000)
 Metaspace       used 59524K, capacity 61510K, committed 61568K, reserved 1101824K
  class space    used 7890K, capacity 8313K, committed 8320K, reserved 1048576K
}

