# JRE version: Java(TM) SE Runtime Environment (8.0_131-b11) (build 1.8.0_131-b11)
# Java VM: Java HotSpot(TM) 64-Bit Server VM (25.131-b11 mixed mode windows-amd64 compressed oops)
Heap:
 PSYoungGen      total 410624K, used 2014K [0x000000076af00000, 0x000000078ad80000, 0x00000007c0000000)
  eden space 382464K, 0% used [0x000000076af00000,0x000000076b0f79b0,0x0000000782480000)
  from space 28160K, 0% used [0x0000000782480000,0x0000000782480000,0x0000000784000000)
  to   space 27648K, 0% used [0x0000000789280000,0x0000000789280000,0x000000078ad80000)
 ParOldGen       total 180736K, used 40990K [0x00000006c0c00000, 0x00000006cbc80000, 0x000000076af00000)
  object space 180736K, 22% used [0x00000006c0c00000,0x00000006c3407920,0x00000006cbc80000)
 Metaspace       used 56186K, capacity 57716K, committed 57856K, reserved 1099776K
  class space    used 7338K, capacity 7668K, committed 7680K, reserved 1048576K
GC Heap History (10 events):
Event: 83.716 GC heap before
{Heap before GC invocations=11 (full 2):
 PSYoungGen      total 404992K, used 82384K [0x000000076af00000, 0x0000000785980000, 0x00000007c0000000)
  eden space 382464K, 16% used [0x000000076af00000,0x000000076eb584c0,0x0000000782480000)
  from space 22528K, 91% used [0x0000000784380000,0x000000078579bf08,0x0000000785980000)
  to   space 27136K, 0% used [0x0000000782480000,0x0000000782480000,0x0000000783f00000)
 ParOldGen       total 180736K, used 30020K [0x00000006c0c00000, 0x00000006cbc80000, 0x000000076af00000)
  object space 180736K, 16% used [0x00000006c0c00000,0x00000006c29513f8,0x00000006cbc80000)
 Metaspace       used 54024K, capacity 54996K, committed 55296K, reserved 1097728K
  class space    used 7083K, capacity 7308K, committed 7424K, reserved 1048576K
Event: 83.728 GC heap after
Heap after GC invocations=11 (full 2):
 PSYoungGen      total 409600K, used 20183K [0x000000076af00000, 0x0000000785b80000, 0x00000007c0000000)
  eden space 382464K, 0% used [0x000000076af00000,0x000000076af00000,0x0000000782480000)
  from space 27136K, 74% used [0x0000000782480000,0x0000000783835e48,0x0000000783f00000)
  to   space 28160K, 0% used [0x0000000784000000,0x0000000784000000,0x0000000785b80000)
 ParOldGen       total 180736K, used 30028K [0x00000006c0c00000, 0x00000006cbc80000, 0x000000076af00000)
  object space 180736K, 16% used [0x00000006c0c00000,0x00000006c29533f8,0x00000006cbc80000)
 Metaspace       used 54024K, capacity 54996K, committed 55296K, reserved 1097728K
  class space    used 7083K, capacity 7308K, committed 7424K, reserved 1048576K
}
Event: 83.728 GC heap before
{Heap before GC invocations=12 (full 3):
 PSYoungGen      total 409600K, used 20183K [0x000000076af00000, 0x0000000785b80000, 0x00000007c0000000)
  eden space 382464K, 0% used [0x000000076af00000,0x000000076af00000,0x0000000782480000)
  from space 27136K, 74% used [0x0000000782480000,0x0000000783835e48,0x0000000783f00000)
  to   space 28160K, 0% used [0x0000000784000000,0x0000000784000000,0x0000000785b80000)
 ParOldGen       total 180736K, used 30028K [0x00000006c0c00000, 0x00000006cbc80000, 0x000000076af00000)
  object space 180736K, 16% used [0x00000006c0c00000,0x00000006c29533f8,0x00000006cbc80000)
 Metaspace       used 54024K, capacity 54996K, committed 55296K, reserved 1097728K
  class space    used 7083K, capacity 7308K, committed 7424K, reserved 1048576K
Event: 83.853 GC heap after
Heap after GC invocations=12 (full 3):
 PSYoungGen      total 409600K, used 0K [0x000000076af00000, 0x0000000785b80000, 0x00000007c0000000)
  eden space 382464K, 0% used [0x000000076af00000,0x000000076af00000,0x0000000782480000)
  from space 27136K, 0% used [0x0000000782480000,0x0000000782480000,0x0000000783f00000)
  to   space 28160K, 0% used [0x0000000784000000,0x0000000784000000,0x0000000785b80000)
 ParOldGen       total 180736K, used 38739K [0x00000006c0c00000, 0x00000006cbc80000, 0x000000076af00000)
  object space 180736K, 21% used [0x00000006c0c00000,0x00000006c31d4ed8,0x00000006cbc80000)
 Metaspace       used 54020K, capacity 54990K, committed 55296K, reserved 1097728K
  class space    used 7083K, capacity 7307K, committed 7424K, reserved 1048576K
}
Event: 88.916 GC heap before
{Heap before GC invocations=13 (full 3):
 PSYoungGen      total 409600K, used 382464K [0x000000076af00000, 0x0000000785b80000, 0x00000007c0000000)
  eden space 382464K, 100% used [0x000000076af00000,0x0000000782480000,0x0000000782480000)
  from space 27136K, 0% used [0x0000000782480000,0x0000000782480000,0x0000000783f00000)
  to   space 28160K, 0% used [0x0000000784000000,0x0000000784000000,0x0000000785b80000)
 ParOldGen       total 180736K, used 38739K [0x00000006c0c00000, 0x00000006cbc80000, 0x000000076af00000)
  object space 180736K, 21% used [0x00000006c0c00000,0x00000006c31d4ed8,0x00000006cbc80000)
 Metaspace       used 55214K, capacity 56516K, committed 56704K, reserved 1097728K
  class space    used 7229K, capacity 7508K, committed 7552K, reserved 1048576K
Event: 88.923 GC heap after
Heap after GC invocations=13 (full 3):
 PSYoungGen      total 410624K, used 7754K [0x000000076af00000, 0x000000078ae80000, 0x00000007c0000000)
  eden space 382464K, 0% used [0x000000076af00000,0x000000076af00000,0x0000000782480000)
  from space 28160K, 27% used [0x0000000784000000,0x0000000784792950,0x0000000785b80000)
  to   space 28160K, 0% used [0x0000000782480000,0x0000000782480000,0x0000000784000000)
 ParOldGen       total 180736K, used 38747K [0x00000006c0c00000, 0x00000006cbc80000, 0x000000076af00000)
  object space 180736K, 21% used [0x00000006c0c00000,0x00000006c31d6ed8,0x00000006cbc80000)
 Metaspace       used 55214K, capacity 56516K, committed 56704K, reserved 1097728K
  class space    used 7229K, capacity 7508K, committed 7552K, reserved 1048576K
}
Event: 124.644 GC heap before
{Heap before GC invocations=14 (full 3):
 PSYoungGen      total 410624K, used 375140K [0x000000076af00000, 0x000000078ae80000, 0x00000007c0000000)
  eden space 382464K, 96% used [0x000000076af00000,0x00000007815c6788,0x0000000782480000)
  from space 28160K, 27% used [0x0000000784000000,0x0000000784792950,0x0000000785b80000)
  to   space 28160K, 0% used [0x0000000782480000,0x0000000782480000,0x0000000784000000)
 ParOldGen       total 180736K, used 38747K [0x00000006c0c00000, 0x00000006cbc80000, 0x000000076af00000)
  object space 180736K, 21% used [0x00000006c0c00000,0x00000006c31d6ed8,0x00000006cbc80000)
 Metaspace       used 56198K, capacity 57740K, committed 57856K, reserved 1099776K
  class space    used 7340K, capacity 7674K, committed 7680K, reserved 1048576K
Event: 124.652 GC heap after
Heap after GC invocations=14 (full 3):
 PSYoungGen      total 410624K, used 10669K [0x000000076af00000, 0x000000078ad80000, 0x00000007c0000000)
  eden space 382464K, 0% used [0x000000076af00000,0x000000076af00000,0x0000000782480000)
  from space 28160K, 37% used [0x0000000782480000,0x0000000782eeb788,0x0000000784000000)
  to   space 27648K, 0% used [0x0000000789280000,0x0000000789280000,0x000000078ad80000)
 ParOldGen       total 180736K, used 38755K [0x00000006c0c00000, 0x00000006cbc80000, 0x000000076af00000)
  object space 180736K, 21% used [0x00000006c0c00000,0x00000006c31d8ed8,0x00000006cbc80000)
 Metaspace       used 56198K, capacity 57740K, committed 57856K, reserved 1099776K
  class space    used 7340K, capacity 7674K, committed 7680K, reserved 1048576K
}
Event: 124.652 GC heap before
{Heap before GC invocations=15 (full 4):
 PSYoungGen      total 410624K, used 10669K [0x000000076af00000, 0x000000078ad80000, 0x00000007c0000000)
  eden space 382464K, 0% used [0x000000076af00000,0x000000076af00000,0x0000000782480000)
  from space 28160K, 37% used [0x0000000782480000,0x0000000782eeb788,0x0000000784000000)
  to   space 27648K, 0% used [0x0000000789280000,0x0000000789280000,0x000000078ad80000)
 ParOldGen       total 180736K, used 38755K [0x00000006c0c00000, 0x00000006cbc80000, 0x000000076af00000)
  object space 180736K, 21% used [0x00000006c0c00000,0x00000006c31d8ed8,0x00000006cbc80000)
 Metaspace       used 56198K, capacity 57740K, committed 57856K, reserved 1099776K
  class space    used 7340K, capacity 7674K, committed 7680K, reserved 1048576K
Event: 124.821 GC heap after
Heap after GC invocations=15 (full 4):
 PSYoungGen      total 410624K, used 0K [0x000000076af00000, 0x000000078ad80000, 0x00000007c0000000)
  eden space 382464K, 0% used [0x000000076af00000,0x000000076af00000,0x0000000782480000)
  from space 28160K, 0% used [0x0000000782480000,0x0000000782480000,0x0000000784000000)
  to   space 27648K, 0% used [0x0000000789280000,0x0000000789280000,0x000000078ad80000)
 ParOldGen       total 180736K, used 40990K [0x00000006c0c00000, 0x00000006cbc80000, 0x000000076af00000)
  object space 180736K, 22% used [0x00000006c0c00000,0x00000006c3407920,0x00000006cbc80000)
 Metaspace       used 56185K, capacity 57716K, committed 57856K, reserved 1099776K
  class space    used 7338K, capacity 7668K, committed 7680K, reserved 1048576K
}

